2019-06-27 12:18:12,311 INFO org.springframework.boot.StartupInfoLogger [main] Starting LoginWebAppApplicationTests on nikos-Lenovo-V310-15IKB with PID 8239 (started by nikos in /home/nikos/NetBeansProjects/esmo.gr.idp)
2019-06-27 12:18:12,314 INFO org.springframework.boot.SpringApplication [main] The following profiles are active: test
2019-06-27 12:18:15,059 INFO org.springframework.beans.factory.annotation.AutowiredAnnotationBeanPostProcessor [main] Autowired annotation is not supported on static fields: private static final org.slf4j.Logger gr.uagean.loginWebApp.controllers.GRControllers.LOG
2019-06-27 12:18:15,082 INFO com.google.code.ssm.config.DefaultAddressProvider [main] Defined values 172.17.0.1:11211 will be used as memcached addresses
2019-06-27 12:18:15,158 INFO org.springframework.beans.factory.annotation.AutowiredAnnotationBeanPostProcessor [main] Autowired annotation is not supported on static fields: private static final org.slf4j.Logger gr.uagean.loginWebApp.controllers.NOControllers.LOG
2019-06-27 12:18:15,171 INFO org.springframework.beans.factory.annotation.AutowiredAnnotationBeanPostProcessor [main] Autowired annotation is not supported on static fields: private static final org.slf4j.Logger gr.uagean.loginWebApp.controllers.NOControllersProd.LOG
2019-06-27 12:18:15,182 INFO org.springframework.beans.factory.annotation.AutowiredAnnotationBeanPostProcessor [main] Autowired annotation is not supported on static fields: private static final org.slf4j.Logger gr.uagean.loginWebApp.controllers.RestControllers.Log
2019-06-27 12:18:16,002 INFO org.springframework.scheduling.concurrent.ExecutorConfigurationSupport [main] Initializing ExecutorService 'applicationTaskExecutor'
2019-06-27 12:18:16,522 INFO org.springframework.boot.StartupInfoLogger [main] Started LoginWebAppApplicationTests in 4.677 seconds (JVM running for 5.924)
2019-06-27 12:18:16,589 INFO org.springframework.test.context.support.AbstractTestContextBootstrapper [main] Neither @ContextConfiguration nor @ContextHierarchy found for test class [gr.uaegean.loginWebApp.integration.TestSessisonManagerConnection], using SpringBootContextLoader
2019-06-27 12:18:16,592 INFO org.springframework.test.context.support.AbstractContextLoader [main] Could not detect default resource locations for test class [gr.uaegean.loginWebApp.integration.TestSessisonManagerConnection]: no resource found for suffixes {-context.xml, Context.groovy}.
2019-06-27 12:18:16,626 INFO org.springframework.test.context.support.AbstractTestContextBootstrapper [main] Loaded default TestExecutionListener class names from location [META-INF/spring.factories]: [org.springframework.boot.test.mock.mockito.MockitoTestExecutionListener, org.springframework.boot.test.mock.mockito.ResetMocksTestExecutionListener, org.springframework.boot.test.autoconfigure.restdocs.RestDocsTestExecutionListener, org.springframework.boot.test.autoconfigure.web.client.MockRestServiceServerResetTestExecutionListener, org.springframework.boot.test.autoconfigure.web.servlet.MockMvcPrintOnlyOnFailureTestExecutionListener, org.springframework.boot.test.autoconfigure.web.servlet.WebDriverTestExecutionListener, org.springframework.test.context.web.ServletTestExecutionListener, org.springframework.test.context.support.DirtiesContextBeforeModesTestExecutionListener, org.springframework.test.context.support.DependencyInjectionTestExecutionListener, org.springframework.test.context.support.DirtiesContextTestExecutionListener, org.springframework.test.context.transaction.TransactionalTestExecutionListener, org.springframework.test.context.jdbc.SqlScriptsTestExecutionListener]
2019-06-27 12:18:16,629 INFO org.springframework.test.context.support.AbstractTestContextBootstrapper [main] Using TestExecutionListeners: [org.springframework.test.context.web.ServletTestExecutionListener@1d408060, org.springframework.test.context.support.DirtiesContextBeforeModesTestExecutionListener@68a78f3c, org.springframework.boot.test.mock.mockito.MockitoTestExecutionListener@17ba57f0, org.springframework.boot.test.autoconfigure.SpringBootDependencyInjectionTestExecutionListener@3481ff98, org.springframework.test.context.support.DirtiesContextTestExecutionListener@2ddb3ae8, org.springframework.boot.test.mock.mockito.ResetMocksTestExecutionListener@79518e00, org.springframework.boot.test.autoconfigure.restdocs.RestDocsTestExecutionListener@3c91530d, org.springframework.boot.test.autoconfigure.web.client.MockRestServiceServerResetTestExecutionListener@7d70638, org.springframework.boot.test.autoconfigure.web.servlet.MockMvcPrintOnlyOnFailureTestExecutionListener@732f6050, org.springframework.boot.test.autoconfigure.web.servlet.WebDriverTestExecutionListener@6fbc1bb]
2019-06-27 12:18:16,662 INFO org.springframework.boot.StartupInfoLogger [main] Starting TestSessisonManagerConnection on nikos-Lenovo-V310-15IKB with PID 8239 (started by nikos in /home/nikos/NetBeansProjects/esmo.gr.idp)
2019-06-27 12:18:16,663 INFO org.springframework.boot.SpringApplication [main] The following profiles are active: test
2019-06-27 12:18:17,373 INFO org.springframework.beans.factory.annotation.AutowiredAnnotationBeanPostProcessor [main] Autowired annotation is not supported on static fields: private static final org.slf4j.Logger gr.uagean.loginWebApp.controllers.GRControllers.LOG
2019-06-27 12:18:17,399 INFO com.google.code.ssm.config.DefaultAddressProvider [main] Defined values 172.17.0.1:11211 will be used as memcached addresses
2019-06-27 12:18:17,463 INFO org.springframework.beans.factory.annotation.AutowiredAnnotationBeanPostProcessor [main] Autowired annotation is not supported on static fields: private static final org.slf4j.Logger gr.uagean.loginWebApp.controllers.NOControllers.LOG
2019-06-27 12:18:17,478 INFO org.springframework.beans.factory.annotation.AutowiredAnnotationBeanPostProcessor [main] Autowired annotation is not supported on static fields: private static final org.slf4j.Logger gr.uagean.loginWebApp.controllers.NOControllersProd.LOG
2019-06-27 12:18:17,493 INFO org.springframework.beans.factory.annotation.AutowiredAnnotationBeanPostProcessor [main] Autowired annotation is not supported on static fields: private static final org.slf4j.Logger gr.uagean.loginWebApp.controllers.RestControllers.Log
2019-06-27 12:18:17,867 INFO org.springframework.scheduling.concurrent.ExecutorConfigurationSupport [main] Initializing ExecutorService 'applicationTaskExecutor'
2019-06-27 12:18:18,131 INFO org.springframework.mock.web.MockServletContext [main] Initializing Spring TestDispatcherServlet ''
2019-06-27 12:18:18,131 INFO org.springframework.web.servlet.FrameworkServlet [main] Initializing Servlet ''
2019-06-27 12:18:18,145 INFO org.springframework.web.servlet.FrameworkServlet [main] Completed initialization in 13 ms
2019-06-27 12:18:18,168 INFO org.springframework.boot.StartupInfoLogger [main] Started TestSessisonManagerConnection in 1.535 seconds (JVM running for 7.57)
2019-06-27 12:18:20,868 INFO gr.uagean.loginWebApp.utils.NoResponseParser [main] Response from Norway:: {
    "sub": "f9093e31-8592-4ebf-9925-7090579f79a0",
    "connect-userid_sec": [
        "eidas:SE/NO/199008199391"
    ],
    "dataporten-userid_sec": [
        "eidas:$Mohamed$Al Samed$1990-08-19$SE/NO/199008199391"
    ],
    "name": "Mohamed Al Samed",
    "picture": "https://api.dataporten-test.uninett.no/userinfo/v1/user/media/p:3cfe174c-b7b3-45e8-aea4-782a87aa492e"
}
2019-06-27 12:18:20,957 INFO org.springframework.scheduling.concurrent.ExecutorConfigurationSupport [Thread-7] Shutting down ExecutorService 'applicationTaskExecutor'
2019-06-27 12:18:20,961 INFO org.springframework.scheduling.concurrent.ExecutorConfigurationSupport [Thread-3] Shutting down ExecutorService 'applicationTaskExecutor'
