2019-04-18 09:29:17,294 INFO org.springframework.boot.StartupInfoLogger [main] Starting TestSessisonManagerConnection on nikos-Lenovo-V310-15IKB with PID 4753 (started by nikos in /home/nikos/NetBeansProjects/esmo.gr.idp)
2019-04-18 09:29:17,295 INFO org.springframework.boot.SpringApplication [main] The following profiles are active: test
2019-04-18 09:29:19,267 INFO org.springframework.beans.factory.annotation.AutowiredAnnotationBeanPostProcessor [main] Autowired annotation is not supported on static fields: private static final org.slf4j.Logger gr.uagean.loginWebApp.controllers.NOControllers.LOG
2019-04-18 09:29:19,290 INFO com.google.code.ssm.config.DefaultAddressProvider [main] Defined values 172.17.0.1:11211 will be used as memcached addresses
2019-04-18 09:29:19,361 INFO org.springframework.beans.factory.annotation.AutowiredAnnotationBeanPostProcessor [main] Autowired annotation is not supported on static fields: private static final org.slf4j.Logger gr.uagean.loginWebApp.controllers.RestControllers.LOG
2019-04-18 09:29:19,961 INFO org.springframework.scheduling.concurrent.ExecutorConfigurationSupport [main] Initializing ExecutorService 'applicationTaskExecutor'
2019-04-18 09:29:20,416 INFO org.springframework.mock.web.MockServletContext [main] Initializing Spring TestDispatcherServlet ''
2019-04-18 09:29:20,417 INFO org.springframework.web.servlet.FrameworkServlet [main] Initializing Servlet ''
2019-04-18 09:29:20,430 INFO org.springframework.web.servlet.FrameworkServlet [main] Completed initialization in 13 ms
2019-04-18 09:29:20,471 INFO org.springframework.boot.StartupInfoLogger [main] Started TestSessisonManagerConnection in 3.671 seconds (JVM running for 4.534)
2019-04-18 09:29:21,555 INFO org.springframework.scheduling.concurrent.ExecutorConfigurationSupport [Thread-4] Shutting down ExecutorService 'applicationTaskExecutor'
2019-04-18 09:30:02,502 INFO org.springframework.boot.StartupInfoLogger [main] Starting LoginWebAppApplication on nikos-Lenovo-V310-15IKB with PID 5379 (/home/nikos/NetBeansProjects/esmo.gr.idp/target/classes started by nikos in /home/nikos/NetBeansProjects/esmo.gr.idp)
2019-04-18 09:30:02,531 INFO org.springframework.boot.SpringApplication [main] No active profile set, falling back to default profiles: default
2019-04-18 09:30:07,180 INFO org.springframework.boot.web.embedded.tomcat.TomcatWebServer [main] Tomcat initialized with port(s): 8080 (http)
2019-04-18 09:30:07,258 INFO org.apache.juli.logging.DirectJDKLog [main] Initializing ProtocolHandler ["http-nio-8080"]
2019-04-18 09:30:07,292 INFO org.apache.juli.logging.DirectJDKLog [main] Starting service [Tomcat]
2019-04-18 09:30:07,293 INFO org.apache.juli.logging.DirectJDKLog [main] Starting Servlet Engine: Apache Tomcat/9.0.13
2019-04-18 09:30:07,348 INFO org.apache.juli.logging.DirectJDKLog [main] The APR based Apache Tomcat Native library which allows optimal performance in production environments was not found on the java.library.path: [/usr/lib/jvm/java-8-oracle/jre/lib/amd64:/usr/lib/jvm/java-8-oracle/jre/lib/i386::/usr/java/packages/lib/amd64:/usr/lib64:/lib64:/lib:/usr/lib]
2019-04-18 09:30:07,577 INFO org.apache.juli.logging.DirectJDKLog [main] Initializing Spring embedded WebApplicationContext
2019-04-18 09:30:07,578 INFO org.springframework.boot.web.servlet.context.ServletWebServerApplicationContext [main] Root WebApplicationContext: initialization completed in 4798 ms
2019-04-18 09:30:07,858 INFO org.springframework.beans.factory.annotation.AutowiredAnnotationBeanPostProcessor [main] Autowired annotation is not supported on static fields: private static final org.slf4j.Logger gr.uagean.loginWebApp.controllers.NOControllers.LOG
2019-04-18 09:30:07,877 INFO com.google.code.ssm.config.DefaultAddressProvider [main] Defined values 172.17.0.1:11211 will be used as memcached addresses
2019-04-18 09:30:08,088 INFO org.springframework.beans.factory.annotation.AutowiredAnnotationBeanPostProcessor [main] Autowired annotation is not supported on static fields: private static final org.slf4j.Logger gr.uagean.loginWebApp.controllers.RestControllers.LOG
2019-04-18 09:30:08,523 INFO org.springframework.scheduling.concurrent.ExecutorConfigurationSupport [main] Initializing ExecutorService 'applicationTaskExecutor'
2019-04-18 09:30:09,115 INFO org.apache.juli.logging.DirectJDKLog [main] Starting ProtocolHandler ["http-nio-8080"]
2019-04-18 09:30:09,119 INFO org.apache.juli.logging.DirectJDKLog [main] Using a shared selector for servlet write/read
2019-04-18 09:30:09,204 INFO org.springframework.boot.web.embedded.tomcat.TomcatWebServer [main] Tomcat started on port(s): 8080 (http) with context path ''
2019-04-18 09:30:09,224 INFO org.springframework.boot.StartupInfoLogger [main] Started LoginWebAppApplication in 8.567 seconds (JVM running for 10.043)
2019-04-18 09:30:16,072 INFO org.apache.juli.logging.DirectJDKLog [http-nio-8080-exec-1] Initializing Spring DispatcherServlet 'dispatcherServlet'
2019-04-18 09:30:16,072 INFO org.springframework.web.servlet.FrameworkServlet [http-nio-8080-exec-1] Initializing Servlet 'dispatcherServlet'
2019-04-18 09:30:16,090 INFO org.springframework.web.servlet.FrameworkServlet [http-nio-8080-exec-1] Completed initialization in 17 ms
2019-04-18 09:32:47,499 INFO org.springframework.boot.StartupInfoLogger [main] Starting LoginWebAppApplication on nikos-Lenovo-V310-15IKB with PID 6133 (/home/nikos/NetBeansProjects/esmo.gr.idp/target/classes started by nikos in /home/nikos/NetBeansProjects/esmo.gr.idp)
2019-04-18 09:32:47,510 INFO org.springframework.boot.SpringApplication [main] No active profile set, falling back to default profiles: default
2019-04-18 09:32:49,649 INFO org.springframework.boot.web.embedded.tomcat.TomcatWebServer [main] Tomcat initialized with port(s): 8080 (http)
2019-04-18 09:32:49,667 INFO org.apache.juli.logging.DirectJDKLog [main] Initializing ProtocolHandler ["http-nio-8080"]
2019-04-18 09:32:49,688 INFO org.apache.juli.logging.DirectJDKLog [main] Starting service [Tomcat]
2019-04-18 09:32:49,689 INFO org.apache.juli.logging.DirectJDKLog [main] Starting Servlet Engine: Apache Tomcat/9.0.13
2019-04-18 09:32:49,708 INFO org.apache.juli.logging.DirectJDKLog [main] The APR based Apache Tomcat Native library which allows optimal performance in production environments was not found on the java.library.path: [/usr/lib/jvm/java-8-oracle/jre/lib/amd64:/usr/lib/jvm/java-8-oracle/jre/lib/i386::/usr/java/packages/lib/amd64:/usr/lib64:/lib64:/lib:/usr/lib]
2019-04-18 09:32:49,813 INFO org.apache.juli.logging.DirectJDKLog [main] Initializing Spring embedded WebApplicationContext
2019-04-18 09:32:49,813 INFO org.springframework.boot.web.servlet.context.ServletWebServerApplicationContext [main] Root WebApplicationContext: initialization completed in 2221 ms
2019-04-18 09:32:50,005 INFO org.springframework.beans.factory.annotation.AutowiredAnnotationBeanPostProcessor [main] Autowired annotation is not supported on static fields: private static final org.slf4j.Logger gr.uagean.loginWebApp.controllers.NOControllers.LOG
2019-04-18 09:32:50,021 INFO com.google.code.ssm.config.DefaultAddressProvider [main] Defined values 172.17.0.1:11211 will be used as memcached addresses
2019-04-18 09:32:50,219 INFO org.springframework.beans.factory.annotation.AutowiredAnnotationBeanPostProcessor [main] Autowired annotation is not supported on static fields: private static final org.slf4j.Logger gr.uagean.loginWebApp.controllers.RestControllers.LOG
2019-04-18 09:32:50,477 INFO org.springframework.scheduling.concurrent.ExecutorConfigurationSupport [main] Initializing ExecutorService 'applicationTaskExecutor'
2019-04-18 09:32:50,805 INFO org.apache.juli.logging.DirectJDKLog [main] Starting ProtocolHandler ["http-nio-8080"]
2019-04-18 09:32:50,809 INFO org.apache.juli.logging.DirectJDKLog [main] Using a shared selector for servlet write/read
2019-04-18 09:32:50,869 INFO org.springframework.boot.web.embedded.tomcat.TomcatWebServer [main] Tomcat started on port(s): 8080 (http) with context path ''
2019-04-18 09:32:50,875 INFO org.springframework.boot.StartupInfoLogger [main] Started LoginWebAppApplication in 4.207 seconds (JVM running for 4.91)
2019-04-18 09:40:28,628 INFO org.springframework.boot.StartupInfoLogger [main] Starting LoginWebAppApplication on nikos-Lenovo-V310-15IKB with PID 7713 (/home/nikos/NetBeansProjects/esmo.gr.idp/target/classes started by nikos in /home/nikos/NetBeansProjects/esmo.gr.idp)
2019-04-18 09:40:28,639 INFO org.springframework.boot.SpringApplication [main] No active profile set, falling back to default profiles: default
2019-04-18 09:40:30,821 INFO org.springframework.boot.web.embedded.tomcat.TomcatWebServer [main] Tomcat initialized with port(s): 8080 (http)
2019-04-18 09:40:30,889 INFO org.apache.juli.logging.DirectJDKLog [main] Initializing ProtocolHandler ["http-nio-8080"]
2019-04-18 09:40:30,914 INFO org.apache.juli.logging.DirectJDKLog [main] Starting service [Tomcat]
2019-04-18 09:40:30,915 INFO org.apache.juli.logging.DirectJDKLog [main] Starting Servlet Engine: Apache Tomcat/9.0.13
2019-04-18 09:40:30,934 INFO org.apache.juli.logging.DirectJDKLog [main] The APR based Apache Tomcat Native library which allows optimal performance in production environments was not found on the java.library.path: [/usr/lib/jvm/java-8-oracle/jre/lib/amd64:/usr/lib/jvm/java-8-oracle/jre/lib/i386::/usr/java/packages/lib/amd64:/usr/lib64:/lib64:/lib:/usr/lib]
2019-04-18 09:40:31,224 INFO org.apache.juli.logging.DirectJDKLog [main] Initializing Spring embedded WebApplicationContext
2019-04-18 09:40:31,224 INFO org.springframework.boot.web.servlet.context.ServletWebServerApplicationContext [main] Root WebApplicationContext: initialization completed in 2450 ms
2019-04-18 09:40:31,494 INFO org.springframework.beans.factory.annotation.AutowiredAnnotationBeanPostProcessor [main] Autowired annotation is not supported on static fields: private static final org.slf4j.Logger gr.uagean.loginWebApp.controllers.NOControllers.LOG
2019-04-18 09:40:31,520 INFO com.google.code.ssm.config.DefaultAddressProvider [main] Defined values 172.17.0.1:11211 will be used as memcached addresses
2019-04-18 09:40:31,727 INFO org.springframework.beans.factory.annotation.AutowiredAnnotationBeanPostProcessor [main] Autowired annotation is not supported on static fields: private static final org.slf4j.Logger gr.uagean.loginWebApp.controllers.RestControllers.LOG
2019-04-18 09:40:32,048 INFO org.springframework.scheduling.concurrent.ExecutorConfigurationSupport [main] Initializing ExecutorService 'applicationTaskExecutor'
2019-04-18 09:40:32,611 INFO org.apache.juli.logging.DirectJDKLog [main] Starting ProtocolHandler ["http-nio-8080"]
2019-04-18 09:40:32,617 INFO org.apache.juli.logging.DirectJDKLog [main] Using a shared selector for servlet write/read
2019-04-18 09:40:32,716 INFO org.springframework.boot.web.embedded.tomcat.TomcatWebServer [main] Tomcat started on port(s): 8080 (http) with context path ''
2019-04-18 09:40:32,725 INFO org.springframework.boot.StartupInfoLogger [main] Started LoginWebAppApplication in 4.802 seconds (JVM running for 5.281)
2019-04-18 09:40:34,966 INFO org.apache.juli.logging.DirectJDKLog [http-nio-8080-exec-1] Initializing Spring DispatcherServlet 'dispatcherServlet'
2019-04-18 09:40:34,967 INFO org.springframework.web.servlet.FrameworkServlet [http-nio-8080-exec-1] Initializing Servlet 'dispatcherServlet'
2019-04-18 09:40:34,985 INFO org.springframework.web.servlet.FrameworkServlet [http-nio-8080-exec-1] Completed initialization in 14 ms
