2019-04-26 15:19:56,623 INFO org.springframework.boot.StartupInfoLogger [main] Starting LoginWebAppApplicationTests on nikos-Lenovo-V310-15IKB with PID 13070 (started by nikos in /home/nikos/NetBeansProjects/esmo.gr.idp)
2019-04-26 15:19:56,626 INFO org.springframework.boot.SpringApplication [main] The following profiles are active: test
2019-04-26 15:19:58,577 INFO org.springframework.beans.factory.annotation.AutowiredAnnotationBeanPostProcessor [main] Autowired annotation is not supported on static fields: private static final org.slf4j.Logger gr.uagean.loginWebApp.controllers.NOControllers.LOG
2019-04-26 15:19:58,603 INFO com.google.code.ssm.config.DefaultAddressProvider [main] Defined values 172.17.0.1:11211 will be used as memcached addresses
2019-04-26 15:19:58,681 INFO org.springframework.beans.factory.annotation.AutowiredAnnotationBeanPostProcessor [main] Autowired annotation is not supported on static fields: private static final org.slf4j.Logger gr.uagean.loginWebApp.controllers.RestControllers.LOG
2019-04-26 15:19:59,382 INFO org.springframework.scheduling.concurrent.ExecutorConfigurationSupport [main] Initializing ExecutorService 'applicationTaskExecutor'
2019-04-26 15:19:59,917 INFO org.springframework.boot.StartupInfoLogger [main] Started LoginWebAppApplicationTests in 3.807 seconds (JVM running for 4.807)
2019-04-26 15:19:59,978 INFO org.springframework.test.context.support.AbstractTestContextBootstrapper [main] Neither @ContextConfiguration nor @ContextHierarchy found for test class [gr.uaegean.loginWebApp.integration.TestSessisonManagerConnection], using SpringBootContextLoader
2019-04-26 15:19:59,979 INFO org.springframework.test.context.support.AbstractContextLoader [main] Could not detect default resource locations for test class [gr.uaegean.loginWebApp.integration.TestSessisonManagerConnection]: no resource found for suffixes {-context.xml, Context.groovy}.
2019-04-26 15:19:59,993 INFO org.springframework.test.context.support.AbstractTestContextBootstrapper [main] Loaded default TestExecutionListener class names from location [META-INF/spring.factories]: [org.springframework.boot.test.mock.mockito.MockitoTestExecutionListener, org.springframework.boot.test.mock.mockito.ResetMocksTestExecutionListener, org.springframework.boot.test.autoconfigure.restdocs.RestDocsTestExecutionListener, org.springframework.boot.test.autoconfigure.web.client.MockRestServiceServerResetTestExecutionListener, org.springframework.boot.test.autoconfigure.web.servlet.MockMvcPrintOnlyOnFailureTestExecutionListener, org.springframework.boot.test.autoconfigure.web.servlet.WebDriverTestExecutionListener, org.springframework.test.context.web.ServletTestExecutionListener, org.springframework.test.context.support.DirtiesContextBeforeModesTestExecutionListener, org.springframework.test.context.support.DependencyInjectionTestExecutionListener, org.springframework.test.context.support.DirtiesContextTestExecutionListener, org.springframework.test.context.transaction.TransactionalTestExecutionListener, org.springframework.test.context.jdbc.SqlScriptsTestExecutionListener]
2019-04-26 15:19:59,995 INFO org.springframework.test.context.support.AbstractTestContextBootstrapper [main] Using TestExecutionListeners: [org.springframework.test.context.web.ServletTestExecutionListener@2a4f5433, org.springframework.test.context.support.DirtiesContextBeforeModesTestExecutionListener@6812fa3a, org.springframework.boot.test.mock.mockito.MockitoTestExecutionListener@29149030, org.springframework.boot.test.autoconfigure.SpringBootDependencyInjectionTestExecutionListener@38b8b6c0, org.springframework.test.context.support.DirtiesContextTestExecutionListener@68868328, org.springframework.boot.test.mock.mockito.ResetMocksTestExecutionListener@173a6728, org.springframework.boot.test.autoconfigure.restdocs.RestDocsTestExecutionListener@1a22e0ef, org.springframework.boot.test.autoconfigure.web.client.MockRestServiceServerResetTestExecutionListener@67514bdd, org.springframework.boot.test.autoconfigure.web.servlet.MockMvcPrintOnlyOnFailureTestExecutionListener@3b920bdc, org.springframework.boot.test.autoconfigure.web.servlet.WebDriverTestExecutionListener@7f5538a1]
2019-04-26 15:20:00,038 INFO org.springframework.boot.StartupInfoLogger [main] Starting TestSessisonManagerConnection on nikos-Lenovo-V310-15IKB with PID 13070 (started by nikos in /home/nikos/NetBeansProjects/esmo.gr.idp)
2019-04-26 15:20:00,039 INFO org.springframework.boot.SpringApplication [main] The following profiles are active: test
2019-04-26 15:20:00,449 INFO org.springframework.beans.factory.annotation.AutowiredAnnotationBeanPostProcessor [main] Autowired annotation is not supported on static fields: private static final org.slf4j.Logger gr.uagean.loginWebApp.controllers.NOControllers.LOG
2019-04-26 15:20:00,455 INFO com.google.code.ssm.config.DefaultAddressProvider [main] Defined values 172.17.0.1:11211 will be used as memcached addresses
2019-04-26 15:20:00,473 INFO org.springframework.beans.factory.annotation.AutowiredAnnotationBeanPostProcessor [main] Autowired annotation is not supported on static fields: private static final org.slf4j.Logger gr.uagean.loginWebApp.controllers.RestControllers.LOG
2019-04-26 15:20:00,874 INFO org.springframework.scheduling.concurrent.ExecutorConfigurationSupport [main] Initializing ExecutorService 'applicationTaskExecutor'
2019-04-26 15:20:01,123 INFO org.springframework.mock.web.MockServletContext [main] Initializing Spring TestDispatcherServlet ''
2019-04-26 15:20:01,124 INFO org.springframework.web.servlet.FrameworkServlet [main] Initializing Servlet ''
2019-04-26 15:20:01,136 INFO org.springframework.web.servlet.FrameworkServlet [main] Completed initialization in 11 ms
2019-04-26 15:20:01,155 INFO org.springframework.boot.StartupInfoLogger [main] Started TestSessisonManagerConnection in 1.15 seconds (JVM running for 6.046)
2019-04-26 15:20:04,922 INFO org.springframework.scheduling.concurrent.ExecutorConfigurationSupport [Thread-3] Shutting down ExecutorService 'applicationTaskExecutor'
2019-04-26 15:20:04,933 INFO org.springframework.scheduling.concurrent.ExecutorConfigurationSupport [Thread-7] Shutting down ExecutorService 'applicationTaskExecutor'
2019-04-26 15:23:00,869 INFO org.springframework.boot.StartupInfoLogger [main] Starting LoginWebAppApplicationTests on nikos-Lenovo-V310-15IKB with PID 13371 (started by nikos in /home/nikos/NetBeansProjects/esmo.gr.idp)
2019-04-26 15:23:00,871 INFO org.springframework.boot.SpringApplication [main] The following profiles are active: test
2019-04-26 15:23:03,092 INFO org.springframework.beans.factory.annotation.AutowiredAnnotationBeanPostProcessor [main] Autowired annotation is not supported on static fields: private static final org.slf4j.Logger gr.uagean.loginWebApp.controllers.NOControllers.LOG
2019-04-26 15:23:03,115 INFO com.google.code.ssm.config.DefaultAddressProvider [main] Defined values 172.17.0.1:11211 will be used as memcached addresses
2019-04-26 15:23:03,185 INFO org.springframework.beans.factory.annotation.AutowiredAnnotationBeanPostProcessor [main] Autowired annotation is not supported on static fields: private static final org.slf4j.Logger gr.uagean.loginWebApp.controllers.RestControllers.LOG
2019-04-26 15:23:03,879 INFO org.springframework.scheduling.concurrent.ExecutorConfigurationSupport [main] Initializing ExecutorService 'applicationTaskExecutor'
2019-04-26 15:23:04,362 INFO org.springframework.boot.StartupInfoLogger [main] Started LoginWebAppApplicationTests in 3.958 seconds (JVM running for 5.441)
2019-04-26 15:23:04,418 INFO org.springframework.test.context.support.AbstractTestContextBootstrapper [main] Neither @ContextConfiguration nor @ContextHierarchy found for test class [gr.uaegean.loginWebApp.integration.TestSessisonManagerConnection], using SpringBootContextLoader
2019-04-26 15:23:04,429 INFO org.springframework.test.context.support.AbstractContextLoader [main] Could not detect default resource locations for test class [gr.uaegean.loginWebApp.integration.TestSessisonManagerConnection]: no resource found for suffixes {-context.xml, Context.groovy}.
2019-04-26 15:23:04,469 INFO org.springframework.test.context.support.AbstractTestContextBootstrapper [main] Loaded default TestExecutionListener class names from location [META-INF/spring.factories]: [org.springframework.boot.test.mock.mockito.MockitoTestExecutionListener, org.springframework.boot.test.mock.mockito.ResetMocksTestExecutionListener, org.springframework.boot.test.autoconfigure.restdocs.RestDocsTestExecutionListener, org.springframework.boot.test.autoconfigure.web.client.MockRestServiceServerResetTestExecutionListener, org.springframework.boot.test.autoconfigure.web.servlet.MockMvcPrintOnlyOnFailureTestExecutionListener, org.springframework.boot.test.autoconfigure.web.servlet.WebDriverTestExecutionListener, org.springframework.test.context.web.ServletTestExecutionListener, org.springframework.test.context.support.DirtiesContextBeforeModesTestExecutionListener, org.springframework.test.context.support.DependencyInjectionTestExecutionListener, org.springframework.test.context.support.DirtiesContextTestExecutionListener, org.springframework.test.context.transaction.TransactionalTestExecutionListener, org.springframework.test.context.jdbc.SqlScriptsTestExecutionListener]
2019-04-26 15:23:04,475 INFO org.springframework.test.context.support.AbstractTestContextBootstrapper [main] Using TestExecutionListeners: [org.springframework.test.context.web.ServletTestExecutionListener@524270b8, org.springframework.test.context.support.DirtiesContextBeforeModesTestExecutionListener@4acb7ecc, org.springframework.boot.test.mock.mockito.MockitoTestExecutionListener@2a4f5433, org.springframework.boot.test.autoconfigure.SpringBootDependencyInjectionTestExecutionListener@6812fa3a, org.springframework.test.context.support.DirtiesContextTestExecutionListener@29149030, org.springframework.boot.test.mock.mockito.ResetMocksTestExecutionListener@38b8b6c0, org.springframework.boot.test.autoconfigure.restdocs.RestDocsTestExecutionListener@68868328, org.springframework.boot.test.autoconfigure.web.client.MockRestServiceServerResetTestExecutionListener@173a6728, org.springframework.boot.test.autoconfigure.web.servlet.MockMvcPrintOnlyOnFailureTestExecutionListener@1a22e0ef, org.springframework.boot.test.autoconfigure.web.servlet.WebDriverTestExecutionListener@67514bdd]
2019-04-26 15:23:04,537 INFO org.springframework.boot.StartupInfoLogger [main] Starting TestSessisonManagerConnection on nikos-Lenovo-V310-15IKB with PID 13371 (started by nikos in /home/nikos/NetBeansProjects/esmo.gr.idp)
2019-04-26 15:23:04,537 INFO org.springframework.boot.SpringApplication [main] The following profiles are active: test
2019-04-26 15:23:04,891 INFO org.springframework.beans.factory.annotation.AutowiredAnnotationBeanPostProcessor [main] Autowired annotation is not supported on static fields: private static final org.slf4j.Logger gr.uagean.loginWebApp.controllers.NOControllers.LOG
2019-04-26 15:23:04,895 INFO com.google.code.ssm.config.DefaultAddressProvider [main] Defined values 172.17.0.1:11211 will be used as memcached addresses
2019-04-26 15:23:04,910 INFO org.springframework.beans.factory.annotation.AutowiredAnnotationBeanPostProcessor [main] Autowired annotation is not supported on static fields: private static final org.slf4j.Logger gr.uagean.loginWebApp.controllers.RestControllers.LOG
2019-04-26 15:23:05,305 INFO org.springframework.scheduling.concurrent.ExecutorConfigurationSupport [main] Initializing ExecutorService 'applicationTaskExecutor'
2019-04-26 15:23:05,537 INFO org.springframework.mock.web.MockServletContext [main] Initializing Spring TestDispatcherServlet ''
2019-04-26 15:23:05,538 INFO org.springframework.web.servlet.FrameworkServlet [main] Initializing Servlet ''
2019-04-26 15:23:05,549 INFO org.springframework.web.servlet.FrameworkServlet [main] Completed initialization in 11 ms
2019-04-26 15:23:05,569 INFO org.springframework.boot.StartupInfoLogger [main] Started TestSessisonManagerConnection in 1.088 seconds (JVM running for 6.649)
2019-04-26 15:23:09,004 INFO org.springframework.scheduling.concurrent.ExecutorConfigurationSupport [Thread-7] Shutting down ExecutorService 'applicationTaskExecutor'
2019-04-26 15:23:09,005 INFO org.springframework.scheduling.concurrent.ExecutorConfigurationSupport [Thread-3] Shutting down ExecutorService 'applicationTaskExecutor'
