2019-05-30 12:33:26,620 INFO org.springframework.boot.StartupInfoLogger [main] Starting LoginWebAppApplicationTests on nikos-Lenovo-V310-15IKB with PID 12169 (started by nikos in /home/nikos/NetBeansProjects/esmo.gr.idp)
2019-05-30 12:33:26,634 INFO org.springframework.boot.SpringApplication [main] The following profiles are active: test
2019-05-30 12:33:29,317 INFO org.springframework.beans.factory.annotation.AutowiredAnnotationBeanPostProcessor [main] Autowired annotation is not supported on static fields: private static final org.slf4j.Logger gr.uagean.loginWebApp.controllers.GRControllers.LOG
2019-05-30 12:33:29,336 INFO com.google.code.ssm.config.DefaultAddressProvider [main] Defined values 172.17.0.1:11211 will be used as memcached addresses
2019-05-30 12:33:29,470 INFO org.springframework.beans.factory.annotation.AutowiredAnnotationBeanPostProcessor [main] Autowired annotation is not supported on static fields: private static final org.slf4j.Logger gr.uagean.loginWebApp.controllers.NOControllers.LOG
2019-05-30 12:33:29,499 INFO org.springframework.beans.factory.annotation.AutowiredAnnotationBeanPostProcessor [main] Autowired annotation is not supported on static fields: private static final org.slf4j.Logger gr.uagean.loginWebApp.controllers.NOControllersProd.LOG
2019-05-30 12:33:29,516 INFO org.springframework.beans.factory.annotation.AutowiredAnnotationBeanPostProcessor [main] Autowired annotation is not supported on static fields: private static final org.slf4j.Logger gr.uagean.loginWebApp.controllers.RestControllers.Log
2019-05-30 12:33:30,521 INFO org.springframework.scheduling.concurrent.ExecutorConfigurationSupport [main] Initializing ExecutorService 'applicationTaskExecutor'
2019-05-30 12:33:30,911 INFO org.springframework.boot.StartupInfoLogger [main] Started LoginWebAppApplicationTests in 4.968 seconds (JVM running for 6.555)
2019-05-30 12:33:30,943 INFO org.springframework.test.context.support.AbstractTestContextBootstrapper [main] Neither @ContextConfiguration nor @ContextHierarchy found for test class [gr.uaegean.loginWebApp.integration.TestSessisonManagerConnection], using SpringBootContextLoader
2019-05-30 12:33:30,944 INFO org.springframework.test.context.support.AbstractContextLoader [main] Could not detect default resource locations for test class [gr.uaegean.loginWebApp.integration.TestSessisonManagerConnection]: no resource found for suffixes {-context.xml, Context.groovy}.
2019-05-30 12:33:30,959 INFO org.springframework.test.context.support.AbstractTestContextBootstrapper [main] Loaded default TestExecutionListener class names from location [META-INF/spring.factories]: [org.springframework.boot.test.mock.mockito.MockitoTestExecutionListener, org.springframework.boot.test.mock.mockito.ResetMocksTestExecutionListener, org.springframework.boot.test.autoconfigure.restdocs.RestDocsTestExecutionListener, org.springframework.boot.test.autoconfigure.web.client.MockRestServiceServerResetTestExecutionListener, org.springframework.boot.test.autoconfigure.web.servlet.MockMvcPrintOnlyOnFailureTestExecutionListener, org.springframework.boot.test.autoconfigure.web.servlet.WebDriverTestExecutionListener, org.springframework.test.context.web.ServletTestExecutionListener, org.springframework.test.context.support.DirtiesContextBeforeModesTestExecutionListener, org.springframework.test.context.support.DependencyInjectionTestExecutionListener, org.springframework.test.context.support.DirtiesContextTestExecutionListener, org.springframework.test.context.transaction.TransactionalTestExecutionListener, org.springframework.test.context.jdbc.SqlScriptsTestExecutionListener]
2019-05-30 12:33:30,960 INFO org.springframework.test.context.support.AbstractTestContextBootstrapper [main] Using TestExecutionListeners: [org.springframework.test.context.web.ServletTestExecutionListener@33425811, org.springframework.test.context.support.DirtiesContextBeforeModesTestExecutionListener@4b74b35, org.springframework.boot.test.mock.mockito.MockitoTestExecutionListener@e4e1ef5, org.springframework.boot.test.autoconfigure.SpringBootDependencyInjectionTestExecutionListener@6d11ceef, org.springframework.test.context.support.DirtiesContextTestExecutionListener@4cb2918c, org.springframework.boot.test.mock.mockito.ResetMocksTestExecutionListener@72e295cc, org.springframework.boot.test.autoconfigure.restdocs.RestDocsTestExecutionListener@c2584d3, org.springframework.boot.test.autoconfigure.web.client.MockRestServiceServerResetTestExecutionListener@6fa0450e, org.springframework.boot.test.autoconfigure.web.servlet.MockMvcPrintOnlyOnFailureTestExecutionListener@37468787, org.springframework.boot.test.autoconfigure.web.servlet.WebDriverTestExecutionListener@51ec2856]
2019-05-30 12:33:30,989 INFO org.springframework.boot.StartupInfoLogger [main] Starting TestSessisonManagerConnection on nikos-Lenovo-V310-15IKB with PID 12169 (started by nikos in /home/nikos/NetBeansProjects/esmo.gr.idp)
2019-05-30 12:33:30,989 INFO org.springframework.boot.SpringApplication [main] The following profiles are active: test
2019-05-30 12:33:31,545 INFO org.springframework.beans.factory.annotation.AutowiredAnnotationBeanPostProcessor [main] Autowired annotation is not supported on static fields: private static final org.slf4j.Logger gr.uagean.loginWebApp.controllers.GRControllers.LOG
2019-05-30 12:33:31,553 INFO com.google.code.ssm.config.DefaultAddressProvider [main] Defined values 172.17.0.1:11211 will be used as memcached addresses
2019-05-30 12:33:31,596 INFO org.springframework.beans.factory.annotation.AutowiredAnnotationBeanPostProcessor [main] Autowired annotation is not supported on static fields: private static final org.slf4j.Logger gr.uagean.loginWebApp.controllers.NOControllers.LOG
2019-05-30 12:33:31,614 INFO org.springframework.beans.factory.annotation.AutowiredAnnotationBeanPostProcessor [main] Autowired annotation is not supported on static fields: private static final org.slf4j.Logger gr.uagean.loginWebApp.controllers.NOControllersProd.LOG
2019-05-30 12:33:31,630 INFO org.springframework.beans.factory.annotation.AutowiredAnnotationBeanPostProcessor [main] Autowired annotation is not supported on static fields: private static final org.slf4j.Logger gr.uagean.loginWebApp.controllers.RestControllers.Log
2019-05-30 12:33:32,123 INFO org.springframework.scheduling.concurrent.ExecutorConfigurationSupport [main] Initializing ExecutorService 'applicationTaskExecutor'
2019-05-30 12:33:32,422 INFO org.springframework.mock.web.MockServletContext [main] Initializing Spring TestDispatcherServlet ''
2019-05-30 12:33:32,423 INFO org.springframework.web.servlet.FrameworkServlet [main] Initializing Servlet ''
2019-05-30 12:33:32,436 INFO org.springframework.web.servlet.FrameworkServlet [main] Completed initialization in 13 ms
2019-05-30 12:33:32,478 INFO org.springframework.boot.StartupInfoLogger [main] Started TestSessisonManagerConnection in 1.515 seconds (JVM running for 8.123)
2019-05-30 12:33:36,686 INFO org.springframework.scheduling.concurrent.ExecutorConfigurationSupport [Thread-3] Shutting down ExecutorService 'applicationTaskExecutor'
2019-05-30 12:33:36,695 INFO org.springframework.scheduling.concurrent.ExecutorConfigurationSupport [Thread-7] Shutting down ExecutorService 'applicationTaskExecutor'
2019-05-30 12:33:44,067 INFO org.springframework.boot.StartupInfoLogger [main] Starting LoginWebAppApplication on nikos-Lenovo-V310-15IKB with PID 12271 (/home/nikos/NetBeansProjects/esmo.gr.idp/target/classes started by nikos in /home/nikos/NetBeansProjects/esmo.gr.idp)
2019-05-30 12:33:44,080 INFO org.springframework.boot.SpringApplication [main] No active profile set, falling back to default profiles: default
2019-05-30 12:33:46,290 INFO org.springframework.boot.web.embedded.tomcat.TomcatWebServer [main] Tomcat initialized with port(s): 8443 (https) 8080 (http)
2019-05-30 12:33:46,331 INFO org.apache.juli.logging.DirectJDKLog [main] Initializing ProtocolHandler ["https-jsse-nio-8443"]
2019-05-30 12:33:46,344 INFO org.apache.juli.logging.DirectJDKLog [main] Initializing ProtocolHandler ["http-nio-8080"]
2019-05-30 12:33:46,355 INFO org.apache.juli.logging.DirectJDKLog [main] Using a shared selector for servlet write/read
2019-05-30 12:33:46,360 INFO org.apache.juli.logging.DirectJDKLog [main] Starting service [Tomcat]
2019-05-30 12:33:46,360 INFO org.apache.juli.logging.DirectJDKLog [main] Starting Servlet Engine: Apache Tomcat/9.0.13
2019-05-30 12:33:46,375 INFO org.apache.juli.logging.DirectJDKLog [main] The APR based Apache Tomcat Native library which allows optimal performance in production environments was not found on the java.library.path: [/usr/lib/jvm/java-8-oracle/jre/lib/amd64:/usr/lib/jvm/java-8-oracle/jre/lib/i386::/usr/java/packages/lib/amd64:/usr/lib64:/lib64:/lib:/usr/lib]
2019-05-30 12:33:46,544 INFO org.apache.juli.logging.DirectJDKLog [main] Initializing Spring embedded WebApplicationContext
2019-05-30 12:33:46,545 INFO org.springframework.boot.web.servlet.context.ServletWebServerApplicationContext [main] Root WebApplicationContext: initialization completed in 2352 ms
2019-05-30 12:33:46,874 INFO org.springframework.beans.factory.annotation.AutowiredAnnotationBeanPostProcessor [main] Autowired annotation is not supported on static fields: private static final org.slf4j.Logger gr.uagean.loginWebApp.controllers.GRControllers.LOG
2019-05-30 12:33:46,893 INFO com.google.code.ssm.config.DefaultAddressProvider [main] Defined values 172.17.0.1:11211 will be used as memcached addresses
2019-05-30 12:33:46,993 INFO org.springframework.beans.factory.annotation.AutowiredAnnotationBeanPostProcessor [main] Autowired annotation is not supported on static fields: private static final org.slf4j.Logger gr.uagean.loginWebApp.controllers.NOControllers.LOG
2019-05-30 12:33:47,006 INFO org.springframework.beans.factory.annotation.AutowiredAnnotationBeanPostProcessor [main] Autowired annotation is not supported on static fields: private static final org.slf4j.Logger gr.uagean.loginWebApp.controllers.NOControllersProd.LOG
2019-05-30 12:33:47,030 INFO org.springframework.beans.factory.annotation.AutowiredAnnotationBeanPostProcessor [main] Autowired annotation is not supported on static fields: private static final org.slf4j.Logger gr.uagean.loginWebApp.controllers.RestControllers.Log
2019-05-30 12:33:47,286 INFO org.springframework.scheduling.concurrent.ExecutorConfigurationSupport [main] Initializing ExecutorService 'applicationTaskExecutor'
2019-05-30 12:33:47,699 INFO org.apache.juli.logging.DirectJDKLog [main] Starting ProtocolHandler ["https-jsse-nio-8443"]
2019-05-30 12:33:48,269 INFO org.apache.juli.logging.DirectJDKLog [main] Using a shared selector for servlet write/read
2019-05-30 12:33:48,293 INFO org.apache.juli.logging.DirectJDKLog [main] Starting ProtocolHandler ["http-nio-8080"]
2019-05-30 12:33:48,337 INFO org.springframework.boot.web.embedded.tomcat.TomcatWebServer [main] Tomcat started on port(s): 8443 (https) 8080 (http) with context path ''
2019-05-30 12:33:48,346 INFO org.springframework.boot.StartupInfoLogger [main] Started LoginWebAppApplication in 5.15 seconds (JVM running for 5.777)
2019-05-30 12:34:26,310 INFO org.springframework.scheduling.concurrent.ExecutorConfigurationSupport [Thread-5] Shutting down ExecutorService 'applicationTaskExecutor'
2019-05-30 12:35:03,330 INFO org.springframework.boot.StartupInfoLogger [main] Starting LoginWebAppApplication on nikos-Lenovo-V310-15IKB with PID 12977 (/home/nikos/NetBeansProjects/esmo.gr.idp/target/classes started by nikos in /home/nikos/NetBeansProjects/esmo.gr.idp)
2019-05-30 12:35:03,336 INFO org.springframework.boot.SpringApplication [main] No active profile set, falling back to default profiles: default
2019-05-30 12:35:06,424 INFO org.springframework.boot.web.embedded.tomcat.TomcatWebServer [main] Tomcat initialized with port(s): 8443 (https) 8080 (http)
2019-05-30 12:35:06,454 INFO org.apache.juli.logging.DirectJDKLog [main] Initializing ProtocolHandler ["https-jsse-nio-8443"]
2019-05-30 12:35:06,463 INFO org.apache.juli.logging.DirectJDKLog [main] Initializing ProtocolHandler ["http-nio-8080"]
2019-05-30 12:35:06,471 INFO org.apache.juli.logging.DirectJDKLog [main] Using a shared selector for servlet write/read
2019-05-30 12:35:06,474 INFO org.apache.juli.logging.DirectJDKLog [main] Starting service [Tomcat]
2019-05-30 12:35:06,474 INFO org.apache.juli.logging.DirectJDKLog [main] Starting Servlet Engine: Apache Tomcat/9.0.13
2019-05-30 12:35:06,489 INFO org.apache.juli.logging.DirectJDKLog [main] The APR based Apache Tomcat Native library which allows optimal performance in production environments was not found on the java.library.path: [/usr/lib/jvm/java-8-oracle/jre/lib/amd64:/usr/lib/jvm/java-8-oracle/jre/lib/i386::/usr/java/packages/lib/amd64:/usr/lib64:/lib64:/lib:/usr/lib]
2019-05-30 12:35:06,701 INFO org.apache.juli.logging.DirectJDKLog [main] Initializing Spring embedded WebApplicationContext
2019-05-30 12:35:06,701 INFO org.springframework.boot.web.servlet.context.ServletWebServerApplicationContext [main] Root WebApplicationContext: initialization completed in 3257 ms
2019-05-30 12:35:07,157 INFO org.springframework.beans.factory.annotation.AutowiredAnnotationBeanPostProcessor [main] Autowired annotation is not supported on static fields: private static final org.slf4j.Logger gr.uagean.loginWebApp.controllers.GRControllers.LOG
2019-05-30 12:35:07,200 INFO com.google.code.ssm.config.DefaultAddressProvider [main] Defined values 172.17.0.1:11211 will be used as memcached addresses
2019-05-30 12:35:07,328 INFO org.springframework.beans.factory.annotation.AutowiredAnnotationBeanPostProcessor [main] Autowired annotation is not supported on static fields: private static final org.slf4j.Logger gr.uagean.loginWebApp.controllers.NOControllers.LOG
2019-05-30 12:35:07,338 INFO org.springframework.beans.factory.annotation.AutowiredAnnotationBeanPostProcessor [main] Autowired annotation is not supported on static fields: private static final org.slf4j.Logger gr.uagean.loginWebApp.controllers.NOControllersProd.LOG
2019-05-30 12:35:07,389 INFO org.springframework.beans.factory.annotation.AutowiredAnnotationBeanPostProcessor [main] Autowired annotation is not supported on static fields: private static final org.slf4j.Logger gr.uagean.loginWebApp.controllers.RestControllers.Log
2019-05-30 12:35:07,773 INFO org.springframework.scheduling.concurrent.ExecutorConfigurationSupport [main] Initializing ExecutorService 'applicationTaskExecutor'
2019-05-30 12:35:08,243 INFO org.apache.juli.logging.DirectJDKLog [main] Starting ProtocolHandler ["https-jsse-nio-8443"]
2019-05-30 12:35:08,698 INFO org.apache.juli.logging.DirectJDKLog [main] Using a shared selector for servlet write/read
2019-05-30 12:35:08,739 INFO org.apache.juli.logging.DirectJDKLog [main] Starting ProtocolHandler ["http-nio-8080"]
2019-05-30 12:35:08,750 INFO org.springframework.boot.web.embedded.tomcat.TomcatWebServer [main] Tomcat started on port(s): 8443 (https) 8080 (http) with context path ''
2019-05-30 12:35:08,755 INFO org.springframework.boot.StartupInfoLogger [main] Started LoginWebAppApplication in 6.55 seconds (JVM running for 7.235)
