2019-04-09 15:18:28,192 INFO org.springframework.boot.StartupInfoLogger [main] Starting LoginWebAppApplicationTests on nikos-Lenovo-V310-15IKB with PID 1610 (started by nikos in /home/nikos/NetBeansProjects/esmo.gr.idp)
2019-04-09 15:18:28,194 INFO org.springframework.boot.SpringApplication [main] The following profiles are active: test
2019-04-09 15:18:30,240 INFO org.springframework.beans.factory.annotation.AutowiredAnnotationBeanPostProcessor [main] Autowired annotation is not supported on static fields: private static final org.slf4j.Logger gr.uagean.loginWebApp.controllers.RestControllers.LOG
2019-04-09 15:18:30,263 INFO com.google.code.ssm.config.DefaultAddressProvider [main] Defined values 172.17.0.1:11211 will be used as memcached addresses
2019-04-09 15:18:30,965 INFO org.springframework.scheduling.concurrent.ExecutorConfigurationSupport [main] Initializing ExecutorService 'applicationTaskExecutor'
2019-04-09 15:18:31,423 INFO org.springframework.boot.StartupInfoLogger [main] Started LoginWebAppApplicationTests in 3.696 seconds (JVM running for 4.622)
2019-04-09 15:18:31,477 INFO org.springframework.test.context.support.AbstractTestContextBootstrapper [main] Neither @ContextConfiguration nor @ContextHierarchy found for test class [gr.uaegean.loginWebApp.integration.TestSessisonManagerConnection], using SpringBootContextLoader
2019-04-09 15:18:31,478 INFO org.springframework.test.context.support.AbstractContextLoader [main] Could not detect default resource locations for test class [gr.uaegean.loginWebApp.integration.TestSessisonManagerConnection]: no resource found for suffixes {-context.xml, Context.groovy}.
2019-04-09 15:18:31,499 INFO org.springframework.test.context.support.AbstractTestContextBootstrapper [main] Loaded default TestExecutionListener class names from location [META-INF/spring.factories]: [org.springframework.boot.test.mock.mockito.MockitoTestExecutionListener, org.springframework.boot.test.mock.mockito.ResetMocksTestExecutionListener, org.springframework.boot.test.autoconfigure.restdocs.RestDocsTestExecutionListener, org.springframework.boot.test.autoconfigure.web.client.MockRestServiceServerResetTestExecutionListener, org.springframework.boot.test.autoconfigure.web.servlet.MockMvcPrintOnlyOnFailureTestExecutionListener, org.springframework.boot.test.autoconfigure.web.servlet.WebDriverTestExecutionListener, org.springframework.test.context.web.ServletTestExecutionListener, org.springframework.test.context.support.DirtiesContextBeforeModesTestExecutionListener, org.springframework.test.context.support.DependencyInjectionTestExecutionListener, org.springframework.test.context.support.DirtiesContextTestExecutionListener, org.springframework.test.context.transaction.TransactionalTestExecutionListener, org.springframework.test.context.jdbc.SqlScriptsTestExecutionListener]
2019-04-09 15:18:31,504 INFO org.springframework.test.context.support.AbstractTestContextBootstrapper [main] Using TestExecutionListeners: [org.springframework.test.context.web.ServletTestExecutionListener@3a37a501, org.springframework.test.context.support.DirtiesContextBeforeModesTestExecutionListener@7a583586, org.springframework.boot.test.mock.mockito.MockitoTestExecutionListener@3a26ec8d, org.springframework.boot.test.autoconfigure.SpringBootDependencyInjectionTestExecutionListener@17143b3b, org.springframework.test.context.support.DirtiesContextTestExecutionListener@100c8b75, org.springframework.boot.test.mock.mockito.ResetMocksTestExecutionListener@2bc378f7, org.springframework.boot.test.autoconfigure.restdocs.RestDocsTestExecutionListener@268cbb86, org.springframework.boot.test.autoconfigure.web.client.MockRestServiceServerResetTestExecutionListener@10f7918f, org.springframework.boot.test.autoconfigure.web.servlet.MockMvcPrintOnlyOnFailureTestExecutionListener@64d4f7c7, org.springframework.boot.test.autoconfigure.web.servlet.WebDriverTestExecutionListener@54e02f6a]
2019-04-09 15:18:31,534 INFO org.springframework.boot.StartupInfoLogger [main] Starting TestSessisonManagerConnection on nikos-Lenovo-V310-15IKB with PID 1610 (started by nikos in /home/nikos/NetBeansProjects/esmo.gr.idp)
2019-04-09 15:18:31,534 INFO org.springframework.boot.SpringApplication [main] The following profiles are active: test
2019-04-09 15:18:31,842 INFO org.springframework.beans.factory.annotation.AutowiredAnnotationBeanPostProcessor [main] Autowired annotation is not supported on static fields: private static final org.slf4j.Logger gr.uagean.loginWebApp.controllers.RestControllers.LOG
2019-04-09 15:18:31,848 INFO com.google.code.ssm.config.DefaultAddressProvider [main] Defined values 172.17.0.1:11211 will be used as memcached addresses
2019-04-09 15:18:32,220 INFO org.springframework.scheduling.concurrent.ExecutorConfigurationSupport [main] Initializing ExecutorService 'applicationTaskExecutor'
2019-04-09 15:18:32,437 INFO org.springframework.mock.web.MockServletContext [main] Initializing Spring TestDispatcherServlet ''
2019-04-09 15:18:32,444 INFO org.springframework.web.servlet.FrameworkServlet [main] Initializing Servlet ''
2019-04-09 15:18:32,459 INFO org.springframework.web.servlet.FrameworkServlet [main] Completed initialization in 14 ms
2019-04-09 15:18:32,475 INFO org.springframework.boot.StartupInfoLogger [main] Started TestSessisonManagerConnection in 0.968 seconds (JVM running for 5.675)
2019-04-09 15:18:35,368 INFO org.springframework.scheduling.concurrent.ExecutorConfigurationSupport [Thread-3] Shutting down ExecutorService 'applicationTaskExecutor'
2019-04-09 15:18:35,368 INFO org.springframework.scheduling.concurrent.ExecutorConfigurationSupport [Thread-7] Shutting down ExecutorService 'applicationTaskExecutor'
2019-04-09 15:40:47,264 INFO org.springframework.boot.StartupInfoLogger [main] Starting LoginWebAppApplicationTests on nikos-Lenovo-V310-15IKB with PID 3155 (started by nikos in /home/nikos/NetBeansProjects/esmo.gr.idp)
2019-04-09 15:40:47,266 INFO org.springframework.boot.SpringApplication [main] The following profiles are active: test
2019-04-09 15:40:49,616 INFO org.springframework.beans.factory.annotation.AutowiredAnnotationBeanPostProcessor [main] Autowired annotation is not supported on static fields: private static final org.slf4j.Logger gr.uagean.loginWebApp.controllers.RestControllers.LOG
2019-04-09 15:40:49,637 INFO com.google.code.ssm.config.DefaultAddressProvider [main] Defined values 172.17.0.1:11211 will be used as memcached addresses
2019-04-09 15:40:50,329 INFO org.springframework.scheduling.concurrent.ExecutorConfigurationSupport [main] Initializing ExecutorService 'applicationTaskExecutor'
2019-04-09 15:40:50,765 INFO org.springframework.boot.StartupInfoLogger [main] Started LoginWebAppApplicationTests in 4.01 seconds (JVM running for 4.829)
2019-04-09 15:40:50,801 INFO org.springframework.test.context.support.AbstractTestContextBootstrapper [main] Neither @ContextConfiguration nor @ContextHierarchy found for test class [gr.uaegean.loginWebApp.integration.TestSessisonManagerConnection], using SpringBootContextLoader
2019-04-09 15:40:50,802 INFO org.springframework.test.context.support.AbstractContextLoader [main] Could not detect default resource locations for test class [gr.uaegean.loginWebApp.integration.TestSessisonManagerConnection]: no resource found for suffixes {-context.xml, Context.groovy}.
2019-04-09 15:40:50,813 INFO org.springframework.test.context.support.AbstractTestContextBootstrapper [main] Loaded default TestExecutionListener class names from location [META-INF/spring.factories]: [org.springframework.boot.test.mock.mockito.MockitoTestExecutionListener, org.springframework.boot.test.mock.mockito.ResetMocksTestExecutionListener, org.springframework.boot.test.autoconfigure.restdocs.RestDocsTestExecutionListener, org.springframework.boot.test.autoconfigure.web.client.MockRestServiceServerResetTestExecutionListener, org.springframework.boot.test.autoconfigure.web.servlet.MockMvcPrintOnlyOnFailureTestExecutionListener, org.springframework.boot.test.autoconfigure.web.servlet.WebDriverTestExecutionListener, org.springframework.test.context.web.ServletTestExecutionListener, org.springframework.test.context.support.DirtiesContextBeforeModesTestExecutionListener, org.springframework.test.context.support.DependencyInjectionTestExecutionListener, org.springframework.test.context.support.DirtiesContextTestExecutionListener, org.springframework.test.context.transaction.TransactionalTestExecutionListener, org.springframework.test.context.jdbc.SqlScriptsTestExecutionListener]
2019-04-09 15:40:50,815 INFO org.springframework.test.context.support.AbstractTestContextBootstrapper [main] Using TestExecutionListeners: [org.springframework.test.context.web.ServletTestExecutionListener@3d7fb838, org.springframework.test.context.support.DirtiesContextBeforeModesTestExecutionListener@1c26273d, org.springframework.boot.test.mock.mockito.MockitoTestExecutionListener@3a37a501, org.springframework.boot.test.autoconfigure.SpringBootDependencyInjectionTestExecutionListener@7a583586, org.springframework.test.context.support.DirtiesContextTestExecutionListener@3a26ec8d, org.springframework.boot.test.mock.mockito.ResetMocksTestExecutionListener@17143b3b, org.springframework.boot.test.autoconfigure.restdocs.RestDocsTestExecutionListener@100c8b75, org.springframework.boot.test.autoconfigure.web.client.MockRestServiceServerResetTestExecutionListener@2bc378f7, org.springframework.boot.test.autoconfigure.web.servlet.MockMvcPrintOnlyOnFailureTestExecutionListener@268cbb86, org.springframework.boot.test.autoconfigure.web.servlet.WebDriverTestExecutionListener@10f7918f]
2019-04-09 15:40:50,857 INFO org.springframework.boot.StartupInfoLogger [main] Starting TestSessisonManagerConnection on nikos-Lenovo-V310-15IKB with PID 3155 (started by nikos in /home/nikos/NetBeansProjects/esmo.gr.idp)
2019-04-09 15:40:50,858 INFO org.springframework.boot.SpringApplication [main] The following profiles are active: test
2019-04-09 15:40:51,236 INFO org.springframework.beans.factory.annotation.AutowiredAnnotationBeanPostProcessor [main] Autowired annotation is not supported on static fields: private static final org.slf4j.Logger gr.uagean.loginWebApp.controllers.RestControllers.LOG
2019-04-09 15:40:51,240 INFO com.google.code.ssm.config.DefaultAddressProvider [main] Defined values 172.17.0.1:11211 will be used as memcached addresses
2019-04-09 15:40:51,523 INFO org.springframework.scheduling.concurrent.ExecutorConfigurationSupport [main] Initializing ExecutorService 'applicationTaskExecutor'
2019-04-09 15:40:51,736 INFO org.springframework.mock.web.MockServletContext [main] Initializing Spring TestDispatcherServlet ''
2019-04-09 15:40:51,737 INFO org.springframework.web.servlet.FrameworkServlet [main] Initializing Servlet ''
2019-04-09 15:40:51,753 INFO org.springframework.web.servlet.FrameworkServlet [main] Completed initialization in 16 ms
2019-04-09 15:40:51,774 INFO org.springframework.boot.StartupInfoLogger [main] Started TestSessisonManagerConnection in 0.957 seconds (JVM running for 5.838)
2019-04-09 15:40:54,893 INFO org.springframework.scheduling.concurrent.ExecutorConfigurationSupport [Thread-3] Shutting down ExecutorService 'applicationTaskExecutor'
2019-04-09 15:40:54,896 INFO org.springframework.scheduling.concurrent.ExecutorConfigurationSupport [Thread-7] Shutting down ExecutorService 'applicationTaskExecutor'
