2019-06-10 12:47:06,472 INFO org.springframework.boot.StartupInfoLogger [main] Starting LoginWebAppApplicationTests on nikos-Lenovo-V310-15IKB with PID 24091 (started by nikos in /home/nikos/NetBeansProjects/esmo.gr.idp)
2019-06-10 12:47:06,474 INFO org.springframework.boot.SpringApplication [main] The following profiles are active: test
2019-06-10 12:47:09,368 INFO org.springframework.beans.factory.annotation.AutowiredAnnotationBeanPostProcessor [main] Autowired annotation is not supported on static fields: private static final org.slf4j.Logger gr.uagean.loginWebApp.controllers.GRControllers.LOG
2019-06-10 12:47:09,395 INFO com.google.code.ssm.config.DefaultAddressProvider [main] Defined values 172.17.0.1:11211 will be used as memcached addresses
2019-06-10 12:47:09,510 INFO org.springframework.beans.factory.annotation.AutowiredAnnotationBeanPostProcessor [main] Autowired annotation is not supported on static fields: private static final org.slf4j.Logger gr.uagean.loginWebApp.controllers.NOControllers.LOG
2019-06-10 12:47:09,530 INFO org.springframework.beans.factory.annotation.AutowiredAnnotationBeanPostProcessor [main] Autowired annotation is not supported on static fields: private static final org.slf4j.Logger gr.uagean.loginWebApp.controllers.NOControllersProd.LOG
2019-06-10 12:47:09,578 INFO org.springframework.beans.factory.annotation.AutowiredAnnotationBeanPostProcessor [main] Autowired annotation is not supported on static fields: private static final org.slf4j.Logger gr.uagean.loginWebApp.controllers.RestControllers.Log
2019-06-10 12:47:10,464 INFO org.springframework.scheduling.concurrent.ExecutorConfigurationSupport [main] Initializing ExecutorService 'applicationTaskExecutor'
2019-06-10 12:47:10,965 INFO org.springframework.boot.StartupInfoLogger [main] Started LoginWebAppApplicationTests in 5.064 seconds (JVM running for 7.047)
2019-06-10 12:47:11,027 INFO org.springframework.test.context.support.AbstractTestContextBootstrapper [main] Neither @ContextConfiguration nor @ContextHierarchy found for test class [gr.uaegean.loginWebApp.integration.TestSessisonManagerConnection], using SpringBootContextLoader
2019-06-10 12:47:11,033 INFO org.springframework.test.context.support.AbstractContextLoader [main] Could not detect default resource locations for test class [gr.uaegean.loginWebApp.integration.TestSessisonManagerConnection]: no resource found for suffixes {-context.xml, Context.groovy}.
2019-06-10 12:47:11,057 INFO org.springframework.test.context.support.AbstractTestContextBootstrapper [main] Loaded default TestExecutionListener class names from location [META-INF/spring.factories]: [org.springframework.boot.test.mock.mockito.MockitoTestExecutionListener, org.springframework.boot.test.mock.mockito.ResetMocksTestExecutionListener, org.springframework.boot.test.autoconfigure.restdocs.RestDocsTestExecutionListener, org.springframework.boot.test.autoconfigure.web.client.MockRestServiceServerResetTestExecutionListener, org.springframework.boot.test.autoconfigure.web.servlet.MockMvcPrintOnlyOnFailureTestExecutionListener, org.springframework.boot.test.autoconfigure.web.servlet.WebDriverTestExecutionListener, org.springframework.test.context.web.ServletTestExecutionListener, org.springframework.test.context.support.DirtiesContextBeforeModesTestExecutionListener, org.springframework.test.context.support.DependencyInjectionTestExecutionListener, org.springframework.test.context.support.DirtiesContextTestExecutionListener, org.springframework.test.context.transaction.TransactionalTestExecutionListener, org.springframework.test.context.jdbc.SqlScriptsTestExecutionListener]
2019-06-10 12:47:11,059 INFO org.springframework.test.context.support.AbstractTestContextBootstrapper [main] Using TestExecutionListeners: [org.springframework.test.context.web.ServletTestExecutionListener@1dd74143, org.springframework.test.context.support.DirtiesContextBeforeModesTestExecutionListener@526a9908, org.springframework.boot.test.mock.mockito.MockitoTestExecutionListener@3166f664, org.springframework.boot.test.autoconfigure.SpringBootDependencyInjectionTestExecutionListener@47ac613b, org.springframework.test.context.support.DirtiesContextTestExecutionListener@60d6fdd4, org.springframework.boot.test.mock.mockito.ResetMocksTestExecutionListener@66f28a1f, org.springframework.boot.test.autoconfigure.restdocs.RestDocsTestExecutionListener@60a19573, org.springframework.boot.test.autoconfigure.web.client.MockRestServiceServerResetTestExecutionListener@44a085e5, org.springframework.boot.test.autoconfigure.web.servlet.MockMvcPrintOnlyOnFailureTestExecutionListener@134ff8f8, org.springframework.boot.test.autoconfigure.web.servlet.WebDriverTestExecutionListener@619f2afc]
2019-06-10 12:47:11,090 INFO org.springframework.boot.StartupInfoLogger [main] Starting TestSessisonManagerConnection on nikos-Lenovo-V310-15IKB with PID 24091 (started by nikos in /home/nikos/NetBeansProjects/esmo.gr.idp)
2019-06-10 12:47:11,090 INFO org.springframework.boot.SpringApplication [main] The following profiles are active: test
2019-06-10 12:47:11,543 INFO org.springframework.beans.factory.annotation.AutowiredAnnotationBeanPostProcessor [main] Autowired annotation is not supported on static fields: private static final org.slf4j.Logger gr.uagean.loginWebApp.controllers.GRControllers.LOG
2019-06-10 12:47:11,549 INFO com.google.code.ssm.config.DefaultAddressProvider [main] Defined values 172.17.0.1:11211 will be used as memcached addresses
2019-06-10 12:47:11,578 INFO org.springframework.beans.factory.annotation.AutowiredAnnotationBeanPostProcessor [main] Autowired annotation is not supported on static fields: private static final org.slf4j.Logger gr.uagean.loginWebApp.controllers.NOControllers.LOG
2019-06-10 12:47:11,589 INFO org.springframework.beans.factory.annotation.AutowiredAnnotationBeanPostProcessor [main] Autowired annotation is not supported on static fields: private static final org.slf4j.Logger gr.uagean.loginWebApp.controllers.NOControllersProd.LOG
2019-06-10 12:47:11,601 INFO org.springframework.beans.factory.annotation.AutowiredAnnotationBeanPostProcessor [main] Autowired annotation is not supported on static fields: private static final org.slf4j.Logger gr.uagean.loginWebApp.controllers.RestControllers.Log
2019-06-10 12:47:11,946 INFO org.springframework.scheduling.concurrent.ExecutorConfigurationSupport [main] Initializing ExecutorService 'applicationTaskExecutor'
2019-06-10 12:47:12,172 INFO org.springframework.mock.web.MockServletContext [main] Initializing Spring TestDispatcherServlet ''
2019-06-10 12:47:12,173 INFO org.springframework.web.servlet.FrameworkServlet [main] Initializing Servlet ''
2019-06-10 12:47:12,185 INFO org.springframework.web.servlet.FrameworkServlet [main] Completed initialization in 12 ms
2019-06-10 12:47:12,205 INFO org.springframework.boot.StartupInfoLogger [main] Started TestSessisonManagerConnection in 1.144 seconds (JVM running for 8.287)
2019-06-10 12:47:13,693 INFO gr.uagean.loginWebApp.utils.NoResponseParser [main] Response from Norway:: {
    "sub": "f9093e31-8592-4ebf-9925-7090579f79a0",
    "connect-userid_sec": [
        "eidas:SE/NO/199008199391"
    ],
    "dataporten-userid_sec": [
        "eidas:$Mohamed$Al Samed$1990-08-19$SE/NO/199008199391"
    ],
    "name": "Mohamed Al Samed",
    "picture": "https://api.dataporten-test.uninett.no/userinfo/v1/user/media/p:3cfe174c-b7b3-45e8-aea4-782a87aa492e"
}
2019-06-10 12:47:13,712 INFO org.springframework.scheduling.concurrent.ExecutorConfigurationSupport [Thread-7] Shutting down ExecutorService 'applicationTaskExecutor'
2019-06-10 12:47:13,717 INFO org.springframework.scheduling.concurrent.ExecutorConfigurationSupport [Thread-3] Shutting down ExecutorService 'applicationTaskExecutor'
