2019-04-25 17:03:31,507 INFO org.springframework.boot.StartupInfoLogger [main] Starting LoginWebAppApplicationTests on nikos-Lenovo-V310-15IKB with PID 7190 (started by nikos in /home/nikos/NetBeansProjects/esmo.gr.idp)
2019-04-25 17:03:31,511 INFO org.springframework.boot.SpringApplication [main] The following profiles are active: test
2019-04-25 17:03:34,362 INFO org.springframework.beans.factory.annotation.AutowiredAnnotationBeanPostProcessor [main] Autowired annotation is not supported on static fields: private static final org.slf4j.Logger gr.uagean.loginWebApp.controllers.NOControllers.LOG
2019-04-25 17:03:34,395 INFO com.google.code.ssm.config.DefaultAddressProvider [main] Defined values 172.17.0.1:11211 will be used as memcached addresses
2019-04-25 17:03:34,485 INFO org.springframework.beans.factory.annotation.AutowiredAnnotationBeanPostProcessor [main] Autowired annotation is not supported on static fields: private static final org.slf4j.Logger gr.uagean.loginWebApp.controllers.RestControllers.LOG
2019-04-25 17:03:35,184 INFO org.springframework.scheduling.concurrent.ExecutorConfigurationSupport [main] Initializing ExecutorService 'applicationTaskExecutor'
2019-04-25 17:03:35,813 INFO org.springframework.boot.StartupInfoLogger [main] Started LoginWebAppApplicationTests in 4.867 seconds (JVM running for 5.802)
2019-04-25 17:03:35,854 INFO org.springframework.test.context.support.AbstractTestContextBootstrapper [main] Neither @ContextConfiguration nor @ContextHierarchy found for test class [gr.uaegean.loginWebApp.integration.TestSessisonManagerConnection], using SpringBootContextLoader
2019-04-25 17:03:35,855 INFO org.springframework.test.context.support.AbstractContextLoader [main] Could not detect default resource locations for test class [gr.uaegean.loginWebApp.integration.TestSessisonManagerConnection]: no resource found for suffixes {-context.xml, Context.groovy}.
2019-04-25 17:03:35,896 INFO org.springframework.test.context.support.AbstractTestContextBootstrapper [main] Loaded default TestExecutionListener class names from location [META-INF/spring.factories]: [org.springframework.boot.test.mock.mockito.MockitoTestExecutionListener, org.springframework.boot.test.mock.mockito.ResetMocksTestExecutionListener, org.springframework.boot.test.autoconfigure.restdocs.RestDocsTestExecutionListener, org.springframework.boot.test.autoconfigure.web.client.MockRestServiceServerResetTestExecutionListener, org.springframework.boot.test.autoconfigure.web.servlet.MockMvcPrintOnlyOnFailureTestExecutionListener, org.springframework.boot.test.autoconfigure.web.servlet.WebDriverTestExecutionListener, org.springframework.test.context.web.ServletTestExecutionListener, org.springframework.test.context.support.DirtiesContextBeforeModesTestExecutionListener, org.springframework.test.context.support.DependencyInjectionTestExecutionListener, org.springframework.test.context.support.DirtiesContextTestExecutionListener, org.springframework.test.context.transaction.TransactionalTestExecutionListener, org.springframework.test.context.jdbc.SqlScriptsTestExecutionListener]
2019-04-25 17:03:35,900 INFO org.springframework.test.context.support.AbstractTestContextBootstrapper [main] Using TestExecutionListeners: [org.springframework.test.context.web.ServletTestExecutionListener@524270b8, org.springframework.test.context.support.DirtiesContextBeforeModesTestExecutionListener@4acb7ecc, org.springframework.boot.test.mock.mockito.MockitoTestExecutionListener@2a4f5433, org.springframework.boot.test.autoconfigure.SpringBootDependencyInjectionTestExecutionListener@6812fa3a, org.springframework.test.context.support.DirtiesContextTestExecutionListener@29149030, org.springframework.boot.test.mock.mockito.ResetMocksTestExecutionListener@38b8b6c0, org.springframework.boot.test.autoconfigure.restdocs.RestDocsTestExecutionListener@68868328, org.springframework.boot.test.autoconfigure.web.client.MockRestServiceServerResetTestExecutionListener@173a6728, org.springframework.boot.test.autoconfigure.web.servlet.MockMvcPrintOnlyOnFailureTestExecutionListener@1a22e0ef, org.springframework.boot.test.autoconfigure.web.servlet.WebDriverTestExecutionListener@67514bdd]
2019-04-25 17:03:35,985 INFO org.springframework.boot.StartupInfoLogger [main] Starting TestSessisonManagerConnection on nikos-Lenovo-V310-15IKB with PID 7190 (started by nikos in /home/nikos/NetBeansProjects/esmo.gr.idp)
2019-04-25 17:03:35,989 INFO org.springframework.boot.SpringApplication [main] The following profiles are active: test
2019-04-25 17:03:36,347 INFO org.springframework.beans.factory.annotation.AutowiredAnnotationBeanPostProcessor [main] Autowired annotation is not supported on static fields: private static final org.slf4j.Logger gr.uagean.loginWebApp.controllers.NOControllers.LOG
2019-04-25 17:03:36,352 INFO com.google.code.ssm.config.DefaultAddressProvider [main] Defined values 172.17.0.1:11211 will be used as memcached addresses
2019-04-25 17:03:36,371 INFO org.springframework.beans.factory.annotation.AutowiredAnnotationBeanPostProcessor [main] Autowired annotation is not supported on static fields: private static final org.slf4j.Logger gr.uagean.loginWebApp.controllers.RestControllers.LOG
2019-04-25 17:03:36,664 INFO org.springframework.scheduling.concurrent.ExecutorConfigurationSupport [main] Initializing ExecutorService 'applicationTaskExecutor'
2019-04-25 17:03:37,108 INFO org.springframework.mock.web.MockServletContext [main] Initializing Spring TestDispatcherServlet ''
2019-04-25 17:03:37,108 INFO org.springframework.web.servlet.FrameworkServlet [main] Initializing Servlet ''
2019-04-25 17:03:37,119 INFO org.springframework.web.servlet.FrameworkServlet [main] Completed initialization in 11 ms
2019-04-25 17:03:37,135 INFO org.springframework.boot.StartupInfoLogger [main] Started TestSessisonManagerConnection in 1.226 seconds (JVM running for 7.123)
2019-04-25 17:03:40,377 INFO org.springframework.scheduling.concurrent.ExecutorConfigurationSupport [Thread-3] Shutting down ExecutorService 'applicationTaskExecutor'
2019-04-25 17:03:40,382 INFO org.springframework.scheduling.concurrent.ExecutorConfigurationSupport [Thread-7] Shutting down ExecutorService 'applicationTaskExecutor'
2019-04-25 17:30:40,000 INFO org.springframework.boot.StartupInfoLogger [main] Starting LoginWebAppApplication on nikos-Lenovo-V310-15IKB with PID 8740 (/home/nikos/NetBeansProjects/esmo.gr.idp/target/classes started by nikos in /home/nikos/NetBeansProjects/esmo.gr.idp)
2019-04-25 17:30:40,010 INFO org.springframework.boot.SpringApplication [main] No active profile set, falling back to default profiles: default
2019-04-25 17:30:41,743 INFO org.springframework.boot.web.embedded.tomcat.TomcatWebServer [main] Tomcat initialized with port(s): 8080 (http)
2019-04-25 17:30:41,761 INFO org.apache.juli.logging.DirectJDKLog [main] Initializing ProtocolHandler ["http-nio-8080"]
2019-04-25 17:30:41,778 INFO org.apache.juli.logging.DirectJDKLog [main] Starting service [Tomcat]
2019-04-25 17:30:41,778 INFO org.apache.juli.logging.DirectJDKLog [main] Starting Servlet Engine: Apache Tomcat/9.0.13
2019-04-25 17:30:41,791 INFO org.apache.juli.logging.DirectJDKLog [main] The APR based Apache Tomcat Native library which allows optimal performance in production environments was not found on the java.library.path: [/usr/lib/jvm/java-8-oracle/jre/lib/amd64:/usr/lib/jvm/java-8-oracle/jre/lib/i386::/usr/java/packages/lib/amd64:/usr/lib64:/lib64:/lib:/usr/lib]
2019-04-25 17:30:41,893 INFO org.apache.juli.logging.DirectJDKLog [main] Initializing Spring embedded WebApplicationContext
2019-04-25 17:30:41,894 INFO org.springframework.boot.web.servlet.context.ServletWebServerApplicationContext [main] Root WebApplicationContext: initialization completed in 1802 ms
2019-04-25 17:30:42,081 INFO org.springframework.beans.factory.annotation.AutowiredAnnotationBeanPostProcessor [main] Autowired annotation is not supported on static fields: private static final org.slf4j.Logger gr.uagean.loginWebApp.controllers.NOControllers.LOG
2019-04-25 17:30:42,100 INFO com.google.code.ssm.config.DefaultAddressProvider [main] Defined values 172.17.0.1:11211 will be used as memcached addresses
2019-04-25 17:30:42,269 INFO org.springframework.beans.factory.annotation.AutowiredAnnotationBeanPostProcessor [main] Autowired annotation is not supported on static fields: private static final org.slf4j.Logger gr.uagean.loginWebApp.controllers.RestControllers.LOG
2019-04-25 17:30:42,500 INFO org.springframework.scheduling.concurrent.ExecutorConfigurationSupport [main] Initializing ExecutorService 'applicationTaskExecutor'
2019-04-25 17:30:42,770 INFO org.apache.juli.logging.DirectJDKLog [main] Starting ProtocolHandler ["http-nio-8080"]
2019-04-25 17:30:42,774 INFO org.apache.juli.logging.DirectJDKLog [main] Using a shared selector for servlet write/read
2019-04-25 17:30:42,816 INFO org.springframework.boot.web.embedded.tomcat.TomcatWebServer [main] Tomcat started on port(s): 8080 (http) with context path ''
2019-04-25 17:30:42,822 INFO org.springframework.boot.StartupInfoLogger [main] Started LoginWebAppApplication in 3.462 seconds (JVM running for 3.899)
2019-04-25 17:31:26,989 INFO org.springframework.boot.StartupInfoLogger [main] Starting LoginWebAppApplication on nikos-Lenovo-V310-15IKB with PID 8915 (/home/nikos/NetBeansProjects/esmo.gr.idp/target/classes started by nikos in /home/nikos/NetBeansProjects/esmo.gr.idp)
2019-04-25 17:31:26,998 INFO org.springframework.boot.SpringApplication [main] No active profile set, falling back to default profiles: default
2019-04-25 17:31:28,692 INFO org.springframework.boot.web.embedded.tomcat.TomcatWebServer [main] Tomcat initialized with port(s): 8080 (http)
2019-04-25 17:31:28,713 INFO org.apache.juli.logging.DirectJDKLog [main] Initializing ProtocolHandler ["http-nio-8080"]
2019-04-25 17:31:28,730 INFO org.apache.juli.logging.DirectJDKLog [main] Starting service [Tomcat]
2019-04-25 17:31:28,731 INFO org.apache.juli.logging.DirectJDKLog [main] Starting Servlet Engine: Apache Tomcat/9.0.13
2019-04-25 17:31:28,745 INFO org.apache.juli.logging.DirectJDKLog [main] The APR based Apache Tomcat Native library which allows optimal performance in production environments was not found on the java.library.path: [/usr/lib/jvm/java-8-oracle/jre/lib/amd64:/usr/lib/jvm/java-8-oracle/jre/lib/i386::/usr/java/packages/lib/amd64:/usr/lib64:/lib64:/lib:/usr/lib]
2019-04-25 17:31:28,853 INFO org.apache.juli.logging.DirectJDKLog [main] Initializing Spring embedded WebApplicationContext
2019-04-25 17:31:28,854 INFO org.springframework.boot.web.servlet.context.ServletWebServerApplicationContext [main] Root WebApplicationContext: initialization completed in 1760 ms
2019-04-25 17:31:29,042 INFO org.springframework.beans.factory.annotation.AutowiredAnnotationBeanPostProcessor [main] Autowired annotation is not supported on static fields: private static final org.slf4j.Logger gr.uagean.loginWebApp.controllers.NOControllers.LOG
2019-04-25 17:31:29,061 INFO com.google.code.ssm.config.DefaultAddressProvider [main] Defined values 172.17.0.1:11211 will be used as memcached addresses
2019-04-25 17:31:29,240 INFO org.springframework.beans.factory.annotation.AutowiredAnnotationBeanPostProcessor [main] Autowired annotation is not supported on static fields: private static final org.slf4j.Logger gr.uagean.loginWebApp.controllers.RestControllers.LOG
2019-04-25 17:31:29,460 INFO org.springframework.scheduling.concurrent.ExecutorConfigurationSupport [main] Initializing ExecutorService 'applicationTaskExecutor'
2019-04-25 17:31:29,759 INFO org.apache.juli.logging.DirectJDKLog [main] Starting ProtocolHandler ["http-nio-8080"]
2019-04-25 17:31:29,762 INFO org.apache.juli.logging.DirectJDKLog [main] Using a shared selector for servlet write/read
2019-04-25 17:31:29,812 INFO org.springframework.boot.web.embedded.tomcat.TomcatWebServer [main] Tomcat started on port(s): 8080 (http) with context path ''
2019-04-25 17:31:29,828 INFO org.springframework.boot.StartupInfoLogger [main] Started LoginWebAppApplication in 3.541 seconds (JVM running for 4.014)
2019-04-25 17:32:12,772 INFO org.apache.juli.logging.DirectJDKLog [http-nio-8080-exec-2] Initializing Spring DispatcherServlet 'dispatcherServlet'
2019-04-25 17:32:12,773 INFO org.springframework.web.servlet.FrameworkServlet [http-nio-8080-exec-2] Initializing Servlet 'dispatcherServlet'
2019-04-25 17:32:12,785 INFO org.springframework.web.servlet.FrameworkServlet [http-nio-8080-exec-2] Completed initialization in 12 ms
2019-04-25 17:32:26,757 INFO com.google.code.ssm.spring.SSMCache [http-nio-8080-exec-2] Put '5bff40d2-3201-4b43-9e6a-30ac7d6edf1c' under key 8b63e55b-a9f5-432e-9abc-1c111f5375cb to cache idpms
2019-04-25 17:38:45,497 INFO org.springframework.boot.StartupInfoLogger [main] Starting LoginWebAppApplicationTests on nikos-Lenovo-V310-15IKB with PID 9380 (started by nikos in /home/nikos/NetBeansProjects/esmo.gr.idp)
2019-04-25 17:38:45,498 INFO org.springframework.boot.SpringApplication [main] The following profiles are active: test
2019-04-25 17:38:47,169 INFO org.springframework.beans.factory.annotation.AutowiredAnnotationBeanPostProcessor [main] Autowired annotation is not supported on static fields: private static final org.slf4j.Logger gr.uagean.loginWebApp.controllers.NOControllers.LOG
2019-04-25 17:38:47,193 INFO com.google.code.ssm.config.DefaultAddressProvider [main] Defined values 172.17.0.1:11211 will be used as memcached addresses
2019-04-25 17:38:47,255 INFO org.springframework.beans.factory.annotation.AutowiredAnnotationBeanPostProcessor [main] Autowired annotation is not supported on static fields: private static final org.slf4j.Logger gr.uagean.loginWebApp.controllers.RestControllers.LOG
2019-04-25 17:38:47,875 INFO org.springframework.scheduling.concurrent.ExecutorConfigurationSupport [main] Initializing ExecutorService 'applicationTaskExecutor'
2019-04-25 17:38:48,312 INFO org.springframework.boot.StartupInfoLogger [main] Started LoginWebAppApplicationTests in 3.199 seconds (JVM running for 4.052)
2019-04-25 17:38:48,348 INFO org.springframework.test.context.support.AbstractTestContextBootstrapper [main] Neither @ContextConfiguration nor @ContextHierarchy found for test class [gr.uaegean.loginWebApp.integration.TestSessisonManagerConnection], using SpringBootContextLoader
2019-04-25 17:38:48,349 INFO org.springframework.test.context.support.AbstractContextLoader [main] Could not detect default resource locations for test class [gr.uaegean.loginWebApp.integration.TestSessisonManagerConnection]: no resource found for suffixes {-context.xml, Context.groovy}.
2019-04-25 17:38:48,363 INFO org.springframework.test.context.support.AbstractTestContextBootstrapper [main] Loaded default TestExecutionListener class names from location [META-INF/spring.factories]: [org.springframework.boot.test.mock.mockito.MockitoTestExecutionListener, org.springframework.boot.test.mock.mockito.ResetMocksTestExecutionListener, org.springframework.boot.test.autoconfigure.restdocs.RestDocsTestExecutionListener, org.springframework.boot.test.autoconfigure.web.client.MockRestServiceServerResetTestExecutionListener, org.springframework.boot.test.autoconfigure.web.servlet.MockMvcPrintOnlyOnFailureTestExecutionListener, org.springframework.boot.test.autoconfigure.web.servlet.WebDriverTestExecutionListener, org.springframework.test.context.web.ServletTestExecutionListener, org.springframework.test.context.support.DirtiesContextBeforeModesTestExecutionListener, org.springframework.test.context.support.DependencyInjectionTestExecutionListener, org.springframework.test.context.support.DirtiesContextTestExecutionListener, org.springframework.test.context.transaction.TransactionalTestExecutionListener, org.springframework.test.context.jdbc.SqlScriptsTestExecutionListener]
2019-04-25 17:38:48,364 INFO org.springframework.test.context.support.AbstractTestContextBootstrapper [main] Using TestExecutionListeners: [org.springframework.test.context.web.ServletTestExecutionListener@524270b8, org.springframework.test.context.support.DirtiesContextBeforeModesTestExecutionListener@4acb7ecc, org.springframework.boot.test.mock.mockito.MockitoTestExecutionListener@2a4f5433, org.springframework.boot.test.autoconfigure.SpringBootDependencyInjectionTestExecutionListener@6812fa3a, org.springframework.test.context.support.DirtiesContextTestExecutionListener@29149030, org.springframework.boot.test.mock.mockito.ResetMocksTestExecutionListener@38b8b6c0, org.springframework.boot.test.autoconfigure.restdocs.RestDocsTestExecutionListener@68868328, org.springframework.boot.test.autoconfigure.web.client.MockRestServiceServerResetTestExecutionListener@173a6728, org.springframework.boot.test.autoconfigure.web.servlet.MockMvcPrintOnlyOnFailureTestExecutionListener@1a22e0ef, org.springframework.boot.test.autoconfigure.web.servlet.WebDriverTestExecutionListener@67514bdd]
2019-04-25 17:38:48,424 INFO org.springframework.boot.StartupInfoLogger [main] Starting TestSessisonManagerConnection on nikos-Lenovo-V310-15IKB with PID 9380 (started by nikos in /home/nikos/NetBeansProjects/esmo.gr.idp)
2019-04-25 17:38:48,424 INFO org.springframework.boot.SpringApplication [main] The following profiles are active: test
2019-04-25 17:38:48,719 INFO org.springframework.beans.factory.annotation.AutowiredAnnotationBeanPostProcessor [main] Autowired annotation is not supported on static fields: private static final org.slf4j.Logger gr.uagean.loginWebApp.controllers.NOControllers.LOG
2019-04-25 17:38:48,725 INFO com.google.code.ssm.config.DefaultAddressProvider [main] Defined values 172.17.0.1:11211 will be used as memcached addresses
2019-04-25 17:38:48,742 INFO org.springframework.beans.factory.annotation.AutowiredAnnotationBeanPostProcessor [main] Autowired annotation is not supported on static fields: private static final org.slf4j.Logger gr.uagean.loginWebApp.controllers.RestControllers.LOG
2019-04-25 17:38:49,021 INFO org.springframework.scheduling.concurrent.ExecutorConfigurationSupport [main] Initializing ExecutorService 'applicationTaskExecutor'
2019-04-25 17:38:49,233 INFO org.springframework.mock.web.MockServletContext [main] Initializing Spring TestDispatcherServlet ''
2019-04-25 17:38:49,233 INFO org.springframework.web.servlet.FrameworkServlet [main] Initializing Servlet ''
2019-04-25 17:38:49,244 INFO org.springframework.web.servlet.FrameworkServlet [main] Completed initialization in 10 ms
2019-04-25 17:38:49,257 INFO org.springframework.boot.StartupInfoLogger [main] Started TestSessisonManagerConnection in 0.89 seconds (JVM running for 4.997)
2019-04-25 17:38:52,694 INFO org.springframework.scheduling.concurrent.ExecutorConfigurationSupport [Thread-7] Shutting down ExecutorService 'applicationTaskExecutor'
2019-04-25 17:38:52,694 INFO org.springframework.scheduling.concurrent.ExecutorConfigurationSupport [Thread-3] Shutting down ExecutorService 'applicationTaskExecutor'
2019-04-25 18:07:37,160 INFO org.springframework.boot.StartupInfoLogger [main] Starting LoginWebAppApplicationTests on nikos-Lenovo-V310-15IKB with PID 11304 (started by nikos in /home/nikos/NetBeansProjects/esmo.gr.idp)
2019-04-25 18:07:37,164 INFO org.springframework.boot.SpringApplication [main] The following profiles are active: test
2019-04-25 18:07:39,148 INFO org.springframework.beans.factory.annotation.AutowiredAnnotationBeanPostProcessor [main] Autowired annotation is not supported on static fields: private static final org.slf4j.Logger gr.uagean.loginWebApp.controllers.NOControllers.LOG
2019-04-25 18:07:39,168 INFO com.google.code.ssm.config.DefaultAddressProvider [main] Defined values 172.17.0.1:11211 will be used as memcached addresses
2019-04-25 18:07:39,253 INFO org.springframework.beans.factory.annotation.AutowiredAnnotationBeanPostProcessor [main] Autowired annotation is not supported on static fields: private static final org.slf4j.Logger gr.uagean.loginWebApp.controllers.RestControllers.LOG
2019-04-25 18:07:39,967 INFO org.springframework.scheduling.concurrent.ExecutorConfigurationSupport [main] Initializing ExecutorService 'applicationTaskExecutor'
2019-04-25 18:07:40,450 INFO org.springframework.boot.StartupInfoLogger [main] Started LoginWebAppApplicationTests in 3.711 seconds (JVM running for 4.567)
2019-04-25 18:07:40,479 INFO org.springframework.test.context.support.AbstractTestContextBootstrapper [main] Neither @ContextConfiguration nor @ContextHierarchy found for test class [gr.uaegean.loginWebApp.integration.TestSessisonManagerConnection], using SpringBootContextLoader
2019-04-25 18:07:40,480 INFO org.springframework.test.context.support.AbstractContextLoader [main] Could not detect default resource locations for test class [gr.uaegean.loginWebApp.integration.TestSessisonManagerConnection]: no resource found for suffixes {-context.xml, Context.groovy}.
2019-04-25 18:07:40,492 INFO org.springframework.test.context.support.AbstractTestContextBootstrapper [main] Loaded default TestExecutionListener class names from location [META-INF/spring.factories]: [org.springframework.boot.test.mock.mockito.MockitoTestExecutionListener, org.springframework.boot.test.mock.mockito.ResetMocksTestExecutionListener, org.springframework.boot.test.autoconfigure.restdocs.RestDocsTestExecutionListener, org.springframework.boot.test.autoconfigure.web.client.MockRestServiceServerResetTestExecutionListener, org.springframework.boot.test.autoconfigure.web.servlet.MockMvcPrintOnlyOnFailureTestExecutionListener, org.springframework.boot.test.autoconfigure.web.servlet.WebDriverTestExecutionListener, org.springframework.test.context.web.ServletTestExecutionListener, org.springframework.test.context.support.DirtiesContextBeforeModesTestExecutionListener, org.springframework.test.context.support.DependencyInjectionTestExecutionListener, org.springframework.test.context.support.DirtiesContextTestExecutionListener, org.springframework.test.context.transaction.TransactionalTestExecutionListener, org.springframework.test.context.jdbc.SqlScriptsTestExecutionListener]
2019-04-25 18:07:40,493 INFO org.springframework.test.context.support.AbstractTestContextBootstrapper [main] Using TestExecutionListeners: [org.springframework.test.context.web.ServletTestExecutionListener@3d0035d2, org.springframework.test.context.support.DirtiesContextBeforeModesTestExecutionListener@2bfb6b49, org.springframework.boot.test.mock.mockito.MockitoTestExecutionListener@1f346ad2, org.springframework.boot.test.autoconfigure.SpringBootDependencyInjectionTestExecutionListener@46a145ba, org.springframework.test.context.support.DirtiesContextTestExecutionListener@7ab34619, org.springframework.boot.test.mock.mockito.ResetMocksTestExecutionListener@ae2db25, org.springframework.boot.test.autoconfigure.restdocs.RestDocsTestExecutionListener@363c4251, org.springframework.boot.test.autoconfigure.web.client.MockRestServiceServerResetTestExecutionListener@7afc4db9, org.springframework.boot.test.autoconfigure.web.servlet.MockMvcPrintOnlyOnFailureTestExecutionListener@1a1f5f71, org.springframework.boot.test.autoconfigure.web.servlet.WebDriverTestExecutionListener@63884e4]
2019-04-25 18:07:40,519 INFO org.springframework.boot.StartupInfoLogger [main] Starting TestSessisonManagerConnection on nikos-Lenovo-V310-15IKB with PID 11304 (started by nikos in /home/nikos/NetBeansProjects/esmo.gr.idp)
2019-04-25 18:07:40,520 INFO org.springframework.boot.SpringApplication [main] The following profiles are active: test
2019-04-25 18:07:40,893 INFO org.springframework.beans.factory.annotation.AutowiredAnnotationBeanPostProcessor [main] Autowired annotation is not supported on static fields: private static final org.slf4j.Logger gr.uagean.loginWebApp.controllers.NOControllers.LOG
2019-04-25 18:07:40,898 INFO com.google.code.ssm.config.DefaultAddressProvider [main] Defined values 172.17.0.1:11211 will be used as memcached addresses
2019-04-25 18:07:40,913 INFO org.springframework.beans.factory.annotation.AutowiredAnnotationBeanPostProcessor [main] Autowired annotation is not supported on static fields: private static final org.slf4j.Logger gr.uagean.loginWebApp.controllers.RestControllers.LOG
2019-04-25 18:07:41,386 INFO org.springframework.scheduling.concurrent.ExecutorConfigurationSupport [main] Initializing ExecutorService 'applicationTaskExecutor'
2019-04-25 18:07:41,685 INFO org.springframework.mock.web.MockServletContext [main] Initializing Spring TestDispatcherServlet ''
2019-04-25 18:07:41,685 INFO org.springframework.web.servlet.FrameworkServlet [main] Initializing Servlet ''
2019-04-25 18:07:41,700 INFO org.springframework.web.servlet.FrameworkServlet [main] Completed initialization in 14 ms
2019-04-25 18:07:41,720 INFO org.springframework.boot.StartupInfoLogger [main] Started TestSessisonManagerConnection in 1.224 seconds (JVM running for 5.837)
2019-04-25 18:07:44,758 INFO org.springframework.scheduling.concurrent.ExecutorConfigurationSupport [Thread-3] Shutting down ExecutorService 'applicationTaskExecutor'
2019-04-25 18:07:44,758 INFO org.springframework.scheduling.concurrent.ExecutorConfigurationSupport [Thread-7] Shutting down ExecutorService 'applicationTaskExecutor'
