2019-05-09 13:38:28,727 INFO org.springframework.boot.StartupInfoLogger [main] Starting LoginWebAppApplicationTests on nikos-Lenovo-V310-15IKB with PID 10259 (started by nikos in /home/nikos/NetBeansProjects/esmo.gr.idp)
2019-05-09 13:38:28,729 INFO org.springframework.boot.SpringApplication [main] The following profiles are active: test
2019-05-09 13:38:30,504 INFO org.springframework.beans.factory.annotation.AutowiredAnnotationBeanPostProcessor [main] Autowired annotation is not supported on static fields: private static final org.slf4j.Logger gr.uagean.loginWebApp.controllers.GRControllers.LOG
2019-05-09 13:38:30,526 INFO com.google.code.ssm.config.DefaultAddressProvider [main] Defined values 172.17.0.1:11211 will be used as memcached addresses
2019-05-09 13:38:30,608 INFO org.springframework.beans.factory.annotation.AutowiredAnnotationBeanPostProcessor [main] Autowired annotation is not supported on static fields: private static final org.slf4j.Logger gr.uagean.loginWebApp.controllers.NOControllers.LOG
2019-05-09 13:38:30,619 INFO org.springframework.beans.factory.annotation.AutowiredAnnotationBeanPostProcessor [main] Autowired annotation is not supported on static fields: private static final org.slf4j.Logger gr.uagean.loginWebApp.controllers.RestControllers.Log
2019-05-09 13:38:31,242 INFO org.springframework.scheduling.concurrent.ExecutorConfigurationSupport [main] Initializing ExecutorService 'applicationTaskExecutor'
2019-05-09 13:38:31,683 INFO org.springframework.boot.StartupInfoLogger [main] Started LoginWebAppApplicationTests in 3.426 seconds (JVM running for 4.337)
2019-05-09 13:38:31,723 INFO org.springframework.test.context.support.AbstractTestContextBootstrapper [main] Neither @ContextConfiguration nor @ContextHierarchy found for test class [gr.uaegean.loginWebApp.integration.TestSessisonManagerConnection], using SpringBootContextLoader
2019-05-09 13:38:31,724 INFO org.springframework.test.context.support.AbstractContextLoader [main] Could not detect default resource locations for test class [gr.uaegean.loginWebApp.integration.TestSessisonManagerConnection]: no resource found for suffixes {-context.xml, Context.groovy}.
2019-05-09 13:38:31,742 INFO org.springframework.test.context.support.AbstractTestContextBootstrapper [main] Loaded default TestExecutionListener class names from location [META-INF/spring.factories]: [org.springframework.boot.test.mock.mockito.MockitoTestExecutionListener, org.springframework.boot.test.mock.mockito.ResetMocksTestExecutionListener, org.springframework.boot.test.autoconfigure.restdocs.RestDocsTestExecutionListener, org.springframework.boot.test.autoconfigure.web.client.MockRestServiceServerResetTestExecutionListener, org.springframework.boot.test.autoconfigure.web.servlet.MockMvcPrintOnlyOnFailureTestExecutionListener, org.springframework.boot.test.autoconfigure.web.servlet.WebDriverTestExecutionListener, org.springframework.test.context.web.ServletTestExecutionListener, org.springframework.test.context.support.DirtiesContextBeforeModesTestExecutionListener, org.springframework.test.context.support.DependencyInjectionTestExecutionListener, org.springframework.test.context.support.DirtiesContextTestExecutionListener, org.springframework.test.context.transaction.TransactionalTestExecutionListener, org.springframework.test.context.jdbc.SqlScriptsTestExecutionListener]
2019-05-09 13:38:31,744 INFO org.springframework.test.context.support.AbstractTestContextBootstrapper [main] Using TestExecutionListeners: [org.springframework.test.context.web.ServletTestExecutionListener@753aca85, org.springframework.test.context.support.DirtiesContextBeforeModesTestExecutionListener@2e645fbd, org.springframework.boot.test.mock.mockito.MockitoTestExecutionListener@574a89e2, org.springframework.boot.test.autoconfigure.SpringBootDependencyInjectionTestExecutionListener@1e1e9ef3, org.springframework.test.context.support.DirtiesContextTestExecutionListener@3dd31157, org.springframework.boot.test.mock.mockito.ResetMocksTestExecutionListener@31c628e7, org.springframework.boot.test.autoconfigure.restdocs.RestDocsTestExecutionListener@3240b2a4, org.springframework.boot.test.autoconfigure.web.client.MockRestServiceServerResetTestExecutionListener@58434b19, org.springframework.boot.test.autoconfigure.web.servlet.MockMvcPrintOnlyOnFailureTestExecutionListener@7d3fb0ef, org.springframework.boot.test.autoconfigure.web.servlet.WebDriverTestExecutionListener@7dbe2ebf]
2019-05-09 13:38:31,802 INFO org.springframework.boot.StartupInfoLogger [main] Starting TestSessisonManagerConnection on nikos-Lenovo-V310-15IKB with PID 10259 (started by nikos in /home/nikos/NetBeansProjects/esmo.gr.idp)
2019-05-09 13:38:31,803 INFO org.springframework.boot.SpringApplication [main] The following profiles are active: test
2019-05-09 13:38:32,099 INFO org.springframework.beans.factory.annotation.AutowiredAnnotationBeanPostProcessor [main] Autowired annotation is not supported on static fields: private static final org.slf4j.Logger gr.uagean.loginWebApp.controllers.GRControllers.LOG
2019-05-09 13:38:32,104 INFO com.google.code.ssm.config.DefaultAddressProvider [main] Defined values 172.17.0.1:11211 will be used as memcached addresses
2019-05-09 13:38:32,118 INFO org.springframework.beans.factory.annotation.AutowiredAnnotationBeanPostProcessor [main] Autowired annotation is not supported on static fields: private static final org.slf4j.Logger gr.uagean.loginWebApp.controllers.NOControllers.LOG
2019-05-09 13:38:32,132 INFO org.springframework.beans.factory.annotation.AutowiredAnnotationBeanPostProcessor [main] Autowired annotation is not supported on static fields: private static final org.slf4j.Logger gr.uagean.loginWebApp.controllers.RestControllers.Log
2019-05-09 13:38:32,761 INFO org.springframework.scheduling.concurrent.ExecutorConfigurationSupport [main] Initializing ExecutorService 'applicationTaskExecutor'
2019-05-09 13:38:33,129 INFO org.springframework.mock.web.MockServletContext [main] Initializing Spring TestDispatcherServlet ''
2019-05-09 13:38:33,130 INFO org.springframework.web.servlet.FrameworkServlet [main] Initializing Servlet ''
2019-05-09 13:38:33,149 INFO org.springframework.web.servlet.FrameworkServlet [main] Completed initialization in 18 ms
2019-05-09 13:38:33,185 INFO org.springframework.boot.StartupInfoLogger [main] Started TestSessisonManagerConnection in 1.437 seconds (JVM running for 5.839)
2019-05-09 13:38:36,799 INFO org.springframework.scheduling.concurrent.ExecutorConfigurationSupport [Thread-3] Shutting down ExecutorService 'applicationTaskExecutor'
2019-05-09 13:38:36,807 INFO org.springframework.scheduling.concurrent.ExecutorConfigurationSupport [Thread-7] Shutting down ExecutorService 'applicationTaskExecutor'
2019-05-09 13:40:25,020 INFO org.springframework.boot.StartupInfoLogger [main] Starting TestSessisonManagerConnection on nikos-Lenovo-V310-15IKB with PID 10387 (started by nikos in /home/nikos/NetBeansProjects/esmo.gr.idp)
2019-05-09 13:40:25,022 INFO org.springframework.boot.SpringApplication [main] The following profiles are active: test
2019-05-09 13:40:27,058 INFO org.springframework.beans.factory.annotation.AutowiredAnnotationBeanPostProcessor [main] Autowired annotation is not supported on static fields: private static final org.slf4j.Logger gr.uagean.loginWebApp.controllers.GRControllers.LOG
2019-05-09 13:40:27,079 INFO com.google.code.ssm.config.DefaultAddressProvider [main] Defined values 172.17.0.1:11211 will be used as memcached addresses
2019-05-09 13:40:27,154 INFO org.springframework.beans.factory.annotation.AutowiredAnnotationBeanPostProcessor [main] Autowired annotation is not supported on static fields: private static final org.slf4j.Logger gr.uagean.loginWebApp.controllers.NOControllers.LOG
2019-05-09 13:40:27,165 INFO org.springframework.beans.factory.annotation.AutowiredAnnotationBeanPostProcessor [main] Autowired annotation is not supported on static fields: private static final org.slf4j.Logger gr.uagean.loginWebApp.controllers.RestControllers.Log
2019-05-09 13:40:27,894 INFO org.springframework.scheduling.concurrent.ExecutorConfigurationSupport [main] Initializing ExecutorService 'applicationTaskExecutor'
2019-05-09 13:40:28,396 INFO org.springframework.mock.web.MockServletContext [main] Initializing Spring TestDispatcherServlet ''
2019-05-09 13:40:28,397 INFO org.springframework.web.servlet.FrameworkServlet [main] Initializing Servlet ''
2019-05-09 13:40:28,411 INFO org.springframework.web.servlet.FrameworkServlet [main] Completed initialization in 14 ms
2019-05-09 13:40:28,451 INFO org.springframework.boot.StartupInfoLogger [main] Started TestSessisonManagerConnection in 3.945 seconds (JVM running for 5.034)
2019-05-09 13:43:14,183 INFO org.springframework.boot.StartupInfoLogger [main] Starting LoginWebAppApplicationTests on nikos-Lenovo-V310-15IKB with PID 10519 (started by nikos in /home/nikos/NetBeansProjects/esmo.gr.idp)
2019-05-09 13:43:14,185 INFO org.springframework.boot.SpringApplication [main] The following profiles are active: test
2019-05-09 13:43:15,814 INFO org.springframework.beans.factory.annotation.AutowiredAnnotationBeanPostProcessor [main] Autowired annotation is not supported on static fields: private static final org.slf4j.Logger gr.uagean.loginWebApp.controllers.GRControllers.LOG
2019-05-09 13:43:15,835 INFO com.google.code.ssm.config.DefaultAddressProvider [main] Defined values 172.17.0.1:11211 will be used as memcached addresses
2019-05-09 13:43:15,897 INFO org.springframework.beans.factory.annotation.AutowiredAnnotationBeanPostProcessor [main] Autowired annotation is not supported on static fields: private static final org.slf4j.Logger gr.uagean.loginWebApp.controllers.NOControllers.LOG
2019-05-09 13:43:15,909 INFO org.springframework.beans.factory.annotation.AutowiredAnnotationBeanPostProcessor [main] Autowired annotation is not supported on static fields: private static final org.slf4j.Logger gr.uagean.loginWebApp.controllers.RestControllers.Log
2019-05-09 13:43:16,493 INFO org.springframework.scheduling.concurrent.ExecutorConfigurationSupport [main] Initializing ExecutorService 'applicationTaskExecutor'
2019-05-09 13:43:16,890 INFO org.springframework.boot.StartupInfoLogger [main] Started LoginWebAppApplicationTests in 3.113 seconds (JVM running for 3.957)
2019-05-09 13:43:16,923 INFO org.springframework.test.context.support.AbstractTestContextBootstrapper [main] Neither @ContextConfiguration nor @ContextHierarchy found for test class [gr.uaegean.loginWebApp.integration.TestSessisonManagerConnection], using SpringBootContextLoader
2019-05-09 13:43:16,924 INFO org.springframework.test.context.support.AbstractContextLoader [main] Could not detect default resource locations for test class [gr.uaegean.loginWebApp.integration.TestSessisonManagerConnection]: no resource found for suffixes {-context.xml, Context.groovy}.
2019-05-09 13:43:16,935 INFO org.springframework.test.context.support.AbstractTestContextBootstrapper [main] Loaded default TestExecutionListener class names from location [META-INF/spring.factories]: [org.springframework.boot.test.mock.mockito.MockitoTestExecutionListener, org.springframework.boot.test.mock.mockito.ResetMocksTestExecutionListener, org.springframework.boot.test.autoconfigure.restdocs.RestDocsTestExecutionListener, org.springframework.boot.test.autoconfigure.web.client.MockRestServiceServerResetTestExecutionListener, org.springframework.boot.test.autoconfigure.web.servlet.MockMvcPrintOnlyOnFailureTestExecutionListener, org.springframework.boot.test.autoconfigure.web.servlet.WebDriverTestExecutionListener, org.springframework.test.context.web.ServletTestExecutionListener, org.springframework.test.context.support.DirtiesContextBeforeModesTestExecutionListener, org.springframework.test.context.support.DependencyInjectionTestExecutionListener, org.springframework.test.context.support.DirtiesContextTestExecutionListener, org.springframework.test.context.transaction.TransactionalTestExecutionListener, org.springframework.test.context.jdbc.SqlScriptsTestExecutionListener]
2019-05-09 13:43:16,937 INFO org.springframework.test.context.support.AbstractTestContextBootstrapper [main] Using TestExecutionListeners: [org.springframework.test.context.web.ServletTestExecutionListener@4437ac07, org.springframework.test.context.support.DirtiesContextBeforeModesTestExecutionListener@3f1ed068, org.springframework.boot.test.mock.mockito.MockitoTestExecutionListener@753aca85, org.springframework.boot.test.autoconfigure.SpringBootDependencyInjectionTestExecutionListener@2e645fbd, org.springframework.test.context.support.DirtiesContextTestExecutionListener@574a89e2, org.springframework.boot.test.mock.mockito.ResetMocksTestExecutionListener@1e1e9ef3, org.springframework.boot.test.autoconfigure.restdocs.RestDocsTestExecutionListener@3dd31157, org.springframework.boot.test.autoconfigure.web.client.MockRestServiceServerResetTestExecutionListener@31c628e7, org.springframework.boot.test.autoconfigure.web.servlet.MockMvcPrintOnlyOnFailureTestExecutionListener@3240b2a4, org.springframework.boot.test.autoconfigure.web.servlet.WebDriverTestExecutionListener@58434b19]
2019-05-09 13:43:16,964 INFO org.springframework.boot.StartupInfoLogger [main] Starting TestSessisonManagerConnection on nikos-Lenovo-V310-15IKB with PID 10519 (started by nikos in /home/nikos/NetBeansProjects/esmo.gr.idp)
2019-05-09 13:43:16,965 INFO org.springframework.boot.SpringApplication [main] The following profiles are active: test
2019-05-09 13:43:17,314 INFO org.springframework.beans.factory.annotation.AutowiredAnnotationBeanPostProcessor [main] Autowired annotation is not supported on static fields: private static final org.slf4j.Logger gr.uagean.loginWebApp.controllers.GRControllers.LOG
2019-05-09 13:43:17,319 INFO com.google.code.ssm.config.DefaultAddressProvider [main] Defined values 172.17.0.1:11211 will be used as memcached addresses
2019-05-09 13:43:17,333 INFO org.springframework.beans.factory.annotation.AutowiredAnnotationBeanPostProcessor [main] Autowired annotation is not supported on static fields: private static final org.slf4j.Logger gr.uagean.loginWebApp.controllers.NOControllers.LOG
2019-05-09 13:43:17,339 INFO org.springframework.beans.factory.annotation.AutowiredAnnotationBeanPostProcessor [main] Autowired annotation is not supported on static fields: private static final org.slf4j.Logger gr.uagean.loginWebApp.controllers.RestControllers.Log
2019-05-09 13:43:17,661 INFO org.springframework.scheduling.concurrent.ExecutorConfigurationSupport [main] Initializing ExecutorService 'applicationTaskExecutor'
2019-05-09 13:43:17,887 INFO org.springframework.mock.web.MockServletContext [main] Initializing Spring TestDispatcherServlet ''
2019-05-09 13:43:17,888 INFO org.springframework.web.servlet.FrameworkServlet [main] Initializing Servlet ''
2019-05-09 13:43:17,898 INFO org.springframework.web.servlet.FrameworkServlet [main] Completed initialization in 10 ms
2019-05-09 13:43:17,915 INFO org.springframework.boot.StartupInfoLogger [main] Started TestSessisonManagerConnection in 0.976 seconds (JVM running for 4.982)
2019-05-09 13:43:21,040 INFO org.springframework.scheduling.concurrent.ExecutorConfigurationSupport [Thread-3] Shutting down ExecutorService 'applicationTaskExecutor'
2019-05-09 13:43:21,042 INFO org.springframework.scheduling.concurrent.ExecutorConfigurationSupport [Thread-7] Shutting down ExecutorService 'applicationTaskExecutor'
2019-05-09 13:43:52,565 INFO org.springframework.boot.StartupInfoLogger [main] Starting LoginWebAppApplicationTests on nikos-Lenovo-V310-15IKB with PID 10619 (started by nikos in /home/nikos/NetBeansProjects/esmo.gr.idp)
2019-05-09 13:43:52,567 INFO org.springframework.boot.SpringApplication [main] The following profiles are active: test
2019-05-09 13:43:54,308 INFO org.springframework.beans.factory.annotation.AutowiredAnnotationBeanPostProcessor [main] Autowired annotation is not supported on static fields: private static final org.slf4j.Logger gr.uagean.loginWebApp.controllers.GRControllers.LOG
2019-05-09 13:43:54,330 INFO com.google.code.ssm.config.DefaultAddressProvider [main] Defined values 172.17.0.1:11211 will be used as memcached addresses
2019-05-09 13:43:54,393 INFO org.springframework.beans.factory.annotation.AutowiredAnnotationBeanPostProcessor [main] Autowired annotation is not supported on static fields: private static final org.slf4j.Logger gr.uagean.loginWebApp.controllers.NOControllers.LOG
2019-05-09 13:43:54,405 INFO org.springframework.beans.factory.annotation.AutowiredAnnotationBeanPostProcessor [main] Autowired annotation is not supported on static fields: private static final org.slf4j.Logger gr.uagean.loginWebApp.controllers.RestControllers.Log
2019-05-09 13:43:54,983 INFO org.springframework.scheduling.concurrent.ExecutorConfigurationSupport [main] Initializing ExecutorService 'applicationTaskExecutor'
2019-05-09 13:43:55,399 INFO org.springframework.boot.StartupInfoLogger [main] Started LoginWebAppApplicationTests in 3.233 seconds (JVM running for 3.988)
2019-05-09 13:43:55,433 INFO org.springframework.test.context.support.AbstractTestContextBootstrapper [main] Neither @ContextConfiguration nor @ContextHierarchy found for test class [gr.uaegean.loginWebApp.integration.TestSessisonManagerConnection], using SpringBootContextLoader
2019-05-09 13:43:55,434 INFO org.springframework.test.context.support.AbstractContextLoader [main] Could not detect default resource locations for test class [gr.uaegean.loginWebApp.integration.TestSessisonManagerConnection]: no resource found for suffixes {-context.xml, Context.groovy}.
2019-05-09 13:43:55,445 INFO org.springframework.test.context.support.AbstractTestContextBootstrapper [main] Loaded default TestExecutionListener class names from location [META-INF/spring.factories]: [org.springframework.boot.test.mock.mockito.MockitoTestExecutionListener, org.springframework.boot.test.mock.mockito.ResetMocksTestExecutionListener, org.springframework.boot.test.autoconfigure.restdocs.RestDocsTestExecutionListener, org.springframework.boot.test.autoconfigure.web.client.MockRestServiceServerResetTestExecutionListener, org.springframework.boot.test.autoconfigure.web.servlet.MockMvcPrintOnlyOnFailureTestExecutionListener, org.springframework.boot.test.autoconfigure.web.servlet.WebDriverTestExecutionListener, org.springframework.test.context.web.ServletTestExecutionListener, org.springframework.test.context.support.DirtiesContextBeforeModesTestExecutionListener, org.springframework.test.context.support.DependencyInjectionTestExecutionListener, org.springframework.test.context.support.DirtiesContextTestExecutionListener, org.springframework.test.context.transaction.TransactionalTestExecutionListener, org.springframework.test.context.jdbc.SqlScriptsTestExecutionListener]
2019-05-09 13:43:55,446 INFO org.springframework.test.context.support.AbstractTestContextBootstrapper [main] Using TestExecutionListeners: [org.springframework.test.context.web.ServletTestExecutionListener@753aca85, org.springframework.test.context.support.DirtiesContextBeforeModesTestExecutionListener@2e645fbd, org.springframework.boot.test.mock.mockito.MockitoTestExecutionListener@574a89e2, org.springframework.boot.test.autoconfigure.SpringBootDependencyInjectionTestExecutionListener@1e1e9ef3, org.springframework.test.context.support.DirtiesContextTestExecutionListener@3dd31157, org.springframework.boot.test.mock.mockito.ResetMocksTestExecutionListener@31c628e7, org.springframework.boot.test.autoconfigure.restdocs.RestDocsTestExecutionListener@3240b2a4, org.springframework.boot.test.autoconfigure.web.client.MockRestServiceServerResetTestExecutionListener@58434b19, org.springframework.boot.test.autoconfigure.web.servlet.MockMvcPrintOnlyOnFailureTestExecutionListener@7d3fb0ef, org.springframework.boot.test.autoconfigure.web.servlet.WebDriverTestExecutionListener@7dbe2ebf]
2019-05-09 13:43:55,483 INFO org.springframework.boot.StartupInfoLogger [main] Starting TestSessisonManagerConnection on nikos-Lenovo-V310-15IKB with PID 10619 (started by nikos in /home/nikos/NetBeansProjects/esmo.gr.idp)
2019-05-09 13:43:55,486 INFO org.springframework.boot.SpringApplication [main] The following profiles are active: test
2019-05-09 13:43:55,935 INFO org.springframework.beans.factory.annotation.AutowiredAnnotationBeanPostProcessor [main] Autowired annotation is not supported on static fields: private static final org.slf4j.Logger gr.uagean.loginWebApp.controllers.GRControllers.LOG
2019-05-09 13:43:55,940 INFO com.google.code.ssm.config.DefaultAddressProvider [main] Defined values 172.17.0.1:11211 will be used as memcached addresses
2019-05-09 13:43:55,955 INFO org.springframework.beans.factory.annotation.AutowiredAnnotationBeanPostProcessor [main] Autowired annotation is not supported on static fields: private static final org.slf4j.Logger gr.uagean.loginWebApp.controllers.NOControllers.LOG
2019-05-09 13:43:55,964 INFO org.springframework.beans.factory.annotation.AutowiredAnnotationBeanPostProcessor [main] Autowired annotation is not supported on static fields: private static final org.slf4j.Logger gr.uagean.loginWebApp.controllers.RestControllers.Log
2019-05-09 13:43:56,282 INFO org.springframework.scheduling.concurrent.ExecutorConfigurationSupport [main] Initializing ExecutorService 'applicationTaskExecutor'
2019-05-09 13:43:56,518 INFO org.springframework.mock.web.MockServletContext [main] Initializing Spring TestDispatcherServlet ''
2019-05-09 13:43:56,519 INFO org.springframework.web.servlet.FrameworkServlet [main] Initializing Servlet ''
2019-05-09 13:43:56,532 INFO org.springframework.web.servlet.FrameworkServlet [main] Completed initialization in 13 ms
2019-05-09 13:43:56,551 INFO org.springframework.boot.StartupInfoLogger [main] Started TestSessisonManagerConnection in 1.102 seconds (JVM running for 5.14)
2019-05-09 13:43:59,513 INFO org.springframework.scheduling.concurrent.ExecutorConfigurationSupport [Thread-7] Shutting down ExecutorService 'applicationTaskExecutor'
2019-05-09 13:43:59,510 INFO org.springframework.scheduling.concurrent.ExecutorConfigurationSupport [Thread-3] Shutting down ExecutorService 'applicationTaskExecutor'
2019-05-09 14:12:12,643 INFO org.springframework.boot.StartupInfoLogger [main] Starting LoginWebAppApplication on nikos-Lenovo-V310-15IKB with PID 12065 (/home/nikos/NetBeansProjects/esmo.gr.idp/target/classes started by nikos in /home/nikos/NetBeansProjects/esmo.gr.idp)
2019-05-09 14:12:12,655 INFO org.springframework.boot.SpringApplication [main] No active profile set, falling back to default profiles: default
2019-05-09 14:12:15,394 INFO org.springframework.boot.web.embedded.tomcat.TomcatWebServer [main] Tomcat initialized with port(s): 8080 (http)
2019-05-09 14:12:15,427 INFO org.apache.juli.logging.DirectJDKLog [main] Initializing ProtocolHandler ["http-nio-8080"]
2019-05-09 14:12:15,446 INFO org.apache.juli.logging.DirectJDKLog [main] Starting service [Tomcat]
2019-05-09 14:12:15,447 INFO org.apache.juli.logging.DirectJDKLog [main] Starting Servlet Engine: Apache Tomcat/9.0.13
2019-05-09 14:12:15,471 INFO org.apache.juli.logging.DirectJDKLog [main] The APR based Apache Tomcat Native library which allows optimal performance in production environments was not found on the java.library.path: [/usr/lib/jvm/java-8-oracle/jre/lib/amd64:/usr/lib/jvm/java-8-oracle/jre/lib/i386::/usr/java/packages/lib/amd64:/usr/lib64:/lib64:/lib:/usr/lib]
2019-05-09 14:12:15,600 INFO org.apache.juli.logging.DirectJDKLog [main] Initializing Spring embedded WebApplicationContext
2019-05-09 14:12:15,600 INFO org.springframework.boot.web.servlet.context.ServletWebServerApplicationContext [main] Root WebApplicationContext: initialization completed in 2838 ms
2019-05-09 14:12:15,912 INFO org.springframework.beans.factory.annotation.AutowiredAnnotationBeanPostProcessor [main] Autowired annotation is not supported on static fields: private static final org.slf4j.Logger gr.uagean.loginWebApp.controllers.GRControllers.LOG
2019-05-09 14:12:15,932 INFO com.google.code.ssm.config.DefaultAddressProvider [main] Defined values 172.17.0.1:11211 will be used as memcached addresses
2019-05-09 14:12:16,303 INFO org.springframework.beans.factory.annotation.AutowiredAnnotationBeanPostProcessor [main] Autowired annotation is not supported on static fields: private static final org.slf4j.Logger gr.uagean.loginWebApp.controllers.NOControllers.LOG
2019-05-09 14:12:16,318 INFO org.springframework.beans.factory.annotation.AutowiredAnnotationBeanPostProcessor [main] Autowired annotation is not supported on static fields: private static final org.slf4j.Logger gr.uagean.loginWebApp.controllers.RestControllers.Log
2019-05-09 14:12:16,706 INFO org.springframework.scheduling.concurrent.ExecutorConfigurationSupport [main] Initializing ExecutorService 'applicationTaskExecutor'
2019-05-09 14:12:17,346 INFO org.apache.juli.logging.DirectJDKLog [main] Starting ProtocolHandler ["http-nio-8080"]
2019-05-09 14:12:17,350 INFO org.apache.juli.logging.DirectJDKLog [main] Using a shared selector for servlet write/read
2019-05-09 14:12:17,401 INFO org.springframework.boot.web.embedded.tomcat.TomcatWebServer [main] Tomcat started on port(s): 8080 (http) with context path ''
2019-05-09 14:12:17,411 INFO org.springframework.boot.StartupInfoLogger [main] Started LoginWebAppApplication in 5.412 seconds (JVM running for 6.032)
2019-05-09 14:13:21,778 INFO org.springframework.boot.StartupInfoLogger [main] Starting TestSessisonManagerConnection on nikos-Lenovo-V310-15IKB with PID 12163 (started by nikos in /home/nikos/NetBeansProjects/esmo.gr.idp)
2019-05-09 14:13:21,779 INFO org.springframework.boot.SpringApplication [main] The following profiles are active: test
2019-05-09 14:13:24,286 INFO org.springframework.beans.factory.annotation.AutowiredAnnotationBeanPostProcessor [main] Autowired annotation is not supported on static fields: private static final org.slf4j.Logger gr.uagean.loginWebApp.controllers.GRControllers.LOG
2019-05-09 14:13:24,320 INFO com.google.code.ssm.config.DefaultAddressProvider [main] Defined values 172.17.0.1:11211 will be used as memcached addresses
2019-05-09 14:13:24,400 INFO org.springframework.beans.factory.annotation.AutowiredAnnotationBeanPostProcessor [main] Autowired annotation is not supported on static fields: private static final org.slf4j.Logger gr.uagean.loginWebApp.controllers.NOControllers.LOG
2019-05-09 14:13:24,414 INFO org.springframework.beans.factory.annotation.AutowiredAnnotationBeanPostProcessor [main] Autowired annotation is not supported on static fields: private static final org.slf4j.Logger gr.uagean.loginWebApp.controllers.RestControllers.Log
2019-05-09 14:13:25,078 INFO org.springframework.scheduling.concurrent.ExecutorConfigurationSupport [main] Initializing ExecutorService 'applicationTaskExecutor'
2019-05-09 14:13:25,479 INFO org.springframework.mock.web.MockServletContext [main] Initializing Spring TestDispatcherServlet ''
2019-05-09 14:13:25,480 INFO org.springframework.web.servlet.FrameworkServlet [main] Initializing Servlet ''
2019-05-09 14:13:25,493 INFO org.springframework.web.servlet.FrameworkServlet [main] Completed initialization in 12 ms
2019-05-09 14:13:25,527 INFO org.springframework.boot.StartupInfoLogger [main] Started TestSessisonManagerConnection in 4.17 seconds (JVM running for 5.126)
2019-05-09 14:13:26,704 INFO org.springframework.scheduling.concurrent.ExecutorConfigurationSupport [Thread-4] Shutting down ExecutorService 'applicationTaskExecutor'
2019-05-09 14:13:53,604 INFO org.apache.juli.logging.DirectJDKLog [http-nio-8080-exec-1] Initializing Spring DispatcherServlet 'dispatcherServlet'
2019-05-09 14:13:53,605 INFO org.springframework.web.servlet.FrameworkServlet [http-nio-8080-exec-1] Initializing Servlet 'dispatcherServlet'
2019-05-09 14:13:53,614 INFO org.springframework.web.servlet.FrameworkServlet [http-nio-8080-exec-1] Completed initialization in 8 ms
2019-05-09 14:13:54,157 INFO gr.uagean.loginWebApp.controllers.RestControllers [http-nio-8080-exec-1] got SP origin:NO
2019-05-09 14:13:54,157 INFO gr.uagean.loginWebApp.controllers.RestControllers [http-nio-8080-exec-1] redirecting to :NO
2019-05-09 14:14:38,078 INFO com.google.code.ssm.spring.SSMCache [http-nio-8080-exec-1] Put '4668cbf3-4b0c-42a2-a163-95d71e9a44c9' under key 84df9925-691b-4ca0-a508-d93d42da2760 to cache idpms
2019-05-09 14:18:52,855 INFO org.springframework.boot.StartupInfoLogger [main] Starting LoginWebAppApplicationTests on nikos-Lenovo-V310-15IKB with PID 12442 (started by nikos in /home/nikos/NetBeansProjects/esmo.gr.idp)
2019-05-09 14:18:52,858 INFO org.springframework.boot.SpringApplication [main] The following profiles are active: test
2019-05-09 14:18:54,797 INFO org.springframework.beans.factory.annotation.AutowiredAnnotationBeanPostProcessor [main] Autowired annotation is not supported on static fields: private static final org.slf4j.Logger gr.uagean.loginWebApp.controllers.GRControllers.LOG
2019-05-09 14:18:54,821 INFO com.google.code.ssm.config.DefaultAddressProvider [main] Defined values 172.17.0.1:11211 will be used as memcached addresses
2019-05-09 14:18:54,895 INFO org.springframework.beans.factory.annotation.AutowiredAnnotationBeanPostProcessor [main] Autowired annotation is not supported on static fields: private static final org.slf4j.Logger gr.uagean.loginWebApp.controllers.NOControllers.LOG
2019-05-09 14:18:54,907 INFO org.springframework.beans.factory.annotation.AutowiredAnnotationBeanPostProcessor [main] Autowired annotation is not supported on static fields: private static final org.slf4j.Logger gr.uagean.loginWebApp.controllers.RestControllers.Log
2019-05-09 14:18:55,616 INFO org.springframework.scheduling.concurrent.ExecutorConfigurationSupport [main] Initializing ExecutorService 'applicationTaskExecutor'
2019-05-09 14:18:56,473 INFO org.springframework.boot.StartupInfoLogger [main] Started LoginWebAppApplicationTests in 4.232 seconds (JVM running for 5.216)
2019-05-09 14:18:56,531 INFO org.springframework.test.context.support.AbstractTestContextBootstrapper [main] Neither @ContextConfiguration nor @ContextHierarchy found for test class [gr.uaegean.loginWebApp.integration.TestSessisonManagerConnection], using SpringBootContextLoader
2019-05-09 14:18:56,533 INFO org.springframework.test.context.support.AbstractContextLoader [main] Could not detect default resource locations for test class [gr.uaegean.loginWebApp.integration.TestSessisonManagerConnection]: no resource found for suffixes {-context.xml, Context.groovy}.
2019-05-09 14:18:56,552 INFO org.springframework.test.context.support.AbstractTestContextBootstrapper [main] Loaded default TestExecutionListener class names from location [META-INF/spring.factories]: [org.springframework.boot.test.mock.mockito.MockitoTestExecutionListener, org.springframework.boot.test.mock.mockito.ResetMocksTestExecutionListener, org.springframework.boot.test.autoconfigure.restdocs.RestDocsTestExecutionListener, org.springframework.boot.test.autoconfigure.web.client.MockRestServiceServerResetTestExecutionListener, org.springframework.boot.test.autoconfigure.web.servlet.MockMvcPrintOnlyOnFailureTestExecutionListener, org.springframework.boot.test.autoconfigure.web.servlet.WebDriverTestExecutionListener, org.springframework.test.context.web.ServletTestExecutionListener, org.springframework.test.context.support.DirtiesContextBeforeModesTestExecutionListener, org.springframework.test.context.support.DependencyInjectionTestExecutionListener, org.springframework.test.context.support.DirtiesContextTestExecutionListener, org.springframework.test.context.transaction.TransactionalTestExecutionListener, org.springframework.test.context.jdbc.SqlScriptsTestExecutionListener]
2019-05-09 14:18:56,554 INFO org.springframework.test.context.support.AbstractTestContextBootstrapper [main] Using TestExecutionListeners: [org.springframework.test.context.web.ServletTestExecutionListener@4437ac07, org.springframework.test.context.support.DirtiesContextBeforeModesTestExecutionListener@3f1ed068, org.springframework.boot.test.mock.mockito.MockitoTestExecutionListener@753aca85, org.springframework.boot.test.autoconfigure.SpringBootDependencyInjectionTestExecutionListener@2e645fbd, org.springframework.test.context.support.DirtiesContextTestExecutionListener@574a89e2, org.springframework.boot.test.mock.mockito.ResetMocksTestExecutionListener@1e1e9ef3, org.springframework.boot.test.autoconfigure.restdocs.RestDocsTestExecutionListener@3dd31157, org.springframework.boot.test.autoconfigure.web.client.MockRestServiceServerResetTestExecutionListener@31c628e7, org.springframework.boot.test.autoconfigure.web.servlet.MockMvcPrintOnlyOnFailureTestExecutionListener@3240b2a4, org.springframework.boot.test.autoconfigure.web.servlet.WebDriverTestExecutionListener@58434b19]
2019-05-09 14:18:56,611 INFO org.springframework.boot.StartupInfoLogger [main] Starting TestSessisonManagerConnection on nikos-Lenovo-V310-15IKB with PID 12442 (started by nikos in /home/nikos/NetBeansProjects/esmo.gr.idp)
2019-05-09 14:18:56,612 INFO org.springframework.boot.SpringApplication [main] The following profiles are active: test
2019-05-09 14:18:56,969 INFO org.springframework.beans.factory.annotation.AutowiredAnnotationBeanPostProcessor [main] Autowired annotation is not supported on static fields: private static final org.slf4j.Logger gr.uagean.loginWebApp.controllers.GRControllers.LOG
2019-05-09 14:18:56,975 INFO com.google.code.ssm.config.DefaultAddressProvider [main] Defined values 172.17.0.1:11211 will be used as memcached addresses
2019-05-09 14:18:56,997 INFO org.springframework.beans.factory.annotation.AutowiredAnnotationBeanPostProcessor [main] Autowired annotation is not supported on static fields: private static final org.slf4j.Logger gr.uagean.loginWebApp.controllers.NOControllers.LOG
2019-05-09 14:18:57,005 INFO org.springframework.beans.factory.annotation.AutowiredAnnotationBeanPostProcessor [main] Autowired annotation is not supported on static fields: private static final org.slf4j.Logger gr.uagean.loginWebApp.controllers.RestControllers.Log
2019-05-09 14:18:57,397 INFO org.springframework.scheduling.concurrent.ExecutorConfigurationSupport [main] Initializing ExecutorService 'applicationTaskExecutor'
2019-05-09 14:18:57,745 INFO org.springframework.mock.web.MockServletContext [main] Initializing Spring TestDispatcherServlet ''
2019-05-09 14:18:57,746 INFO org.springframework.web.servlet.FrameworkServlet [main] Initializing Servlet ''
2019-05-09 14:18:57,759 INFO org.springframework.web.servlet.FrameworkServlet [main] Completed initialization in 13 ms
2019-05-09 14:18:57,779 INFO org.springframework.boot.StartupInfoLogger [main] Started TestSessisonManagerConnection in 1.218 seconds (JVM running for 6.522)
2019-05-09 14:19:01,022 INFO org.springframework.scheduling.concurrent.ExecutorConfigurationSupport [Thread-3] Shutting down ExecutorService 'applicationTaskExecutor'
2019-05-09 14:19:01,022 INFO org.springframework.scheduling.concurrent.ExecutorConfigurationSupport [Thread-7] Shutting down ExecutorService 'applicationTaskExecutor'
2019-05-09 14:38:56,452 INFO org.springframework.boot.StartupInfoLogger [main] Starting LoginWebAppApplicationTests on nikos-Lenovo-V310-15IKB with PID 14870 (started by nikos in /home/nikos/NetBeansProjects/esmo.gr.idp)
2019-05-09 14:38:56,454 INFO org.springframework.boot.SpringApplication [main] The following profiles are active: test
2019-05-09 14:38:58,459 INFO org.springframework.beans.factory.annotation.AutowiredAnnotationBeanPostProcessor [main] Autowired annotation is not supported on static fields: private static final org.slf4j.Logger gr.uagean.loginWebApp.controllers.GRControllers.LOG
2019-05-09 14:38:58,481 INFO com.google.code.ssm.config.DefaultAddressProvider [main] Defined values 172.17.0.1:11211 will be used as memcached addresses
2019-05-09 14:38:58,541 INFO org.springframework.beans.factory.annotation.AutowiredAnnotationBeanPostProcessor [main] Autowired annotation is not supported on static fields: private static final org.slf4j.Logger gr.uagean.loginWebApp.controllers.NOControllers.LOG
2019-05-09 14:38:58,551 INFO org.springframework.beans.factory.annotation.AutowiredAnnotationBeanPostProcessor [main] Autowired annotation is not supported on static fields: private static final org.slf4j.Logger gr.uagean.loginWebApp.controllers.RestControllers.Log
2019-05-09 14:38:59,153 INFO org.springframework.scheduling.concurrent.ExecutorConfigurationSupport [main] Initializing ExecutorService 'applicationTaskExecutor'
2019-05-09 14:38:59,577 INFO org.springframework.boot.StartupInfoLogger [main] Started LoginWebAppApplicationTests in 3.563 seconds (JVM running for 4.545)
2019-05-09 14:38:59,620 INFO org.springframework.test.context.support.AbstractTestContextBootstrapper [main] Neither @ContextConfiguration nor @ContextHierarchy found for test class [gr.uaegean.loginWebApp.integration.TestSessisonManagerConnection], using SpringBootContextLoader
2019-05-09 14:38:59,621 INFO org.springframework.test.context.support.AbstractContextLoader [main] Could not detect default resource locations for test class [gr.uaegean.loginWebApp.integration.TestSessisonManagerConnection]: no resource found for suffixes {-context.xml, Context.groovy}.
2019-05-09 14:38:59,633 INFO org.springframework.test.context.support.AbstractTestContextBootstrapper [main] Loaded default TestExecutionListener class names from location [META-INF/spring.factories]: [org.springframework.boot.test.mock.mockito.MockitoTestExecutionListener, org.springframework.boot.test.mock.mockito.ResetMocksTestExecutionListener, org.springframework.boot.test.autoconfigure.restdocs.RestDocsTestExecutionListener, org.springframework.boot.test.autoconfigure.web.client.MockRestServiceServerResetTestExecutionListener, org.springframework.boot.test.autoconfigure.web.servlet.MockMvcPrintOnlyOnFailureTestExecutionListener, org.springframework.boot.test.autoconfigure.web.servlet.WebDriverTestExecutionListener, org.springframework.test.context.web.ServletTestExecutionListener, org.springframework.test.context.support.DirtiesContextBeforeModesTestExecutionListener, org.springframework.test.context.support.DependencyInjectionTestExecutionListener, org.springframework.test.context.support.DirtiesContextTestExecutionListener, org.springframework.test.context.transaction.TransactionalTestExecutionListener, org.springframework.test.context.jdbc.SqlScriptsTestExecutionListener]
2019-05-09 14:38:59,634 INFO org.springframework.test.context.support.AbstractTestContextBootstrapper [main] Using TestExecutionListeners: [org.springframework.test.context.web.ServletTestExecutionListener@753aca85, org.springframework.test.context.support.DirtiesContextBeforeModesTestExecutionListener@2e645fbd, org.springframework.boot.test.mock.mockito.MockitoTestExecutionListener@574a89e2, org.springframework.boot.test.autoconfigure.SpringBootDependencyInjectionTestExecutionListener@1e1e9ef3, org.springframework.test.context.support.DirtiesContextTestExecutionListener@3dd31157, org.springframework.boot.test.mock.mockito.ResetMocksTestExecutionListener@31c628e7, org.springframework.boot.test.autoconfigure.restdocs.RestDocsTestExecutionListener@3240b2a4, org.springframework.boot.test.autoconfigure.web.client.MockRestServiceServerResetTestExecutionListener@58434b19, org.springframework.boot.test.autoconfigure.web.servlet.MockMvcPrintOnlyOnFailureTestExecutionListener@7d3fb0ef, org.springframework.boot.test.autoconfigure.web.servlet.WebDriverTestExecutionListener@7dbe2ebf]
2019-05-09 14:38:59,676 INFO org.springframework.boot.StartupInfoLogger [main] Starting TestSessisonManagerConnection on nikos-Lenovo-V310-15IKB with PID 14870 (started by nikos in /home/nikos/NetBeansProjects/esmo.gr.idp)
2019-05-09 14:38:59,676 INFO org.springframework.boot.SpringApplication [main] The following profiles are active: test
2019-05-09 14:39:00,028 INFO org.springframework.beans.factory.annotation.AutowiredAnnotationBeanPostProcessor [main] Autowired annotation is not supported on static fields: private static final org.slf4j.Logger gr.uagean.loginWebApp.controllers.GRControllers.LOG
2019-05-09 14:39:00,033 INFO com.google.code.ssm.config.DefaultAddressProvider [main] Defined values 172.17.0.1:11211 will be used as memcached addresses
2019-05-09 14:39:00,057 INFO org.springframework.beans.factory.annotation.AutowiredAnnotationBeanPostProcessor [main] Autowired annotation is not supported on static fields: private static final org.slf4j.Logger gr.uagean.loginWebApp.controllers.NOControllers.LOG
2019-05-09 14:39:00,064 INFO org.springframework.beans.factory.annotation.AutowiredAnnotationBeanPostProcessor [main] Autowired annotation is not supported on static fields: private static final org.slf4j.Logger gr.uagean.loginWebApp.controllers.RestControllers.Log
2019-05-09 14:39:00,374 INFO org.springframework.scheduling.concurrent.ExecutorConfigurationSupport [main] Initializing ExecutorService 'applicationTaskExecutor'
2019-05-09 14:39:00,614 INFO org.springframework.mock.web.MockServletContext [main] Initializing Spring TestDispatcherServlet ''
2019-05-09 14:39:00,615 INFO org.springframework.web.servlet.FrameworkServlet [main] Initializing Servlet ''
2019-05-09 14:39:00,631 INFO org.springframework.web.servlet.FrameworkServlet [main] Completed initialization in 15 ms
2019-05-09 14:39:00,658 INFO org.springframework.boot.StartupInfoLogger [main] Started TestSessisonManagerConnection in 1.021 seconds (JVM running for 5.626)
2019-05-09 14:39:04,057 INFO org.springframework.scheduling.concurrent.ExecutorConfigurationSupport [Thread-3] Shutting down ExecutorService 'applicationTaskExecutor'
2019-05-09 14:39:04,069 INFO org.springframework.scheduling.concurrent.ExecutorConfigurationSupport [Thread-7] Shutting down ExecutorService 'applicationTaskExecutor'
2019-05-09 14:42:56,421 INFO org.springframework.boot.StartupInfoLogger [main] Starting LoginWebAppApplicationTests on nikos-Lenovo-V310-15IKB with PID 15164 (started by nikos in /home/nikos/NetBeansProjects/esmo.gr.idp)
2019-05-09 14:42:56,423 INFO org.springframework.boot.SpringApplication [main] The following profiles are active: test
2019-05-09 14:42:58,182 INFO org.springframework.beans.factory.annotation.AutowiredAnnotationBeanPostProcessor [main] Autowired annotation is not supported on static fields: private static final org.slf4j.Logger gr.uagean.loginWebApp.controllers.GRControllers.LOG
2019-05-09 14:42:58,204 INFO com.google.code.ssm.config.DefaultAddressProvider [main] Defined values 172.17.0.1:11211 will be used as memcached addresses
2019-05-09 14:42:58,266 INFO org.springframework.beans.factory.annotation.AutowiredAnnotationBeanPostProcessor [main] Autowired annotation is not supported on static fields: private static final org.slf4j.Logger gr.uagean.loginWebApp.controllers.NOControllers.LOG
2019-05-09 14:42:58,278 INFO org.springframework.beans.factory.annotation.AutowiredAnnotationBeanPostProcessor [main] Autowired annotation is not supported on static fields: private static final org.slf4j.Logger gr.uagean.loginWebApp.controllers.RestControllers.Log
2019-05-09 14:42:58,945 INFO org.springframework.scheduling.concurrent.ExecutorConfigurationSupport [main] Initializing ExecutorService 'applicationTaskExecutor'
2019-05-09 14:42:59,330 INFO org.springframework.boot.StartupInfoLogger [main] Started LoginWebAppApplicationTests in 3.31 seconds (JVM running for 4.225)
2019-05-09 14:42:59,368 INFO org.springframework.test.context.support.AbstractTestContextBootstrapper [main] Neither @ContextConfiguration nor @ContextHierarchy found for test class [gr.uaegean.loginWebApp.integration.TestSessisonManagerConnection], using SpringBootContextLoader
2019-05-09 14:42:59,370 INFO org.springframework.test.context.support.AbstractContextLoader [main] Could not detect default resource locations for test class [gr.uaegean.loginWebApp.integration.TestSessisonManagerConnection]: no resource found for suffixes {-context.xml, Context.groovy}.
2019-05-09 14:42:59,399 INFO org.springframework.test.context.support.AbstractTestContextBootstrapper [main] Loaded default TestExecutionListener class names from location [META-INF/spring.factories]: [org.springframework.boot.test.mock.mockito.MockitoTestExecutionListener, org.springframework.boot.test.mock.mockito.ResetMocksTestExecutionListener, org.springframework.boot.test.autoconfigure.restdocs.RestDocsTestExecutionListener, org.springframework.boot.test.autoconfigure.web.client.MockRestServiceServerResetTestExecutionListener, org.springframework.boot.test.autoconfigure.web.servlet.MockMvcPrintOnlyOnFailureTestExecutionListener, org.springframework.boot.test.autoconfigure.web.servlet.WebDriverTestExecutionListener, org.springframework.test.context.web.ServletTestExecutionListener, org.springframework.test.context.support.DirtiesContextBeforeModesTestExecutionListener, org.springframework.test.context.support.DependencyInjectionTestExecutionListener, org.springframework.test.context.support.DirtiesContextTestExecutionListener, org.springframework.test.context.transaction.TransactionalTestExecutionListener, org.springframework.test.context.jdbc.SqlScriptsTestExecutionListener]
2019-05-09 14:42:59,400 INFO org.springframework.test.context.support.AbstractTestContextBootstrapper [main] Using TestExecutionListeners: [org.springframework.test.context.web.ServletTestExecutionListener@2e645fbd, org.springframework.test.context.support.DirtiesContextBeforeModesTestExecutionListener@574a89e2, org.springframework.boot.test.mock.mockito.MockitoTestExecutionListener@1e1e9ef3, org.springframework.boot.test.autoconfigure.SpringBootDependencyInjectionTestExecutionListener@3dd31157, org.springframework.test.context.support.DirtiesContextTestExecutionListener@31c628e7, org.springframework.boot.test.mock.mockito.ResetMocksTestExecutionListener@3240b2a4, org.springframework.boot.test.autoconfigure.restdocs.RestDocsTestExecutionListener@58434b19, org.springframework.boot.test.autoconfigure.web.client.MockRestServiceServerResetTestExecutionListener@7d3fb0ef, org.springframework.boot.test.autoconfigure.web.servlet.MockMvcPrintOnlyOnFailureTestExecutionListener@7dbe2ebf, org.springframework.boot.test.autoconfigure.web.servlet.WebDriverTestExecutionListener@4adc663e]
2019-05-09 14:42:59,443 INFO org.springframework.boot.StartupInfoLogger [main] Starting TestSessisonManagerConnection on nikos-Lenovo-V310-15IKB with PID 15164 (started by nikos in /home/nikos/NetBeansProjects/esmo.gr.idp)
2019-05-09 14:42:59,444 INFO org.springframework.boot.SpringApplication [main] The following profiles are active: test
2019-05-09 14:42:59,733 INFO org.springframework.beans.factory.annotation.AutowiredAnnotationBeanPostProcessor [main] Autowired annotation is not supported on static fields: private static final org.slf4j.Logger gr.uagean.loginWebApp.controllers.GRControllers.LOG
2019-05-09 14:42:59,742 INFO com.google.code.ssm.config.DefaultAddressProvider [main] Defined values 172.17.0.1:11211 will be used as memcached addresses
2019-05-09 14:42:59,760 INFO org.springframework.beans.factory.annotation.AutowiredAnnotationBeanPostProcessor [main] Autowired annotation is not supported on static fields: private static final org.slf4j.Logger gr.uagean.loginWebApp.controllers.NOControllers.LOG
2019-05-09 14:42:59,768 INFO org.springframework.beans.factory.annotation.AutowiredAnnotationBeanPostProcessor [main] Autowired annotation is not supported on static fields: private static final org.slf4j.Logger gr.uagean.loginWebApp.controllers.RestControllers.Log
2019-05-09 14:43:00,058 INFO org.springframework.scheduling.concurrent.ExecutorConfigurationSupport [main] Initializing ExecutorService 'applicationTaskExecutor'
2019-05-09 14:43:00,245 INFO org.springframework.mock.web.MockServletContext [main] Initializing Spring TestDispatcherServlet ''
2019-05-09 14:43:00,246 INFO org.springframework.web.servlet.FrameworkServlet [main] Initializing Servlet ''
2019-05-09 14:43:00,259 INFO org.springframework.web.servlet.FrameworkServlet [main] Completed initialization in 12 ms
2019-05-09 14:43:00,278 INFO org.springframework.boot.StartupInfoLogger [main] Started TestSessisonManagerConnection in 0.875 seconds (JVM running for 5.173)
2019-05-09 14:43:03,589 INFO org.springframework.scheduling.concurrent.ExecutorConfigurationSupport [Thread-3] Shutting down ExecutorService 'applicationTaskExecutor'
2019-05-09 14:43:03,601 INFO org.springframework.scheduling.concurrent.ExecutorConfigurationSupport [Thread-7] Shutting down ExecutorService 'applicationTaskExecutor'
2019-05-09 15:20:01,602 INFO org.springframework.boot.StartupInfoLogger [main] Starting LoginWebAppApplicationTests on nikos-Lenovo-V310-15IKB with PID 16837 (started by nikos in /home/nikos/NetBeansProjects/esmo.gr.idp)
2019-05-09 15:20:01,604 INFO org.springframework.boot.SpringApplication [main] The following profiles are active: test
2019-05-09 15:20:03,991 INFO org.springframework.beans.factory.annotation.AutowiredAnnotationBeanPostProcessor [main] Autowired annotation is not supported on static fields: private static final org.slf4j.Logger gr.uagean.loginWebApp.controllers.GRControllers.LOG
2019-05-09 15:20:04,013 INFO com.google.code.ssm.config.DefaultAddressProvider [main] Defined values 172.17.0.1:11211 will be used as memcached addresses
2019-05-09 15:20:04,078 INFO org.springframework.beans.factory.annotation.AutowiredAnnotationBeanPostProcessor [main] Autowired annotation is not supported on static fields: private static final org.slf4j.Logger gr.uagean.loginWebApp.controllers.NOControllers.LOG
2019-05-09 15:20:04,088 INFO org.springframework.beans.factory.annotation.AutowiredAnnotationBeanPostProcessor [main] Autowired annotation is not supported on static fields: private static final org.slf4j.Logger gr.uagean.loginWebApp.controllers.RestControllers.Log
2019-05-09 15:20:04,720 INFO org.springframework.scheduling.concurrent.ExecutorConfigurationSupport [main] Initializing ExecutorService 'applicationTaskExecutor'
2019-05-09 15:20:05,120 INFO org.springframework.boot.StartupInfoLogger [main] Started LoginWebAppApplicationTests in 4.012 seconds (JVM running for 5.219)
2019-05-09 15:20:05,155 INFO org.springframework.test.context.support.AbstractTestContextBootstrapper [main] Neither @ContextConfiguration nor @ContextHierarchy found for test class [gr.uaegean.loginWebApp.integration.TestSessisonManagerConnection], using SpringBootContextLoader
2019-05-09 15:20:05,156 INFO org.springframework.test.context.support.AbstractContextLoader [main] Could not detect default resource locations for test class [gr.uaegean.loginWebApp.integration.TestSessisonManagerConnection]: no resource found for suffixes {-context.xml, Context.groovy}.
2019-05-09 15:20:05,170 INFO org.springframework.test.context.support.AbstractTestContextBootstrapper [main] Loaded default TestExecutionListener class names from location [META-INF/spring.factories]: [org.springframework.boot.test.mock.mockito.MockitoTestExecutionListener, org.springframework.boot.test.mock.mockito.ResetMocksTestExecutionListener, org.springframework.boot.test.autoconfigure.restdocs.RestDocsTestExecutionListener, org.springframework.boot.test.autoconfigure.web.client.MockRestServiceServerResetTestExecutionListener, org.springframework.boot.test.autoconfigure.web.servlet.MockMvcPrintOnlyOnFailureTestExecutionListener, org.springframework.boot.test.autoconfigure.web.servlet.WebDriverTestExecutionListener, org.springframework.test.context.web.ServletTestExecutionListener, org.springframework.test.context.support.DirtiesContextBeforeModesTestExecutionListener, org.springframework.test.context.support.DependencyInjectionTestExecutionListener, org.springframework.test.context.support.DirtiesContextTestExecutionListener, org.springframework.test.context.transaction.TransactionalTestExecutionListener, org.springframework.test.context.jdbc.SqlScriptsTestExecutionListener]
2019-05-09 15:20:05,171 INFO org.springframework.test.context.support.AbstractTestContextBootstrapper [main] Using TestExecutionListeners: [org.springframework.test.context.web.ServletTestExecutionListener@6edf29c1, org.springframework.test.context.support.DirtiesContextBeforeModesTestExecutionListener@79a04e5f, org.springframework.boot.test.mock.mockito.MockitoTestExecutionListener@66b59b7d, org.springframework.boot.test.autoconfigure.SpringBootDependencyInjectionTestExecutionListener@53311681, org.springframework.test.context.support.DirtiesContextTestExecutionListener@4437ac07, org.springframework.boot.test.mock.mockito.ResetMocksTestExecutionListener@3f1ed068, org.springframework.boot.test.autoconfigure.restdocs.RestDocsTestExecutionListener@753aca85, org.springframework.boot.test.autoconfigure.web.client.MockRestServiceServerResetTestExecutionListener@2e645fbd, org.springframework.boot.test.autoconfigure.web.servlet.MockMvcPrintOnlyOnFailureTestExecutionListener@574a89e2, org.springframework.boot.test.autoconfigure.web.servlet.WebDriverTestExecutionListener@1e1e9ef3]
2019-05-09 15:20:05,233 INFO org.springframework.boot.StartupInfoLogger [main] Starting TestSessisonManagerConnection on nikos-Lenovo-V310-15IKB with PID 16837 (started by nikos in /home/nikos/NetBeansProjects/esmo.gr.idp)
2019-05-09 15:20:05,242 INFO org.springframework.boot.SpringApplication [main] The following profiles are active: test
2019-05-09 15:20:05,575 INFO org.springframework.beans.factory.annotation.AutowiredAnnotationBeanPostProcessor [main] Autowired annotation is not supported on static fields: private static final org.slf4j.Logger gr.uagean.loginWebApp.controllers.GRControllers.LOG
2019-05-09 15:20:05,580 INFO com.google.code.ssm.config.DefaultAddressProvider [main] Defined values 172.17.0.1:11211 will be used as memcached addresses
2019-05-09 15:20:05,594 INFO org.springframework.beans.factory.annotation.AutowiredAnnotationBeanPostProcessor [main] Autowired annotation is not supported on static fields: private static final org.slf4j.Logger gr.uagean.loginWebApp.controllers.NOControllers.LOG
2019-05-09 15:20:05,601 INFO org.springframework.beans.factory.annotation.AutowiredAnnotationBeanPostProcessor [main] Autowired annotation is not supported on static fields: private static final org.slf4j.Logger gr.uagean.loginWebApp.controllers.RestControllers.Log
2019-05-09 15:20:05,939 INFO org.springframework.scheduling.concurrent.ExecutorConfigurationSupport [main] Initializing ExecutorService 'applicationTaskExecutor'
2019-05-09 15:20:06,129 INFO org.springframework.mock.web.MockServletContext [main] Initializing Spring TestDispatcherServlet ''
2019-05-09 15:20:06,133 INFO org.springframework.web.servlet.FrameworkServlet [main] Initializing Servlet ''
2019-05-09 15:20:06,147 INFO org.springframework.web.servlet.FrameworkServlet [main] Completed initialization in 13 ms
2019-05-09 15:20:06,166 INFO org.springframework.boot.StartupInfoLogger [main] Started TestSessisonManagerConnection in 0.98 seconds (JVM running for 6.265)
2019-05-09 15:20:09,141 INFO org.springframework.scheduling.concurrent.ExecutorConfigurationSupport [Thread-3] Shutting down ExecutorService 'applicationTaskExecutor'
2019-05-09 15:20:09,142 INFO org.springframework.scheduling.concurrent.ExecutorConfigurationSupport [Thread-7] Shutting down ExecutorService 'applicationTaskExecutor'
2019-05-09 15:23:31,729 INFO org.springframework.boot.StartupInfoLogger [main] Starting LoginWebAppApplicationTests on nikos-Lenovo-V310-15IKB with PID 17141 (started by nikos in /home/nikos/NetBeansProjects/esmo.gr.idp)
2019-05-09 15:23:31,730 INFO org.springframework.boot.SpringApplication [main] The following profiles are active: test
2019-05-09 15:23:33,380 INFO org.springframework.beans.factory.annotation.AutowiredAnnotationBeanPostProcessor [main] Autowired annotation is not supported on static fields: private static final org.slf4j.Logger gr.uagean.loginWebApp.controllers.GRControllers.LOG
2019-05-09 15:23:33,399 INFO com.google.code.ssm.config.DefaultAddressProvider [main] Defined values 172.17.0.1:11211 will be used as memcached addresses
2019-05-09 15:23:33,456 INFO org.springframework.beans.factory.annotation.AutowiredAnnotationBeanPostProcessor [main] Autowired annotation is not supported on static fields: private static final org.slf4j.Logger gr.uagean.loginWebApp.controllers.NOControllers.LOG
2019-05-09 15:23:33,466 INFO org.springframework.beans.factory.annotation.AutowiredAnnotationBeanPostProcessor [main] Autowired annotation is not supported on static fields: private static final org.slf4j.Logger gr.uagean.loginWebApp.controllers.RestControllers.Log
2019-05-09 15:23:34,078 INFO org.springframework.scheduling.concurrent.ExecutorConfigurationSupport [main] Initializing ExecutorService 'applicationTaskExecutor'
2019-05-09 15:23:34,454 INFO org.springframework.boot.StartupInfoLogger [main] Started LoginWebAppApplicationTests in 3.158 seconds (JVM running for 4.055)
2019-05-09 15:23:34,495 INFO org.springframework.test.context.support.AbstractTestContextBootstrapper [main] Neither @ContextConfiguration nor @ContextHierarchy found for test class [gr.uaegean.loginWebApp.integration.TestSessisonManagerConnection], using SpringBootContextLoader
2019-05-09 15:23:34,497 INFO org.springframework.test.context.support.AbstractContextLoader [main] Could not detect default resource locations for test class [gr.uaegean.loginWebApp.integration.TestSessisonManagerConnection]: no resource found for suffixes {-context.xml, Context.groovy}.
2019-05-09 15:23:34,510 INFO org.springframework.test.context.support.AbstractTestContextBootstrapper [main] Loaded default TestExecutionListener class names from location [META-INF/spring.factories]: [org.springframework.boot.test.mock.mockito.MockitoTestExecutionListener, org.springframework.boot.test.mock.mockito.ResetMocksTestExecutionListener, org.springframework.boot.test.autoconfigure.restdocs.RestDocsTestExecutionListener, org.springframework.boot.test.autoconfigure.web.client.MockRestServiceServerResetTestExecutionListener, org.springframework.boot.test.autoconfigure.web.servlet.MockMvcPrintOnlyOnFailureTestExecutionListener, org.springframework.boot.test.autoconfigure.web.servlet.WebDriverTestExecutionListener, org.springframework.test.context.web.ServletTestExecutionListener, org.springframework.test.context.support.DirtiesContextBeforeModesTestExecutionListener, org.springframework.test.context.support.DependencyInjectionTestExecutionListener, org.springframework.test.context.support.DirtiesContextTestExecutionListener, org.springframework.test.context.transaction.TransactionalTestExecutionListener, org.springframework.test.context.jdbc.SqlScriptsTestExecutionListener]
2019-05-09 15:23:34,511 INFO org.springframework.test.context.support.AbstractTestContextBootstrapper [main] Using TestExecutionListeners: [org.springframework.test.context.web.ServletTestExecutionListener@4437ac07, org.springframework.test.context.support.DirtiesContextBeforeModesTestExecutionListener@3f1ed068, org.springframework.boot.test.mock.mockito.MockitoTestExecutionListener@753aca85, org.springframework.boot.test.autoconfigure.SpringBootDependencyInjectionTestExecutionListener@2e645fbd, org.springframework.test.context.support.DirtiesContextTestExecutionListener@574a89e2, org.springframework.boot.test.mock.mockito.ResetMocksTestExecutionListener@1e1e9ef3, org.springframework.boot.test.autoconfigure.restdocs.RestDocsTestExecutionListener@3dd31157, org.springframework.boot.test.autoconfigure.web.client.MockRestServiceServerResetTestExecutionListener@31c628e7, org.springframework.boot.test.autoconfigure.web.servlet.MockMvcPrintOnlyOnFailureTestExecutionListener@3240b2a4, org.springframework.boot.test.autoconfigure.web.servlet.WebDriverTestExecutionListener@58434b19]
2019-05-09 15:23:34,564 INFO org.springframework.boot.StartupInfoLogger [main] Starting TestSessisonManagerConnection on nikos-Lenovo-V310-15IKB with PID 17141 (started by nikos in /home/nikos/NetBeansProjects/esmo.gr.idp)
2019-05-09 15:23:34,573 INFO org.springframework.boot.SpringApplication [main] The following profiles are active: test
2019-05-09 15:23:34,878 INFO org.springframework.beans.factory.annotation.AutowiredAnnotationBeanPostProcessor [main] Autowired annotation is not supported on static fields: private static final org.slf4j.Logger gr.uagean.loginWebApp.controllers.GRControllers.LOG
2019-05-09 15:23:34,884 INFO com.google.code.ssm.config.DefaultAddressProvider [main] Defined values 172.17.0.1:11211 will be used as memcached addresses
2019-05-09 15:23:34,905 INFO org.springframework.beans.factory.annotation.AutowiredAnnotationBeanPostProcessor [main] Autowired annotation is not supported on static fields: private static final org.slf4j.Logger gr.uagean.loginWebApp.controllers.NOControllers.LOG
2019-05-09 15:23:34,913 INFO org.springframework.beans.factory.annotation.AutowiredAnnotationBeanPostProcessor [main] Autowired annotation is not supported on static fields: private static final org.slf4j.Logger gr.uagean.loginWebApp.controllers.RestControllers.Log
2019-05-09 15:23:35,243 INFO org.springframework.scheduling.concurrent.ExecutorConfigurationSupport [main] Initializing ExecutorService 'applicationTaskExecutor'
2019-05-09 15:23:35,476 INFO org.springframework.mock.web.MockServletContext [main] Initializing Spring TestDispatcherServlet ''
2019-05-09 15:23:35,477 INFO org.springframework.web.servlet.FrameworkServlet [main] Initializing Servlet ''
2019-05-09 15:23:35,487 INFO org.springframework.web.servlet.FrameworkServlet [main] Completed initialization in 10 ms
2019-05-09 15:23:35,506 INFO org.springframework.boot.StartupInfoLogger [main] Started TestSessisonManagerConnection in 0.99 seconds (JVM running for 5.106)
2019-05-09 15:23:38,593 INFO org.springframework.scheduling.concurrent.ExecutorConfigurationSupport [Thread-7] Shutting down ExecutorService 'applicationTaskExecutor'
2019-05-09 15:23:38,598 INFO org.springframework.scheduling.concurrent.ExecutorConfigurationSupport [Thread-3] Shutting down ExecutorService 'applicationTaskExecutor'
2019-05-09 15:24:08,406 INFO org.springframework.boot.StartupInfoLogger [main] Starting LoginWebAppApplicationTests on nikos-Lenovo-V310-15IKB with PID 17239 (started by nikos in /home/nikos/NetBeansProjects/esmo.gr.idp)
2019-05-09 15:24:08,408 INFO org.springframework.boot.SpringApplication [main] The following profiles are active: test
2019-05-09 15:24:10,159 INFO org.springframework.beans.factory.annotation.AutowiredAnnotationBeanPostProcessor [main] Autowired annotation is not supported on static fields: private static final org.slf4j.Logger gr.uagean.loginWebApp.controllers.GRControllers.LOG
2019-05-09 15:24:10,183 INFO com.google.code.ssm.config.DefaultAddressProvider [main] Defined values 172.17.0.1:11211 will be used as memcached addresses
2019-05-09 15:24:10,261 INFO org.springframework.beans.factory.annotation.AutowiredAnnotationBeanPostProcessor [main] Autowired annotation is not supported on static fields: private static final org.slf4j.Logger gr.uagean.loginWebApp.controllers.NOControllers.LOG
2019-05-09 15:24:10,277 INFO org.springframework.beans.factory.annotation.AutowiredAnnotationBeanPostProcessor [main] Autowired annotation is not supported on static fields: private static final org.slf4j.Logger gr.uagean.loginWebApp.controllers.RestControllers.Log
2019-05-09 15:24:10,914 INFO org.springframework.scheduling.concurrent.ExecutorConfigurationSupport [main] Initializing ExecutorService 'applicationTaskExecutor'
2019-05-09 15:24:11,274 INFO org.springframework.boot.StartupInfoLogger [main] Started LoginWebAppApplicationTests in 3.281 seconds (JVM running for 4.158)
2019-05-09 15:24:11,307 INFO org.springframework.test.context.support.AbstractTestContextBootstrapper [main] Neither @ContextConfiguration nor @ContextHierarchy found for test class [gr.uaegean.loginWebApp.integration.TestSessisonManagerConnection], using SpringBootContextLoader
2019-05-09 15:24:11,308 INFO org.springframework.test.context.support.AbstractContextLoader [main] Could not detect default resource locations for test class [gr.uaegean.loginWebApp.integration.TestSessisonManagerConnection]: no resource found for suffixes {-context.xml, Context.groovy}.
2019-05-09 15:24:11,330 INFO org.springframework.test.context.support.AbstractTestContextBootstrapper [main] Loaded default TestExecutionListener class names from location [META-INF/spring.factories]: [org.springframework.boot.test.mock.mockito.MockitoTestExecutionListener, org.springframework.boot.test.mock.mockito.ResetMocksTestExecutionListener, org.springframework.boot.test.autoconfigure.restdocs.RestDocsTestExecutionListener, org.springframework.boot.test.autoconfigure.web.client.MockRestServiceServerResetTestExecutionListener, org.springframework.boot.test.autoconfigure.web.servlet.MockMvcPrintOnlyOnFailureTestExecutionListener, org.springframework.boot.test.autoconfigure.web.servlet.WebDriverTestExecutionListener, org.springframework.test.context.web.ServletTestExecutionListener, org.springframework.test.context.support.DirtiesContextBeforeModesTestExecutionListener, org.springframework.test.context.support.DependencyInjectionTestExecutionListener, org.springframework.test.context.support.DirtiesContextTestExecutionListener, org.springframework.test.context.transaction.TransactionalTestExecutionListener, org.springframework.test.context.jdbc.SqlScriptsTestExecutionListener]
2019-05-09 15:24:11,331 INFO org.springframework.test.context.support.AbstractTestContextBootstrapper [main] Using TestExecutionListeners: [org.springframework.test.context.web.ServletTestExecutionListener@4437ac07, org.springframework.test.context.support.DirtiesContextBeforeModesTestExecutionListener@3f1ed068, org.springframework.boot.test.mock.mockito.MockitoTestExecutionListener@753aca85, org.springframework.boot.test.autoconfigure.SpringBootDependencyInjectionTestExecutionListener@2e645fbd, org.springframework.test.context.support.DirtiesContextTestExecutionListener@574a89e2, org.springframework.boot.test.mock.mockito.ResetMocksTestExecutionListener@1e1e9ef3, org.springframework.boot.test.autoconfigure.restdocs.RestDocsTestExecutionListener@3dd31157, org.springframework.boot.test.autoconfigure.web.client.MockRestServiceServerResetTestExecutionListener@31c628e7, org.springframework.boot.test.autoconfigure.web.servlet.MockMvcPrintOnlyOnFailureTestExecutionListener@3240b2a4, org.springframework.boot.test.autoconfigure.web.servlet.WebDriverTestExecutionListener@58434b19]
2019-05-09 15:24:11,361 INFO org.springframework.boot.StartupInfoLogger [main] Starting TestSessisonManagerConnection on nikos-Lenovo-V310-15IKB with PID 17239 (started by nikos in /home/nikos/NetBeansProjects/esmo.gr.idp)
2019-05-09 15:24:11,361 INFO org.springframework.boot.SpringApplication [main] The following profiles are active: test
2019-05-09 15:24:11,686 INFO org.springframework.beans.factory.annotation.AutowiredAnnotationBeanPostProcessor [main] Autowired annotation is not supported on static fields: private static final org.slf4j.Logger gr.uagean.loginWebApp.controllers.GRControllers.LOG
2019-05-09 15:24:11,692 INFO com.google.code.ssm.config.DefaultAddressProvider [main] Defined values 172.17.0.1:11211 will be used as memcached addresses
2019-05-09 15:24:11,711 INFO org.springframework.beans.factory.annotation.AutowiredAnnotationBeanPostProcessor [main] Autowired annotation is not supported on static fields: private static final org.slf4j.Logger gr.uagean.loginWebApp.controllers.NOControllers.LOG
2019-05-09 15:24:11,719 INFO org.springframework.beans.factory.annotation.AutowiredAnnotationBeanPostProcessor [main] Autowired annotation is not supported on static fields: private static final org.slf4j.Logger gr.uagean.loginWebApp.controllers.RestControllers.Log
2019-05-09 15:24:11,957 INFO org.springframework.scheduling.concurrent.ExecutorConfigurationSupport [main] Initializing ExecutorService 'applicationTaskExecutor'
2019-05-09 15:24:12,144 INFO org.springframework.mock.web.MockServletContext [main] Initializing Spring TestDispatcherServlet ''
2019-05-09 15:24:12,145 INFO org.springframework.web.servlet.FrameworkServlet [main] Initializing Servlet ''
2019-05-09 15:24:12,154 INFO org.springframework.web.servlet.FrameworkServlet [main] Completed initialization in 9 ms
2019-05-09 15:24:12,172 INFO org.springframework.boot.StartupInfoLogger [main] Started TestSessisonManagerConnection in 0.838 seconds (JVM running for 5.057)
2019-05-09 15:24:15,162 INFO org.springframework.scheduling.concurrent.ExecutorConfigurationSupport [Thread-7] Shutting down ExecutorService 'applicationTaskExecutor'
2019-05-09 15:24:15,163 INFO org.springframework.scheduling.concurrent.ExecutorConfigurationSupport [Thread-3] Shutting down ExecutorService 'applicationTaskExecutor'
