2019-04-11 09:07:01,295 INFO org.springframework.boot.StartupInfoLogger [main] Starting LoginWebAppApplicationTests on nikos-Lenovo-V310-15IKB with PID 32196 (started by nikos in /home/nikos/NetBeansProjects/esmo.gr.idp)
2019-04-11 09:07:01,298 INFO org.springframework.boot.SpringApplication [main] The following profiles are active: test
2019-04-11 09:07:04,008 INFO org.springframework.beans.factory.annotation.AutowiredAnnotationBeanPostProcessor [main] Autowired annotation is not supported on static fields: private static final org.slf4j.Logger gr.uagean.loginWebApp.controllers.RestControllers.LOG
2019-04-11 09:07:04,032 INFO com.google.code.ssm.config.DefaultAddressProvider [main] Defined values 172.17.0.1:11211 will be used as memcached addresses
2019-04-11 09:07:04,746 INFO org.springframework.scheduling.concurrent.ExecutorConfigurationSupport [main] Initializing ExecutorService 'applicationTaskExecutor'
2019-04-11 09:07:05,657 INFO org.springframework.boot.StartupInfoLogger [main] Started LoginWebAppApplicationTests in 4.859 seconds (JVM running for 5.957)
2019-04-11 09:07:05,777 INFO org.springframework.test.context.support.AbstractTestContextBootstrapper [main] Neither @ContextConfiguration nor @ContextHierarchy found for test class [gr.uaegean.loginWebApp.integration.TestSessisonManagerConnection], using SpringBootContextLoader
2019-04-11 09:07:05,788 INFO org.springframework.test.context.support.AbstractContextLoader [main] Could not detect default resource locations for test class [gr.uaegean.loginWebApp.integration.TestSessisonManagerConnection]: no resource found for suffixes {-context.xml, Context.groovy}.
2019-04-11 09:07:05,810 INFO org.springframework.test.context.support.AbstractTestContextBootstrapper [main] Loaded default TestExecutionListener class names from location [META-INF/spring.factories]: [org.springframework.boot.test.mock.mockito.MockitoTestExecutionListener, org.springframework.boot.test.mock.mockito.ResetMocksTestExecutionListener, org.springframework.boot.test.autoconfigure.restdocs.RestDocsTestExecutionListener, org.springframework.boot.test.autoconfigure.web.client.MockRestServiceServerResetTestExecutionListener, org.springframework.boot.test.autoconfigure.web.servlet.MockMvcPrintOnlyOnFailureTestExecutionListener, org.springframework.boot.test.autoconfigure.web.servlet.WebDriverTestExecutionListener, org.springframework.test.context.web.ServletTestExecutionListener, org.springframework.test.context.support.DirtiesContextBeforeModesTestExecutionListener, org.springframework.test.context.support.DependencyInjectionTestExecutionListener, org.springframework.test.context.support.DirtiesContextTestExecutionListener, org.springframework.test.context.transaction.TransactionalTestExecutionListener, org.springframework.test.context.jdbc.SqlScriptsTestExecutionListener]
2019-04-11 09:07:05,815 INFO org.springframework.test.context.support.AbstractTestContextBootstrapper [main] Using TestExecutionListeners: [org.springframework.test.context.web.ServletTestExecutionListener@3d7fb838, org.springframework.test.context.support.DirtiesContextBeforeModesTestExecutionListener@1c26273d, org.springframework.boot.test.mock.mockito.MockitoTestExecutionListener@3a37a501, org.springframework.boot.test.autoconfigure.SpringBootDependencyInjectionTestExecutionListener@7a583586, org.springframework.test.context.support.DirtiesContextTestExecutionListener@3a26ec8d, org.springframework.boot.test.mock.mockito.ResetMocksTestExecutionListener@17143b3b, org.springframework.boot.test.autoconfigure.restdocs.RestDocsTestExecutionListener@100c8b75, org.springframework.boot.test.autoconfigure.web.client.MockRestServiceServerResetTestExecutionListener@2bc378f7, org.springframework.boot.test.autoconfigure.web.servlet.MockMvcPrintOnlyOnFailureTestExecutionListener@268cbb86, org.springframework.boot.test.autoconfigure.web.servlet.WebDriverTestExecutionListener@10f7918f]
2019-04-11 09:07:05,853 INFO org.springframework.boot.StartupInfoLogger [main] Starting TestSessisonManagerConnection on nikos-Lenovo-V310-15IKB with PID 32196 (started by nikos in /home/nikos/NetBeansProjects/esmo.gr.idp)
2019-04-11 09:07:05,853 INFO org.springframework.boot.SpringApplication [main] The following profiles are active: test
2019-04-11 09:07:06,316 INFO org.springframework.beans.factory.annotation.AutowiredAnnotationBeanPostProcessor [main] Autowired annotation is not supported on static fields: private static final org.slf4j.Logger gr.uagean.loginWebApp.controllers.RestControllers.LOG
2019-04-11 09:07:06,322 INFO com.google.code.ssm.config.DefaultAddressProvider [main] Defined values 172.17.0.1:11211 will be used as memcached addresses
2019-04-11 09:07:06,625 INFO org.springframework.scheduling.concurrent.ExecutorConfigurationSupport [main] Initializing ExecutorService 'applicationTaskExecutor'
2019-04-11 09:07:07,024 INFO org.springframework.mock.web.MockServletContext [main] Initializing Spring TestDispatcherServlet ''
2019-04-11 09:07:07,025 INFO org.springframework.web.servlet.FrameworkServlet [main] Initializing Servlet ''
2019-04-11 09:07:07,046 INFO org.springframework.web.servlet.FrameworkServlet [main] Completed initialization in 20 ms
2019-04-11 09:07:07,086 INFO org.springframework.boot.StartupInfoLogger [main] Started TestSessisonManagerConnection in 1.268 seconds (JVM running for 7.386)
2019-04-11 09:07:12,086 INFO org.springframework.scheduling.concurrent.ExecutorConfigurationSupport [Thread-7] Shutting down ExecutorService 'applicationTaskExecutor'
2019-04-11 09:07:12,086 INFO org.springframework.scheduling.concurrent.ExecutorConfigurationSupport [Thread-3] Shutting down ExecutorService 'applicationTaskExecutor'
2019-04-11 12:24:43,228 INFO org.springframework.boot.StartupInfoLogger [main] Starting LoginWebAppApplicationTests on nikos-Lenovo-V310-15IKB with PID 6993 (started by nikos in /home/nikos/NetBeansProjects/esmo.gr.idp)
2019-04-11 12:24:43,230 INFO org.springframework.boot.SpringApplication [main] The following profiles are active: test
2019-04-11 12:24:45,215 INFO org.springframework.beans.factory.annotation.AutowiredAnnotationBeanPostProcessor [main] Autowired annotation is not supported on static fields: private static final org.slf4j.Logger gr.uagean.loginWebApp.controllers.RestControllers.LOG
2019-04-11 12:24:45,237 INFO com.google.code.ssm.config.DefaultAddressProvider [main] Defined values 172.17.0.1:11211 will be used as memcached addresses
2019-04-11 12:24:45,941 INFO org.springframework.scheduling.concurrent.ExecutorConfigurationSupport [main] Initializing ExecutorService 'applicationTaskExecutor'
2019-04-11 12:24:46,364 INFO org.springframework.boot.StartupInfoLogger [main] Started LoginWebAppApplicationTests in 3.569 seconds (JVM running for 4.544)
2019-04-11 12:24:46,400 INFO org.springframework.test.context.support.AbstractTestContextBootstrapper [main] Neither @ContextConfiguration nor @ContextHierarchy found for test class [gr.uaegean.loginWebApp.integration.TestSessisonManagerConnection], using SpringBootContextLoader
2019-04-11 12:24:46,401 INFO org.springframework.test.context.support.AbstractContextLoader [main] Could not detect default resource locations for test class [gr.uaegean.loginWebApp.integration.TestSessisonManagerConnection]: no resource found for suffixes {-context.xml, Context.groovy}.
2019-04-11 12:24:46,413 INFO org.springframework.test.context.support.AbstractTestContextBootstrapper [main] Loaded default TestExecutionListener class names from location [META-INF/spring.factories]: [org.springframework.boot.test.mock.mockito.MockitoTestExecutionListener, org.springframework.boot.test.mock.mockito.ResetMocksTestExecutionListener, org.springframework.boot.test.autoconfigure.restdocs.RestDocsTestExecutionListener, org.springframework.boot.test.autoconfigure.web.client.MockRestServiceServerResetTestExecutionListener, org.springframework.boot.test.autoconfigure.web.servlet.MockMvcPrintOnlyOnFailureTestExecutionListener, org.springframework.boot.test.autoconfigure.web.servlet.WebDriverTestExecutionListener, org.springframework.test.context.web.ServletTestExecutionListener, org.springframework.test.context.support.DirtiesContextBeforeModesTestExecutionListener, org.springframework.test.context.support.DependencyInjectionTestExecutionListener, org.springframework.test.context.support.DirtiesContextTestExecutionListener, org.springframework.test.context.transaction.TransactionalTestExecutionListener, org.springframework.test.context.jdbc.SqlScriptsTestExecutionListener]
2019-04-11 12:24:46,414 INFO org.springframework.test.context.support.AbstractTestContextBootstrapper [main] Using TestExecutionListeners: [org.springframework.test.context.web.ServletTestExecutionListener@3c83468e, org.springframework.test.context.support.DirtiesContextBeforeModesTestExecutionListener@272ce069, org.springframework.boot.test.mock.mockito.MockitoTestExecutionListener@3d7fb838, org.springframework.boot.test.autoconfigure.SpringBootDependencyInjectionTestExecutionListener@1c26273d, org.springframework.test.context.support.DirtiesContextTestExecutionListener@3a37a501, org.springframework.boot.test.mock.mockito.ResetMocksTestExecutionListener@7a583586, org.springframework.boot.test.autoconfigure.restdocs.RestDocsTestExecutionListener@3a26ec8d, org.springframework.boot.test.autoconfigure.web.client.MockRestServiceServerResetTestExecutionListener@17143b3b, org.springframework.boot.test.autoconfigure.web.servlet.MockMvcPrintOnlyOnFailureTestExecutionListener@100c8b75, org.springframework.boot.test.autoconfigure.web.servlet.WebDriverTestExecutionListener@2bc378f7]
2019-04-11 12:24:46,440 INFO org.springframework.boot.StartupInfoLogger [main] Starting TestSessisonManagerConnection on nikos-Lenovo-V310-15IKB with PID 6993 (started by nikos in /home/nikos/NetBeansProjects/esmo.gr.idp)
2019-04-11 12:24:46,440 INFO org.springframework.boot.SpringApplication [main] The following profiles are active: test
2019-04-11 12:24:46,775 INFO org.springframework.beans.factory.annotation.AutowiredAnnotationBeanPostProcessor [main] Autowired annotation is not supported on static fields: private static final org.slf4j.Logger gr.uagean.loginWebApp.controllers.RestControllers.LOG
2019-04-11 12:24:46,780 INFO com.google.code.ssm.config.DefaultAddressProvider [main] Defined values 172.17.0.1:11211 will be used as memcached addresses
2019-04-11 12:24:47,111 INFO org.springframework.scheduling.concurrent.ExecutorConfigurationSupport [main] Initializing ExecutorService 'applicationTaskExecutor'
2019-04-11 12:24:47,377 INFO org.springframework.mock.web.MockServletContext [main] Initializing Spring TestDispatcherServlet ''
2019-04-11 12:24:47,378 INFO org.springframework.web.servlet.FrameworkServlet [main] Initializing Servlet ''
2019-04-11 12:24:47,407 INFO org.springframework.web.servlet.FrameworkServlet [main] Completed initialization in 29 ms
2019-04-11 12:24:47,456 INFO org.springframework.boot.StartupInfoLogger [main] Started TestSessisonManagerConnection in 1.04 seconds (JVM running for 5.638)
2019-04-11 12:24:50,684 INFO org.springframework.scheduling.concurrent.ExecutorConfigurationSupport [Thread-3] Shutting down ExecutorService 'applicationTaskExecutor'
2019-04-11 12:24:50,693 INFO org.springframework.scheduling.concurrent.ExecutorConfigurationSupport [Thread-7] Shutting down ExecutorService 'applicationTaskExecutor'
