2019-06-08 08:56:54,138 INFO org.springframework.boot.StartupInfoLogger [main] Starting LoginWebAppApplicationTests on nikos-Lenovo-V310-15IKB with PID 24588 (started by nikos in /home/nikos/NetBeansProjects/esmo.gr.idp)
2019-06-08 08:56:54,141 INFO org.springframework.boot.SpringApplication [main] The following profiles are active: test
2019-06-08 08:56:57,708 INFO org.springframework.beans.factory.annotation.AutowiredAnnotationBeanPostProcessor [main] Autowired annotation is not supported on static fields: private static final org.slf4j.Logger gr.uagean.loginWebApp.controllers.GRControllers.LOG
2019-06-08 08:56:57,735 INFO com.google.code.ssm.config.DefaultAddressProvider [main] Defined values 172.17.0.1:11211 will be used as memcached addresses
2019-06-08 08:56:57,851 INFO org.springframework.beans.factory.annotation.AutowiredAnnotationBeanPostProcessor [main] Autowired annotation is not supported on static fields: private static final org.slf4j.Logger gr.uagean.loginWebApp.controllers.NOControllers.LOG
2019-06-08 08:56:57,879 INFO org.springframework.beans.factory.annotation.AutowiredAnnotationBeanPostProcessor [main] Autowired annotation is not supported on static fields: private static final org.slf4j.Logger gr.uagean.loginWebApp.controllers.NOControllersProd.LOG
2019-06-08 08:56:57,902 INFO org.springframework.beans.factory.annotation.AutowiredAnnotationBeanPostProcessor [main] Autowired annotation is not supported on static fields: private static final org.slf4j.Logger gr.uagean.loginWebApp.controllers.RestControllers.Log
2019-06-08 08:56:58,894 INFO org.springframework.scheduling.concurrent.ExecutorConfigurationSupport [main] Initializing ExecutorService 'applicationTaskExecutor'
2019-06-08 08:56:59,817 INFO org.springframework.boot.StartupInfoLogger [main] Started LoginWebAppApplicationTests in 6.304 seconds (JVM running for 7.415)
2019-06-08 08:56:59,877 INFO org.springframework.test.context.support.AbstractTestContextBootstrapper [main] Neither @ContextConfiguration nor @ContextHierarchy found for test class [gr.uaegean.loginWebApp.integration.TestSessisonManagerConnection], using SpringBootContextLoader
2019-06-08 08:56:59,878 INFO org.springframework.test.context.support.AbstractContextLoader [main] Could not detect default resource locations for test class [gr.uaegean.loginWebApp.integration.TestSessisonManagerConnection]: no resource found for suffixes {-context.xml, Context.groovy}.
2019-06-08 08:56:59,893 INFO org.springframework.test.context.support.AbstractTestContextBootstrapper [main] Loaded default TestExecutionListener class names from location [META-INF/spring.factories]: [org.springframework.boot.test.mock.mockito.MockitoTestExecutionListener, org.springframework.boot.test.mock.mockito.ResetMocksTestExecutionListener, org.springframework.boot.test.autoconfigure.restdocs.RestDocsTestExecutionListener, org.springframework.boot.test.autoconfigure.web.client.MockRestServiceServerResetTestExecutionListener, org.springframework.boot.test.autoconfigure.web.servlet.MockMvcPrintOnlyOnFailureTestExecutionListener, org.springframework.boot.test.autoconfigure.web.servlet.WebDriverTestExecutionListener, org.springframework.test.context.web.ServletTestExecutionListener, org.springframework.test.context.support.DirtiesContextBeforeModesTestExecutionListener, org.springframework.test.context.support.DependencyInjectionTestExecutionListener, org.springframework.test.context.support.DirtiesContextTestExecutionListener, org.springframework.test.context.transaction.TransactionalTestExecutionListener, org.springframework.test.context.jdbc.SqlScriptsTestExecutionListener]
2019-06-08 08:56:59,894 INFO org.springframework.test.context.support.AbstractTestContextBootstrapper [main] Using TestExecutionListeners: [org.springframework.test.context.web.ServletTestExecutionListener@2bc426f0, org.springframework.test.context.support.DirtiesContextBeforeModesTestExecutionListener@4bd51d3e, org.springframework.boot.test.mock.mockito.MockitoTestExecutionListener@33425811, org.springframework.boot.test.autoconfigure.SpringBootDependencyInjectionTestExecutionListener@4b74b35, org.springframework.test.context.support.DirtiesContextTestExecutionListener@e4e1ef5, org.springframework.boot.test.mock.mockito.ResetMocksTestExecutionListener@6d11ceef, org.springframework.boot.test.autoconfigure.restdocs.RestDocsTestExecutionListener@4cb2918c, org.springframework.boot.test.autoconfigure.web.client.MockRestServiceServerResetTestExecutionListener@72e295cc, org.springframework.boot.test.autoconfigure.web.servlet.MockMvcPrintOnlyOnFailureTestExecutionListener@c2584d3, org.springframework.boot.test.autoconfigure.web.servlet.WebDriverTestExecutionListener@6fa0450e]
2019-06-08 08:56:59,942 INFO org.springframework.boot.StartupInfoLogger [main] Starting TestSessisonManagerConnection on nikos-Lenovo-V310-15IKB with PID 24588 (started by nikos in /home/nikos/NetBeansProjects/esmo.gr.idp)
2019-06-08 08:56:59,943 INFO org.springframework.boot.SpringApplication [main] The following profiles are active: test
2019-06-08 08:57:01,034 INFO org.springframework.beans.factory.annotation.AutowiredAnnotationBeanPostProcessor [main] Autowired annotation is not supported on static fields: private static final org.slf4j.Logger gr.uagean.loginWebApp.controllers.GRControllers.LOG
2019-06-08 08:57:01,056 INFO com.google.code.ssm.config.DefaultAddressProvider [main] Defined values 172.17.0.1:11211 will be used as memcached addresses
2019-06-08 08:57:01,105 INFO org.springframework.beans.factory.annotation.AutowiredAnnotationBeanPostProcessor [main] Autowired annotation is not supported on static fields: private static final org.slf4j.Logger gr.uagean.loginWebApp.controllers.NOControllers.LOG
2019-06-08 08:57:01,125 INFO org.springframework.beans.factory.annotation.AutowiredAnnotationBeanPostProcessor [main] Autowired annotation is not supported on static fields: private static final org.slf4j.Logger gr.uagean.loginWebApp.controllers.NOControllersProd.LOG
2019-06-08 08:57:01,152 INFO org.springframework.beans.factory.annotation.AutowiredAnnotationBeanPostProcessor [main] Autowired annotation is not supported on static fields: private static final org.slf4j.Logger gr.uagean.loginWebApp.controllers.RestControllers.Log
2019-06-08 08:57:01,464 INFO org.springframework.scheduling.concurrent.ExecutorConfigurationSupport [main] Initializing ExecutorService 'applicationTaskExecutor'
2019-06-08 08:57:01,651 INFO org.springframework.mock.web.MockServletContext [main] Initializing Spring TestDispatcherServlet ''
2019-06-08 08:57:01,651 INFO org.springframework.web.servlet.FrameworkServlet [main] Initializing Servlet ''
2019-06-08 08:57:01,661 INFO org.springframework.web.servlet.FrameworkServlet [main] Completed initialization in 9 ms
2019-06-08 08:57:01,678 INFO org.springframework.boot.StartupInfoLogger [main] Started TestSessisonManagerConnection in 1.781 seconds (JVM running for 9.276)
2019-06-08 08:57:03,839 INFO gr.uagean.loginWebApp.utils.noResponseParser [main] Response from Norway:: {
    "sub": "f9093e31-8592-4ebf-9925-7090579f79a0",
    "connect-userid_sec": [
        "eidas:SE/NO/199008199391"
    ],
    "dataporten-userid_sec": [
        "eidas:$Mohamed$Al Samed$1990-08-19$SE/NO/199008199391"
    ],
    "name": "Mohamed Al Samed",
    "picture": "https://api.dataporten-test.uninett.no/userinfo/v1/user/media/p:3cfe174c-b7b3-45e8-aea4-782a87aa492e"
}
2019-06-08 08:57:03,856 INFO org.springframework.scheduling.concurrent.ExecutorConfigurationSupport [Thread-3] Shutting down ExecutorService 'applicationTaskExecutor'
2019-06-08 08:57:03,859 INFO org.springframework.scheduling.concurrent.ExecutorConfigurationSupport [Thread-7] Shutting down ExecutorService 'applicationTaskExecutor'
