2019-05-31 16:45:31,828 INFO org.springframework.boot.StartupInfoLogger [main] Starting LoginWebAppApplicationTests on nikos-Lenovo-V310-15IKB with PID 9524 (started by nikos in /home/nikos/NetBeansProjects/esmo.gr.idp)
2019-05-31 16:45:31,832 INFO org.springframework.boot.SpringApplication [main] The following profiles are active: test
2019-05-31 16:45:33,930 INFO org.springframework.beans.factory.annotation.AutowiredAnnotationBeanPostProcessor [main] Autowired annotation is not supported on static fields: private static final org.slf4j.Logger gr.uagean.loginWebApp.controllers.GRControllers.LOG
2019-05-31 16:45:33,953 INFO com.google.code.ssm.config.DefaultAddressProvider [main] Defined values 172.17.0.1:11211 will be used as memcached addresses
2019-05-31 16:45:34,034 INFO org.springframework.beans.factory.annotation.AutowiredAnnotationBeanPostProcessor [main] Autowired annotation is not supported on static fields: private static final org.slf4j.Logger gr.uagean.loginWebApp.controllers.NOControllers.LOG
2019-05-31 16:45:34,045 INFO org.springframework.beans.factory.annotation.AutowiredAnnotationBeanPostProcessor [main] Autowired annotation is not supported on static fields: private static final org.slf4j.Logger gr.uagean.loginWebApp.controllers.NOControllersProd.LOG
2019-05-31 16:45:34,058 INFO org.springframework.beans.factory.annotation.AutowiredAnnotationBeanPostProcessor [main] Autowired annotation is not supported on static fields: private static final org.slf4j.Logger gr.uagean.loginWebApp.controllers.RestControllers.Log
2019-05-31 16:45:34,698 INFO org.springframework.scheduling.concurrent.ExecutorConfigurationSupport [main] Initializing ExecutorService 'applicationTaskExecutor'
2019-05-31 16:45:35,248 INFO org.springframework.boot.StartupInfoLogger [main] Started LoginWebAppApplicationTests in 3.866 seconds (JVM running for 4.942)
2019-05-31 16:45:35,290 INFO org.springframework.test.context.support.AbstractTestContextBootstrapper [main] Neither @ContextConfiguration nor @ContextHierarchy found for test class [gr.uaegean.loginWebApp.integration.TestSessisonManagerConnection], using SpringBootContextLoader
2019-05-31 16:45:35,291 INFO org.springframework.test.context.support.AbstractContextLoader [main] Could not detect default resource locations for test class [gr.uaegean.loginWebApp.integration.TestSessisonManagerConnection]: no resource found for suffixes {-context.xml, Context.groovy}.
2019-05-31 16:45:35,303 INFO org.springframework.test.context.support.AbstractTestContextBootstrapper [main] Loaded default TestExecutionListener class names from location [META-INF/spring.factories]: [org.springframework.boot.test.mock.mockito.MockitoTestExecutionListener, org.springframework.boot.test.mock.mockito.ResetMocksTestExecutionListener, org.springframework.boot.test.autoconfigure.restdocs.RestDocsTestExecutionListener, org.springframework.boot.test.autoconfigure.web.client.MockRestServiceServerResetTestExecutionListener, org.springframework.boot.test.autoconfigure.web.servlet.MockMvcPrintOnlyOnFailureTestExecutionListener, org.springframework.boot.test.autoconfigure.web.servlet.WebDriverTestExecutionListener, org.springframework.test.context.web.ServletTestExecutionListener, org.springframework.test.context.support.DirtiesContextBeforeModesTestExecutionListener, org.springframework.test.context.support.DependencyInjectionTestExecutionListener, org.springframework.test.context.support.DirtiesContextTestExecutionListener, org.springframework.test.context.transaction.TransactionalTestExecutionListener, org.springframework.test.context.jdbc.SqlScriptsTestExecutionListener]
2019-05-31 16:45:35,305 INFO org.springframework.test.context.support.AbstractTestContextBootstrapper [main] Using TestExecutionListeners: [org.springframework.test.context.web.ServletTestExecutionListener@30ca0779, org.springframework.test.context.support.DirtiesContextBeforeModesTestExecutionListener@58740366, org.springframework.boot.test.mock.mockito.MockitoTestExecutionListener@47be0f9b, org.springframework.boot.test.autoconfigure.SpringBootDependencyInjectionTestExecutionListener@2bc426f0, org.springframework.test.context.support.DirtiesContextTestExecutionListener@4bd51d3e, org.springframework.boot.test.mock.mockito.ResetMocksTestExecutionListener@33425811, org.springframework.boot.test.autoconfigure.restdocs.RestDocsTestExecutionListener@4b74b35, org.springframework.boot.test.autoconfigure.web.client.MockRestServiceServerResetTestExecutionListener@e4e1ef5, org.springframework.boot.test.autoconfigure.web.servlet.MockMvcPrintOnlyOnFailureTestExecutionListener@6d11ceef, org.springframework.boot.test.autoconfigure.web.servlet.WebDriverTestExecutionListener@4cb2918c]
2019-05-31 16:45:35,344 INFO org.springframework.boot.StartupInfoLogger [main] Starting TestSessisonManagerConnection on nikos-Lenovo-V310-15IKB with PID 9524 (started by nikos in /home/nikos/NetBeansProjects/esmo.gr.idp)
2019-05-31 16:45:35,353 INFO org.springframework.boot.SpringApplication [main] The following profiles are active: test
2019-05-31 16:45:35,704 INFO org.springframework.beans.factory.annotation.AutowiredAnnotationBeanPostProcessor [main] Autowired annotation is not supported on static fields: private static final org.slf4j.Logger gr.uagean.loginWebApp.controllers.GRControllers.LOG
2019-05-31 16:45:35,710 INFO com.google.code.ssm.config.DefaultAddressProvider [main] Defined values 172.17.0.1:11211 will be used as memcached addresses
2019-05-31 16:45:35,736 INFO org.springframework.beans.factory.annotation.AutowiredAnnotationBeanPostProcessor [main] Autowired annotation is not supported on static fields: private static final org.slf4j.Logger gr.uagean.loginWebApp.controllers.NOControllers.LOG
2019-05-31 16:45:35,747 INFO org.springframework.beans.factory.annotation.AutowiredAnnotationBeanPostProcessor [main] Autowired annotation is not supported on static fields: private static final org.slf4j.Logger gr.uagean.loginWebApp.controllers.NOControllersProd.LOG
2019-05-31 16:45:35,759 INFO org.springframework.beans.factory.annotation.AutowiredAnnotationBeanPostProcessor [main] Autowired annotation is not supported on static fields: private static final org.slf4j.Logger gr.uagean.loginWebApp.controllers.RestControllers.Log
2019-05-31 16:45:36,029 INFO org.springframework.scheduling.concurrent.ExecutorConfigurationSupport [main] Initializing ExecutorService 'applicationTaskExecutor'
2019-05-31 16:45:36,265 INFO org.springframework.mock.web.MockServletContext [main] Initializing Spring TestDispatcherServlet ''
2019-05-31 16:45:36,266 INFO org.springframework.web.servlet.FrameworkServlet [main] Initializing Servlet ''
2019-05-31 16:45:36,275 INFO org.springframework.web.servlet.FrameworkServlet [main] Completed initialization in 9 ms
2019-05-31 16:45:36,291 INFO org.springframework.boot.StartupInfoLogger [main] Started TestSessisonManagerConnection in 0.984 seconds (JVM running for 5.985)
2019-05-31 16:45:40,344 INFO org.springframework.scheduling.concurrent.ExecutorConfigurationSupport [Thread-3] Shutting down ExecutorService 'applicationTaskExecutor'
2019-05-31 16:45:40,345 INFO org.springframework.scheduling.concurrent.ExecutorConfigurationSupport [Thread-7] Shutting down ExecutorService 'applicationTaskExecutor'
2019-05-31 16:46:42,395 INFO org.springframework.boot.StartupInfoLogger [main] Starting LoginWebAppApplicationTests on nikos-Lenovo-V310-15IKB with PID 9645 (started by nikos in /home/nikos/NetBeansProjects/esmo.gr.idp)
2019-05-31 16:46:42,397 INFO org.springframework.boot.SpringApplication [main] The following profiles are active: test
2019-05-31 16:46:44,256 INFO org.springframework.beans.factory.annotation.AutowiredAnnotationBeanPostProcessor [main] Autowired annotation is not supported on static fields: private static final org.slf4j.Logger gr.uagean.loginWebApp.controllers.GRControllers.LOG
2019-05-31 16:46:44,277 INFO com.google.code.ssm.config.DefaultAddressProvider [main] Defined values 172.17.0.1:11211 will be used as memcached addresses
2019-05-31 16:46:44,364 INFO org.springframework.beans.factory.annotation.AutowiredAnnotationBeanPostProcessor [main] Autowired annotation is not supported on static fields: private static final org.slf4j.Logger gr.uagean.loginWebApp.controllers.NOControllers.LOG
2019-05-31 16:46:44,381 INFO org.springframework.beans.factory.annotation.AutowiredAnnotationBeanPostProcessor [main] Autowired annotation is not supported on static fields: private static final org.slf4j.Logger gr.uagean.loginWebApp.controllers.NOControllersProd.LOG
2019-05-31 16:46:44,399 INFO org.springframework.beans.factory.annotation.AutowiredAnnotationBeanPostProcessor [main] Autowired annotation is not supported on static fields: private static final org.slf4j.Logger gr.uagean.loginWebApp.controllers.RestControllers.Log
2019-05-31 16:46:45,069 INFO org.springframework.scheduling.concurrent.ExecutorConfigurationSupport [main] Initializing ExecutorService 'applicationTaskExecutor'
2019-05-31 16:46:45,546 INFO org.springframework.boot.StartupInfoLogger [main] Started LoginWebAppApplicationTests in 3.553 seconds (JVM running for 4.647)
2019-05-31 16:46:45,584 INFO org.springframework.test.context.support.AbstractTestContextBootstrapper [main] Neither @ContextConfiguration nor @ContextHierarchy found for test class [gr.uaegean.loginWebApp.integration.TestSessisonManagerConnection], using SpringBootContextLoader
2019-05-31 16:46:45,585 INFO org.springframework.test.context.support.AbstractContextLoader [main] Could not detect default resource locations for test class [gr.uaegean.loginWebApp.integration.TestSessisonManagerConnection]: no resource found for suffixes {-context.xml, Context.groovy}.
2019-05-31 16:46:45,598 INFO org.springframework.test.context.support.AbstractTestContextBootstrapper [main] Loaded default TestExecutionListener class names from location [META-INF/spring.factories]: [org.springframework.boot.test.mock.mockito.MockitoTestExecutionListener, org.springframework.boot.test.mock.mockito.ResetMocksTestExecutionListener, org.springframework.boot.test.autoconfigure.restdocs.RestDocsTestExecutionListener, org.springframework.boot.test.autoconfigure.web.client.MockRestServiceServerResetTestExecutionListener, org.springframework.boot.test.autoconfigure.web.servlet.MockMvcPrintOnlyOnFailureTestExecutionListener, org.springframework.boot.test.autoconfigure.web.servlet.WebDriverTestExecutionListener, org.springframework.test.context.web.ServletTestExecutionListener, org.springframework.test.context.support.DirtiesContextBeforeModesTestExecutionListener, org.springframework.test.context.support.DependencyInjectionTestExecutionListener, org.springframework.test.context.support.DirtiesContextTestExecutionListener, org.springframework.test.context.transaction.TransactionalTestExecutionListener, org.springframework.test.context.jdbc.SqlScriptsTestExecutionListener]
2019-05-31 16:46:45,600 INFO org.springframework.test.context.support.AbstractTestContextBootstrapper [main] Using TestExecutionListeners: [org.springframework.test.context.web.ServletTestExecutionListener@e4e1ef5, org.springframework.test.context.support.DirtiesContextBeforeModesTestExecutionListener@6d11ceef, org.springframework.boot.test.mock.mockito.MockitoTestExecutionListener@4cb2918c, org.springframework.boot.test.autoconfigure.SpringBootDependencyInjectionTestExecutionListener@72e295cc, org.springframework.test.context.support.DirtiesContextTestExecutionListener@c2584d3, org.springframework.boot.test.mock.mockito.ResetMocksTestExecutionListener@6fa0450e, org.springframework.boot.test.autoconfigure.restdocs.RestDocsTestExecutionListener@37468787, org.springframework.boot.test.autoconfigure.web.client.MockRestServiceServerResetTestExecutionListener@51ec2856, org.springframework.boot.test.autoconfigure.web.servlet.MockMvcPrintOnlyOnFailureTestExecutionListener@714f3da4, org.springframework.boot.test.autoconfigure.web.servlet.WebDriverTestExecutionListener@1caa9eb6]
2019-05-31 16:46:45,626 INFO org.springframework.boot.StartupInfoLogger [main] Starting TestSessisonManagerConnection on nikos-Lenovo-V310-15IKB with PID 9645 (started by nikos in /home/nikos/NetBeansProjects/esmo.gr.idp)
2019-05-31 16:46:45,627 INFO org.springframework.boot.SpringApplication [main] The following profiles are active: test
2019-05-31 16:46:46,035 INFO org.springframework.beans.factory.annotation.AutowiredAnnotationBeanPostProcessor [main] Autowired annotation is not supported on static fields: private static final org.slf4j.Logger gr.uagean.loginWebApp.controllers.GRControllers.LOG
2019-05-31 16:46:46,041 INFO com.google.code.ssm.config.DefaultAddressProvider [main] Defined values 172.17.0.1:11211 will be used as memcached addresses
2019-05-31 16:46:46,068 INFO org.springframework.beans.factory.annotation.AutowiredAnnotationBeanPostProcessor [main] Autowired annotation is not supported on static fields: private static final org.slf4j.Logger gr.uagean.loginWebApp.controllers.NOControllers.LOG
2019-05-31 16:46:46,083 INFO org.springframework.beans.factory.annotation.AutowiredAnnotationBeanPostProcessor [main] Autowired annotation is not supported on static fields: private static final org.slf4j.Logger gr.uagean.loginWebApp.controllers.NOControllersProd.LOG
2019-05-31 16:46:46,098 INFO org.springframework.beans.factory.annotation.AutowiredAnnotationBeanPostProcessor [main] Autowired annotation is not supported on static fields: private static final org.slf4j.Logger gr.uagean.loginWebApp.controllers.RestControllers.Log
2019-05-31 16:46:46,659 INFO org.springframework.scheduling.concurrent.ExecutorConfigurationSupport [main] Initializing ExecutorService 'applicationTaskExecutor'
2019-05-31 16:46:46,847 INFO org.springframework.mock.web.MockServletContext [main] Initializing Spring TestDispatcherServlet ''
2019-05-31 16:46:46,848 INFO org.springframework.web.servlet.FrameworkServlet [main] Initializing Servlet ''
2019-05-31 16:46:46,859 INFO org.springframework.web.servlet.FrameworkServlet [main] Completed initialization in 11 ms
2019-05-31 16:46:46,879 INFO org.springframework.boot.StartupInfoLogger [main] Started TestSessisonManagerConnection in 1.277 seconds (JVM running for 5.98)
2019-05-31 16:46:50,800 INFO org.springframework.scheduling.concurrent.ExecutorConfigurationSupport [Thread-3] Shutting down ExecutorService 'applicationTaskExecutor'
2019-05-31 16:46:50,803 INFO org.springframework.scheduling.concurrent.ExecutorConfigurationSupport [Thread-7] Shutting down ExecutorService 'applicationTaskExecutor'
