2019-04-30 09:09:08,927 INFO org.springframework.boot.StartupInfoLogger [main] Starting TestSessisonManagerConnection on nikos-Lenovo-V310-15IKB with PID 19069 (started by nikos in /home/nikos/NetBeansProjects/esmo.gr.idp)
2019-04-30 09:09:08,930 INFO org.springframework.boot.SpringApplication [main] The following profiles are active: test
2019-04-30 09:09:11,896 INFO org.springframework.beans.factory.annotation.AutowiredAnnotationBeanPostProcessor [main] Autowired annotation is not supported on static fields: private static final org.slf4j.Logger gr.uagean.loginWebApp.controllers.NOControllers.LOG
2019-04-30 09:09:11,937 INFO com.google.code.ssm.config.DefaultAddressProvider [main] Defined values 172.17.0.1:11211 will be used as memcached addresses
2019-04-30 09:09:12,041 INFO org.springframework.beans.factory.annotation.AutowiredAnnotationBeanPostProcessor [main] Autowired annotation is not supported on static fields: private static final org.slf4j.Logger gr.uagean.loginWebApp.controllers.RestControllers.LOG
2019-04-30 09:09:13,003 INFO org.springframework.scheduling.concurrent.ExecutorConfigurationSupport [main] Initializing ExecutorService 'applicationTaskExecutor'
2019-04-30 09:09:13,755 INFO org.springframework.mock.web.MockServletContext [main] Initializing Spring TestDispatcherServlet ''
2019-04-30 09:09:13,756 INFO org.springframework.web.servlet.FrameworkServlet [main] Initializing Servlet ''
2019-04-30 09:09:13,776 INFO org.springframework.web.servlet.FrameworkServlet [main] Completed initialization in 19 ms
2019-04-30 09:09:13,824 INFO org.springframework.boot.StartupInfoLogger [main] Started TestSessisonManagerConnection in 5.567 seconds (JVM running for 7.485)
2019-04-30 09:09:15,176 INFO org.springframework.scheduling.concurrent.ExecutorConfigurationSupport [Thread-4] Shutting down ExecutorService 'applicationTaskExecutor'
2019-04-30 09:13:07,284 INFO org.springframework.boot.StartupInfoLogger [main] Starting LoginWebAppApplicationTests on nikos-Lenovo-V310-15IKB with PID 19394 (started by nikos in /home/nikos/NetBeansProjects/esmo.gr.idp)
2019-04-30 09:13:07,289 INFO org.springframework.boot.SpringApplication [main] The following profiles are active: test
2019-04-30 09:13:10,482 INFO org.springframework.beans.factory.annotation.AutowiredAnnotationBeanPostProcessor [main] Autowired annotation is not supported on static fields: private static final org.slf4j.Logger gr.uagean.loginWebApp.controllers.NOControllers.LOG
2019-04-30 09:13:10,534 INFO com.google.code.ssm.config.DefaultAddressProvider [main] Defined values 172.17.0.1:11211 will be used as memcached addresses
2019-04-30 09:13:10,628 INFO org.springframework.beans.factory.annotation.AutowiredAnnotationBeanPostProcessor [main] Autowired annotation is not supported on static fields: private static final org.slf4j.Logger gr.uagean.loginWebApp.controllers.RestControllers.LOG
2019-04-30 09:13:11,578 INFO org.springframework.scheduling.concurrent.ExecutorConfigurationSupport [main] Initializing ExecutorService 'applicationTaskExecutor'
2019-04-30 09:13:12,305 INFO org.springframework.boot.StartupInfoLogger [main] Started LoginWebAppApplicationTests in 5.804 seconds (JVM running for 7.077)
2019-04-30 09:13:12,361 INFO org.springframework.test.context.support.AbstractTestContextBootstrapper [main] Neither @ContextConfiguration nor @ContextHierarchy found for test class [gr.uaegean.loginWebApp.integration.TestSessisonManagerConnection], using SpringBootContextLoader
2019-04-30 09:13:12,393 INFO org.springframework.test.context.support.AbstractContextLoader [main] Could not detect default resource locations for test class [gr.uaegean.loginWebApp.integration.TestSessisonManagerConnection]: no resource found for suffixes {-context.xml, Context.groovy}.
2019-04-30 09:13:12,442 INFO org.springframework.test.context.support.AbstractTestContextBootstrapper [main] Loaded default TestExecutionListener class names from location [META-INF/spring.factories]: [org.springframework.boot.test.mock.mockito.MockitoTestExecutionListener, org.springframework.boot.test.mock.mockito.ResetMocksTestExecutionListener, org.springframework.boot.test.autoconfigure.restdocs.RestDocsTestExecutionListener, org.springframework.boot.test.autoconfigure.web.client.MockRestServiceServerResetTestExecutionListener, org.springframework.boot.test.autoconfigure.web.servlet.MockMvcPrintOnlyOnFailureTestExecutionListener, org.springframework.boot.test.autoconfigure.web.servlet.WebDriverTestExecutionListener, org.springframework.test.context.web.ServletTestExecutionListener, org.springframework.test.context.support.DirtiesContextBeforeModesTestExecutionListener, org.springframework.test.context.support.DependencyInjectionTestExecutionListener, org.springframework.test.context.support.DirtiesContextTestExecutionListener, org.springframework.test.context.transaction.TransactionalTestExecutionListener, org.springframework.test.context.jdbc.SqlScriptsTestExecutionListener]
2019-04-30 09:13:12,449 INFO org.springframework.test.context.support.AbstractTestContextBootstrapper [main] Using TestExecutionListeners: [org.springframework.test.context.web.ServletTestExecutionListener@63884e4, org.springframework.test.context.support.DirtiesContextBeforeModesTestExecutionListener@524270b8, org.springframework.boot.test.mock.mockito.MockitoTestExecutionListener@4acb7ecc, org.springframework.boot.test.autoconfigure.SpringBootDependencyInjectionTestExecutionListener@2a4f5433, org.springframework.test.context.support.DirtiesContextTestExecutionListener@6812fa3a, org.springframework.boot.test.mock.mockito.ResetMocksTestExecutionListener@29149030, org.springframework.boot.test.autoconfigure.restdocs.RestDocsTestExecutionListener@38b8b6c0, org.springframework.boot.test.autoconfigure.web.client.MockRestServiceServerResetTestExecutionListener@68868328, org.springframework.boot.test.autoconfigure.web.servlet.MockMvcPrintOnlyOnFailureTestExecutionListener@173a6728, org.springframework.boot.test.autoconfigure.web.servlet.WebDriverTestExecutionListener@1a22e0ef]
2019-04-30 09:13:12,485 INFO org.springframework.boot.StartupInfoLogger [main] Starting TestSessisonManagerConnection on nikos-Lenovo-V310-15IKB with PID 19394 (started by nikos in /home/nikos/NetBeansProjects/esmo.gr.idp)
2019-04-30 09:13:12,485 INFO org.springframework.boot.SpringApplication [main] The following profiles are active: test
2019-04-30 09:13:13,050 INFO org.springframework.beans.factory.annotation.AutowiredAnnotationBeanPostProcessor [main] Autowired annotation is not supported on static fields: private static final org.slf4j.Logger gr.uagean.loginWebApp.controllers.NOControllers.LOG
2019-04-30 09:13:13,056 INFO com.google.code.ssm.config.DefaultAddressProvider [main] Defined values 172.17.0.1:11211 will be used as memcached addresses
2019-04-30 09:13:13,123 INFO org.springframework.beans.factory.annotation.AutowiredAnnotationBeanPostProcessor [main] Autowired annotation is not supported on static fields: private static final org.slf4j.Logger gr.uagean.loginWebApp.controllers.RestControllers.LOG
2019-04-30 09:13:13,680 INFO org.springframework.scheduling.concurrent.ExecutorConfigurationSupport [main] Initializing ExecutorService 'applicationTaskExecutor'
2019-04-30 09:13:14,105 INFO org.springframework.mock.web.MockServletContext [main] Initializing Spring TestDispatcherServlet ''
2019-04-30 09:13:14,106 INFO org.springframework.web.servlet.FrameworkServlet [main] Initializing Servlet ''
2019-04-30 09:13:14,120 INFO org.springframework.web.servlet.FrameworkServlet [main] Completed initialization in 13 ms
2019-04-30 09:13:14,147 INFO org.springframework.boot.StartupInfoLogger [main] Started TestSessisonManagerConnection in 1.687 seconds (JVM running for 8.919)
2019-04-30 09:13:18,771 INFO org.springframework.scheduling.concurrent.ExecutorConfigurationSupport [Thread-3] Shutting down ExecutorService 'applicationTaskExecutor'
2019-04-30 09:13:18,778 INFO org.springframework.scheduling.concurrent.ExecutorConfigurationSupport [Thread-7] Shutting down ExecutorService 'applicationTaskExecutor'
2019-04-30 09:50:00,199 INFO org.springframework.boot.StartupInfoLogger [main] Starting TestSessisonManagerConnection on nikos-Lenovo-V310-15IKB with PID 20326 (started by nikos in /home/nikos/NetBeansProjects/esmo.gr.idp)
2019-04-30 09:50:00,201 INFO org.springframework.boot.SpringApplication [main] The following profiles are active: test
2019-04-30 09:50:03,110 INFO org.springframework.beans.factory.annotation.AutowiredAnnotationBeanPostProcessor [main] Autowired annotation is not supported on static fields: private static final org.slf4j.Logger gr.uagean.loginWebApp.controllers.NOControllers.LOG
2019-04-30 09:50:03,164 INFO com.google.code.ssm.config.DefaultAddressProvider [main] Defined values 172.17.0.1:11211 will be used as memcached addresses
2019-04-30 09:50:03,350 INFO org.springframework.beans.factory.annotation.AutowiredAnnotationBeanPostProcessor [main] Autowired annotation is not supported on static fields: private static final org.slf4j.Logger gr.uagean.loginWebApp.controllers.RestControllers.LOG
2019-04-30 09:50:04,659 INFO org.springframework.scheduling.concurrent.ExecutorConfigurationSupport [main] Initializing ExecutorService 'applicationTaskExecutor'
2019-04-30 09:50:05,414 INFO org.springframework.mock.web.MockServletContext [main] Initializing Spring TestDispatcherServlet ''
2019-04-30 09:50:05,415 INFO org.springframework.web.servlet.FrameworkServlet [main] Initializing Servlet ''
2019-04-30 09:50:05,452 INFO org.springframework.web.servlet.FrameworkServlet [main] Completed initialization in 37 ms
2019-04-30 09:50:05,510 INFO org.springframework.boot.StartupInfoLogger [main] Started TestSessisonManagerConnection in 6.206 seconds (JVM running for 7.805)
2019-04-30 09:50:06,931 INFO org.springframework.scheduling.concurrent.ExecutorConfigurationSupport [Thread-4] Shutting down ExecutorService 'applicationTaskExecutor'
2019-04-30 09:54:30,008 INFO org.springframework.boot.StartupInfoLogger [main] Starting LoginWebAppApplication on nikos-Lenovo-V310-15IKB with PID 20697 (/home/nikos/NetBeansProjects/esmo.gr.idp/target/classes started by nikos in /home/nikos/NetBeansProjects/esmo.gr.idp)
2019-04-30 09:54:30,030 INFO org.springframework.boot.SpringApplication [main] No active profile set, falling back to default profiles: default
2019-04-30 09:54:33,185 INFO org.springframework.boot.web.embedded.tomcat.TomcatWebServer [main] Tomcat initialized with port(s): 8080 (http)
2019-04-30 09:54:33,204 INFO org.apache.juli.logging.DirectJDKLog [main] Initializing ProtocolHandler ["http-nio-8080"]
2019-04-30 09:54:33,227 INFO org.apache.juli.logging.DirectJDKLog [main] Starting service [Tomcat]
2019-04-30 09:54:33,227 INFO org.apache.juli.logging.DirectJDKLog [main] Starting Servlet Engine: Apache Tomcat/9.0.13
2019-04-30 09:54:33,251 INFO org.apache.juli.logging.DirectJDKLog [main] The APR based Apache Tomcat Native library which allows optimal performance in production environments was not found on the java.library.path: [/usr/lib/jvm/java-8-oracle/jre/lib/amd64:/usr/lib/jvm/java-8-oracle/jre/lib/i386::/usr/java/packages/lib/amd64:/usr/lib64:/lib64:/lib:/usr/lib]
2019-04-30 09:54:33,387 INFO org.apache.juli.logging.DirectJDKLog [main] Initializing Spring embedded WebApplicationContext
2019-04-30 09:54:33,388 INFO org.springframework.boot.web.servlet.context.ServletWebServerApplicationContext [main] Root WebApplicationContext: initialization completed in 3120 ms
2019-04-30 09:54:33,756 INFO org.springframework.beans.factory.annotation.AutowiredAnnotationBeanPostProcessor [main] Autowired annotation is not supported on static fields: private static final org.slf4j.Logger gr.uagean.loginWebApp.controllers.NOControllers.LOG
2019-04-30 09:54:33,779 INFO com.google.code.ssm.config.DefaultAddressProvider [main] Defined values 172.17.0.1:11211 will be used as memcached addresses
2019-04-30 09:54:33,986 INFO org.springframework.beans.factory.annotation.AutowiredAnnotationBeanPostProcessor [main] Autowired annotation is not supported on static fields: private static final org.slf4j.Logger gr.uagean.loginWebApp.controllers.RestControllers.LOG
2019-04-30 09:54:34,339 INFO org.springframework.scheduling.concurrent.ExecutorConfigurationSupport [main] Initializing ExecutorService 'applicationTaskExecutor'
2019-04-30 09:54:35,358 INFO org.apache.juli.logging.DirectJDKLog [main] Starting ProtocolHandler ["http-nio-8080"]
2019-04-30 09:54:35,383 INFO org.apache.juli.logging.DirectJDKLog [main] Using a shared selector for servlet write/read
2019-04-30 09:54:35,585 INFO org.springframework.boot.web.embedded.tomcat.TomcatWebServer [main] Tomcat started on port(s): 8080 (http) with context path ''
2019-04-30 09:54:35,624 INFO org.springframework.boot.StartupInfoLogger [main] Started LoginWebAppApplication in 6.932 seconds (JVM running for 8.209)
2019-04-30 09:57:27,536 INFO org.springframework.boot.StartupInfoLogger [main] Starting LoginWebAppApplicationTests on nikos-Lenovo-V310-15IKB with PID 20932 (started by nikos in /home/nikos/NetBeansProjects/esmo.gr.idp)
2019-04-30 09:57:27,537 INFO org.springframework.boot.SpringApplication [main] The following profiles are active: test
2019-04-30 09:57:30,052 INFO org.springframework.beans.factory.annotation.AutowiredAnnotationBeanPostProcessor [main] Autowired annotation is not supported on static fields: private static final org.slf4j.Logger gr.uagean.loginWebApp.controllers.NOControllers.LOG
2019-04-30 09:57:30,082 INFO com.google.code.ssm.config.DefaultAddressProvider [main] Defined values 172.17.0.1:11211 will be used as memcached addresses
2019-04-30 09:57:30,183 INFO org.springframework.beans.factory.annotation.AutowiredAnnotationBeanPostProcessor [main] Autowired annotation is not supported on static fields: private static final org.slf4j.Logger gr.uagean.loginWebApp.controllers.RestControllers.LOG
2019-04-30 09:57:31,283 INFO org.springframework.scheduling.concurrent.ExecutorConfigurationSupport [main] Initializing ExecutorService 'applicationTaskExecutor'
2019-04-30 09:57:31,946 INFO org.springframework.boot.StartupInfoLogger [main] Started LoginWebAppApplicationTests in 5.259 seconds (JVM running for 6.607)
2019-04-30 09:57:32,029 INFO org.springframework.test.context.support.AbstractTestContextBootstrapper [main] Neither @ContextConfiguration nor @ContextHierarchy found for test class [gr.uaegean.loginWebApp.integration.TestSessisonManagerConnection], using SpringBootContextLoader
2019-04-30 09:57:32,031 INFO org.springframework.test.context.support.AbstractContextLoader [main] Could not detect default resource locations for test class [gr.uaegean.loginWebApp.integration.TestSessisonManagerConnection]: no resource found for suffixes {-context.xml, Context.groovy}.
2019-04-30 09:57:32,075 INFO org.springframework.test.context.support.AbstractTestContextBootstrapper [main] Loaded default TestExecutionListener class names from location [META-INF/spring.factories]: [org.springframework.boot.test.mock.mockito.MockitoTestExecutionListener, org.springframework.boot.test.mock.mockito.ResetMocksTestExecutionListener, org.springframework.boot.test.autoconfigure.restdocs.RestDocsTestExecutionListener, org.springframework.boot.test.autoconfigure.web.client.MockRestServiceServerResetTestExecutionListener, org.springframework.boot.test.autoconfigure.web.servlet.MockMvcPrintOnlyOnFailureTestExecutionListener, org.springframework.boot.test.autoconfigure.web.servlet.WebDriverTestExecutionListener, org.springframework.test.context.web.ServletTestExecutionListener, org.springframework.test.context.support.DirtiesContextBeforeModesTestExecutionListener, org.springframework.test.context.support.DependencyInjectionTestExecutionListener, org.springframework.test.context.support.DirtiesContextTestExecutionListener, org.springframework.test.context.transaction.TransactionalTestExecutionListener, org.springframework.test.context.jdbc.SqlScriptsTestExecutionListener]
2019-04-30 09:57:32,080 INFO org.springframework.test.context.support.AbstractTestContextBootstrapper [main] Using TestExecutionListeners: [org.springframework.test.context.web.ServletTestExecutionListener@1a1f5f71, org.springframework.test.context.support.DirtiesContextBeforeModesTestExecutionListener@63884e4, org.springframework.boot.test.mock.mockito.MockitoTestExecutionListener@524270b8, org.springframework.boot.test.autoconfigure.SpringBootDependencyInjectionTestExecutionListener@4acb7ecc, org.springframework.test.context.support.DirtiesContextTestExecutionListener@2a4f5433, org.springframework.boot.test.mock.mockito.ResetMocksTestExecutionListener@6812fa3a, org.springframework.boot.test.autoconfigure.restdocs.RestDocsTestExecutionListener@29149030, org.springframework.boot.test.autoconfigure.web.client.MockRestServiceServerResetTestExecutionListener@38b8b6c0, org.springframework.boot.test.autoconfigure.web.servlet.MockMvcPrintOnlyOnFailureTestExecutionListener@68868328, org.springframework.boot.test.autoconfigure.web.servlet.WebDriverTestExecutionListener@173a6728]
2019-04-30 09:57:32,138 INFO org.springframework.boot.StartupInfoLogger [main] Starting TestSessisonManagerConnection on nikos-Lenovo-V310-15IKB with PID 20932 (started by nikos in /home/nikos/NetBeansProjects/esmo.gr.idp)
2019-04-30 09:57:32,139 INFO org.springframework.boot.SpringApplication [main] The following profiles are active: test
2019-04-30 09:57:32,609 INFO org.springframework.beans.factory.annotation.AutowiredAnnotationBeanPostProcessor [main] Autowired annotation is not supported on static fields: private static final org.slf4j.Logger gr.uagean.loginWebApp.controllers.NOControllers.LOG
2019-04-30 09:57:32,617 INFO com.google.code.ssm.config.DefaultAddressProvider [main] Defined values 172.17.0.1:11211 will be used as memcached addresses
2019-04-30 09:57:32,645 INFO org.springframework.beans.factory.annotation.AutowiredAnnotationBeanPostProcessor [main] Autowired annotation is not supported on static fields: private static final org.slf4j.Logger gr.uagean.loginWebApp.controllers.RestControllers.LOG
2019-04-30 09:57:33,206 INFO org.springframework.scheduling.concurrent.ExecutorConfigurationSupport [main] Initializing ExecutorService 'applicationTaskExecutor'
2019-04-30 09:57:33,838 INFO org.springframework.mock.web.MockServletContext [main] Initializing Spring TestDispatcherServlet ''
2019-04-30 09:57:33,845 INFO org.springframework.web.servlet.FrameworkServlet [main] Initializing Servlet ''
2019-04-30 09:57:33,880 INFO org.springframework.web.servlet.FrameworkServlet [main] Completed initialization in 34 ms
2019-04-30 09:57:33,923 INFO org.springframework.boot.StartupInfoLogger [main] Started TestSessisonManagerConnection in 1.838 seconds (JVM running for 8.585)
2019-04-30 09:57:37,594 INFO org.springframework.scheduling.concurrent.ExecutorConfigurationSupport [Thread-3] Shutting down ExecutorService 'applicationTaskExecutor'
2019-04-30 09:57:37,602 INFO org.springframework.scheduling.concurrent.ExecutorConfigurationSupport [Thread-7] Shutting down ExecutorService 'applicationTaskExecutor'
2019-04-30 10:08:27,296 INFO org.springframework.boot.StartupInfoLogger [main] Starting TestSessisonManagerConnection on nikos-Lenovo-V310-15IKB with PID 21541 (started by nikos in /home/nikos/NetBeansProjects/esmo.gr.idp)
2019-04-30 10:08:27,298 INFO org.springframework.boot.SpringApplication [main] The following profiles are active: test
2019-04-30 10:08:30,597 INFO org.springframework.beans.factory.annotation.AutowiredAnnotationBeanPostProcessor [main] Autowired annotation is not supported on static fields: private static final org.slf4j.Logger gr.uagean.loginWebApp.controllers.NOControllers.LOG
2019-04-30 10:08:30,647 INFO com.google.code.ssm.config.DefaultAddressProvider [main] Defined values 172.17.0.1:11211 will be used as memcached addresses
2019-04-30 10:08:30,755 INFO org.springframework.beans.factory.annotation.AutowiredAnnotationBeanPostProcessor [main] Autowired annotation is not supported on static fields: private static final org.slf4j.Logger gr.uagean.loginWebApp.controllers.RestControllers.LOG
2019-04-30 10:08:31,727 INFO org.springframework.scheduling.concurrent.ExecutorConfigurationSupport [main] Initializing ExecutorService 'applicationTaskExecutor'
2019-04-30 10:08:32,434 INFO org.springframework.mock.web.MockServletContext [main] Initializing Spring TestDispatcherServlet ''
2019-04-30 10:08:32,445 INFO org.springframework.web.servlet.FrameworkServlet [main] Initializing Servlet ''
2019-04-30 10:08:32,495 INFO org.springframework.web.servlet.FrameworkServlet [main] Completed initialization in 47 ms
2019-04-30 10:08:32,660 INFO org.springframework.boot.StartupInfoLogger [main] Started TestSessisonManagerConnection in 6.197 seconds (JVM running for 7.423)
2019-04-30 10:08:44,499 INFO org.springframework.scheduling.concurrent.ExecutorConfigurationSupport [Thread-4] Shutting down ExecutorService 'applicationTaskExecutor'
2019-04-30 14:45:24,450 INFO org.springframework.boot.StartupInfoLogger [main] Starting LoginWebAppApplication on nikos-Lenovo-V310-15IKB with PID 5290 (/home/nikos/NetBeansProjects/esmo.gr.idp/target/classes started by nikos in /home/nikos/NetBeansProjects/esmo.gr.idp)
2019-04-30 14:45:24,474 INFO org.springframework.boot.SpringApplication [main] No active profile set, falling back to default profiles: default
2019-04-30 14:45:26,919 INFO org.springframework.boot.web.embedded.tomcat.TomcatWebServer [main] Tomcat initialized with port(s): 8080 (http)
2019-04-30 14:45:26,950 INFO org.apache.juli.logging.DirectJDKLog [main] Initializing ProtocolHandler ["http-nio-8080"]
2019-04-30 14:45:26,978 INFO org.apache.juli.logging.DirectJDKLog [main] Starting service [Tomcat]
2019-04-30 14:45:26,979 INFO org.apache.juli.logging.DirectJDKLog [main] Starting Servlet Engine: Apache Tomcat/9.0.13
2019-04-30 14:45:26,995 INFO org.apache.juli.logging.DirectJDKLog [main] The APR based Apache Tomcat Native library which allows optimal performance in production environments was not found on the java.library.path: [/usr/lib/jvm/java-8-oracle/jre/lib/amd64:/usr/lib/jvm/java-8-oracle/jre/lib/i386::/usr/java/packages/lib/amd64:/usr/lib64:/lib64:/lib:/usr/lib]
2019-04-30 14:45:27,116 INFO org.apache.juli.logging.DirectJDKLog [main] Initializing Spring embedded WebApplicationContext
2019-04-30 14:45:27,117 INFO org.springframework.boot.web.servlet.context.ServletWebServerApplicationContext [main] Root WebApplicationContext: initialization completed in 2392 ms
2019-04-30 14:45:27,373 INFO org.springframework.beans.factory.annotation.AutowiredAnnotationBeanPostProcessor [main] Autowired annotation is not supported on static fields: private static final org.slf4j.Logger gr.uagean.loginWebApp.controllers.NOControllers.LOG
2019-04-30 14:45:27,544 INFO com.google.code.ssm.config.DefaultAddressProvider [main] Defined values 172.17.0.1:11211 will be used as memcached addresses
2019-04-30 14:45:27,679 INFO org.springframework.beans.factory.annotation.AutowiredAnnotationBeanPostProcessor [main] Autowired annotation is not supported on static fields: private static final org.slf4j.Logger gr.uagean.loginWebApp.controllers.RestControllers.LOG
2019-04-30 14:45:27,900 INFO org.springframework.scheduling.concurrent.ExecutorConfigurationSupport [main] Initializing ExecutorService 'applicationTaskExecutor'
2019-04-30 14:45:28,481 INFO org.apache.juli.logging.DirectJDKLog [main] Starting ProtocolHandler ["http-nio-8080"]
2019-04-30 14:45:28,488 INFO org.apache.juli.logging.DirectJDKLog [main] Using a shared selector for servlet write/read
2019-04-30 14:45:28,544 INFO org.springframework.boot.web.embedded.tomcat.TomcatWebServer [main] Tomcat started on port(s): 8080 (http) with context path ''
2019-04-30 14:45:28,561 INFO org.springframework.boot.StartupInfoLogger [main] Started LoginWebAppApplication in 4.962 seconds (JVM running for 5.795)
2019-04-30 14:46:07,294 INFO org.springframework.boot.StartupInfoLogger [main] Starting TestSessisonManagerConnection on nikos-Lenovo-V310-15IKB with PID 5390 (started by nikos in /home/nikos/NetBeansProjects/esmo.gr.idp)
2019-04-30 14:46:07,296 INFO org.springframework.boot.SpringApplication [main] The following profiles are active: test
2019-04-30 14:46:09,103 INFO org.springframework.beans.factory.annotation.AutowiredAnnotationBeanPostProcessor [main] Autowired annotation is not supported on static fields: private static final org.slf4j.Logger gr.uagean.loginWebApp.controllers.NOControllers.LOG
2019-04-30 14:46:09,123 INFO com.google.code.ssm.config.DefaultAddressProvider [main] Defined values 172.17.0.1:11211 will be used as memcached addresses
2019-04-30 14:46:09,196 INFO org.springframework.beans.factory.annotation.AutowiredAnnotationBeanPostProcessor [main] Autowired annotation is not supported on static fields: private static final org.slf4j.Logger gr.uagean.loginWebApp.controllers.RestControllers.LOG
2019-04-30 14:46:09,850 INFO org.springframework.scheduling.concurrent.ExecutorConfigurationSupport [main] Initializing ExecutorService 'applicationTaskExecutor'
2019-04-30 14:46:10,370 INFO org.springframework.mock.web.MockServletContext [main] Initializing Spring TestDispatcherServlet ''
2019-04-30 14:46:10,371 INFO org.springframework.web.servlet.FrameworkServlet [main] Initializing Servlet ''
2019-04-30 14:46:10,384 INFO org.springframework.web.servlet.FrameworkServlet [main] Completed initialization in 13 ms
2019-04-30 14:46:10,421 INFO org.springframework.boot.StartupInfoLogger [main] Started TestSessisonManagerConnection in 3.625 seconds (JVM running for 4.369)
2019-04-30 14:46:11,521 INFO gr.uagean.loginWebApp.service.impl.NetworkServiceImpl [main] request failed will retry
2019-04-30 14:46:12,150 INFO org.springframework.scheduling.concurrent.ExecutorConfigurationSupport [Thread-4] Shutting down ExecutorService 'applicationTaskExecutor'
2019-04-30 14:47:31,600 INFO org.springframework.boot.StartupInfoLogger [main] Starting TestSessisonManagerConnection on nikos-Lenovo-V310-15IKB with PID 5581 (started by nikos in /home/nikos/NetBeansProjects/esmo.gr.idp)
2019-04-30 14:47:31,602 INFO org.springframework.boot.SpringApplication [main] The following profiles are active: test
2019-04-30 14:47:33,672 INFO org.springframework.beans.factory.annotation.AutowiredAnnotationBeanPostProcessor [main] Autowired annotation is not supported on static fields: private static final org.slf4j.Logger gr.uagean.loginWebApp.controllers.NOControllers.LOG
2019-04-30 14:47:33,689 INFO com.google.code.ssm.config.DefaultAddressProvider [main] Defined values 172.17.0.1:11211 will be used as memcached addresses
2019-04-30 14:47:33,761 INFO org.springframework.beans.factory.annotation.AutowiredAnnotationBeanPostProcessor [main] Autowired annotation is not supported on static fields: private static final org.slf4j.Logger gr.uagean.loginWebApp.controllers.RestControllers.LOG
2019-04-30 14:47:34,360 INFO org.springframework.scheduling.concurrent.ExecutorConfigurationSupport [main] Initializing ExecutorService 'applicationTaskExecutor'
2019-04-30 14:47:34,840 INFO org.springframework.mock.web.MockServletContext [main] Initializing Spring TestDispatcherServlet ''
2019-04-30 14:47:34,842 INFO org.springframework.web.servlet.FrameworkServlet [main] Initializing Servlet ''
2019-04-30 14:47:34,862 INFO org.springframework.web.servlet.FrameworkServlet [main] Completed initialization in 18 ms
2019-04-30 14:47:34,904 INFO org.springframework.boot.StartupInfoLogger [main] Started TestSessisonManagerConnection in 3.821 seconds (JVM running for 4.906)
2019-04-30 14:47:35,987 INFO org.springframework.scheduling.concurrent.ExecutorConfigurationSupport [Thread-4] Shutting down ExecutorService 'applicationTaskExecutor'
2019-04-30 14:47:51,962 INFO org.apache.juli.logging.DirectJDKLog [http-nio-8080-exec-1] Initializing Spring DispatcherServlet 'dispatcherServlet'
2019-04-30 14:47:51,963 INFO org.springframework.web.servlet.FrameworkServlet [http-nio-8080-exec-1] Initializing Servlet 'dispatcherServlet'
2019-04-30 14:47:51,971 INFO org.springframework.web.servlet.FrameworkServlet [http-nio-8080-exec-1] Completed initialization in 7 ms
2019-04-30 14:47:55,846 INFO com.google.code.ssm.spring.SSMCache [http-nio-8080-exec-1] Put 'b6af0896-3c8c-4c2d-83aa-a88e59735d8a' under key a41dc722-8005-4205-9928-c97d6137a813 to cache idpms
2019-04-30 14:47:58,366 WARN com.google.code.ssm.spring.SSMCache [http-nio-8080-exec-1] An error has ocurred for cache idpms and key a41dc722-8005-4205-9928-c97d6137a813
java.lang.RuntimeException: Timed out waiting for operation
	at net.spy.memcached.internal.OperationFuture.get(OperationFuture.java:142)
	at com.google.code.ssm.providers.spymemcached.MemcacheClientWrapper.set(MemcacheClientWrapper.java:262)
	at com.google.code.ssm.CacheImpl.set(CacheImpl.java:290)
	at com.google.code.ssm.CacheImpl.set(CacheImpl.java:128)
	at com.google.code.ssm.spring.SSMCache.put(SSMCache.java:198)
	at gr.uagean.loginWebApp.controllers.NOControllers.authenticate(NOControllers.java:152)
	at sun.reflect.NativeMethodAccessorImpl.invoke0(Native Method)
	at sun.reflect.NativeMethodAccessorImpl.invoke(NativeMethodAccessorImpl.java:62)
	at sun.reflect.DelegatingMethodAccessorImpl.invoke(DelegatingMethodAccessorImpl.java:43)
	at java.lang.reflect.Method.invoke(Method.java:498)
	at org.springframework.web.method.support.InvocableHandlerMethod.doInvoke(InvocableHandlerMethod.java:189)
	at org.springframework.web.method.support.InvocableHandlerMethod.invokeForRequest(InvocableHandlerMethod.java:138)
	at org.springframework.web.servlet.mvc.method.annotation.ServletInvocableHandlerMethod.invokeAndHandle(ServletInvocableHandlerMethod.java:102)
	at org.springframework.web.servlet.mvc.method.annotation.RequestMappingHandlerAdapter.invokeHandlerMethod(RequestMappingHandlerAdapter.java:895)
	at org.springframework.web.servlet.mvc.method.annotation.RequestMappingHandlerAdapter.handleInternal(RequestMappingHandlerAdapter.java:800)
	at org.springframework.web.servlet.mvc.method.AbstractHandlerMethodAdapter.handle(AbstractHandlerMethodAdapter.java:87)
	at org.springframework.web.servlet.DispatcherServlet.doDispatch(DispatcherServlet.java:1038)
	at org.springframework.web.servlet.DispatcherServlet.doService(DispatcherServlet.java:942)
	at org.springframework.web.servlet.FrameworkServlet.processRequest(FrameworkServlet.java:1005)
	at org.springframework.web.servlet.FrameworkServlet.doGet(FrameworkServlet.java:897)
	at javax.servlet.http.HttpServlet.service(HttpServlet.java:634)
	at org.springframework.web.servlet.FrameworkServlet.service(FrameworkServlet.java:882)
	at javax.servlet.http.HttpServlet.service(HttpServlet.java:741)
	at org.apache.catalina.core.ApplicationFilterChain.internalDoFilter(ApplicationFilterChain.java:231)
	at org.apache.catalina.core.ApplicationFilterChain.doFilter(ApplicationFilterChain.java:166)
	at org.apache.tomcat.websocket.server.WsFilter.doFilter(WsFilter.java:53)
	at org.apache.catalina.core.ApplicationFilterChain.internalDoFilter(ApplicationFilterChain.java:193)
	at org.apache.catalina.core.ApplicationFilterChain.doFilter(ApplicationFilterChain.java:166)
	at org.springframework.web.filter.RequestContextFilter.doFilterInternal(RequestContextFilter.java:99)
	at org.springframework.web.filter.OncePerRequestFilter.doFilter(OncePerRequestFilter.java:107)
	at org.apache.catalina.core.ApplicationFilterChain.internalDoFilter(ApplicationFilterChain.java:193)
	at org.apache.catalina.core.ApplicationFilterChain.doFilter(ApplicationFilterChain.java:166)
	at org.springframework.web.filter.FormContentFilter.doFilterInternal(FormContentFilter.java:92)
	at org.springframework.web.filter.OncePerRequestFilter.doFilter(OncePerRequestFilter.java:107)
	at org.apache.catalina.core.ApplicationFilterChain.internalDoFilter(ApplicationFilterChain.java:193)
	at org.apache.catalina.core.ApplicationFilterChain.doFilter(ApplicationFilterChain.java:166)
	at org.springframework.web.filter.HiddenHttpMethodFilter.doFilterInternal(HiddenHttpMethodFilter.java:93)
	at org.springframework.web.filter.OncePerRequestFilter.doFilter(OncePerRequestFilter.java:107)
	at org.apache.catalina.core.ApplicationFilterChain.internalDoFilter(ApplicationFilterChain.java:193)
	at org.apache.catalina.core.ApplicationFilterChain.doFilter(ApplicationFilterChain.java:166)
	at org.springframework.web.filter.CharacterEncodingFilter.doFilterInternal(CharacterEncodingFilter.java:200)
	at org.springframework.web.filter.OncePerRequestFilter.doFilter(OncePerRequestFilter.java:107)
	at org.apache.catalina.core.ApplicationFilterChain.internalDoFilter(ApplicationFilterChain.java:193)
	at org.apache.catalina.core.ApplicationFilterChain.doFilter(ApplicationFilterChain.java:166)
	at org.apache.catalina.core.StandardWrapperValve.invoke(StandardWrapperValve.java:199)
	at org.apache.catalina.core.StandardContextValve.invoke(StandardContextValve.java:96)
	at org.apache.catalina.authenticator.AuthenticatorBase.invoke(AuthenticatorBase.java:490)
	at org.apache.catalina.core.StandardHostValve.invoke(StandardHostValve.java:139)
	at org.apache.catalina.valves.ErrorReportValve.invoke(ErrorReportValve.java:92)
	at org.apache.catalina.core.StandardEngineValve.invoke(StandardEngineValve.java:74)
	at org.apache.catalina.connector.CoyoteAdapter.service(CoyoteAdapter.java:343)
	at org.apache.coyote.http11.Http11Processor.service(Http11Processor.java:408)
	at org.apache.coyote.AbstractProcessorLight.process(AbstractProcessorLight.java:66)
	at org.apache.coyote.AbstractProtocol$ConnectionHandler.process(AbstractProtocol.java:791)
	at org.apache.tomcat.util.net.NioEndpoint$SocketProcessor.doRun(NioEndpoint.java:1417)
	at org.apache.tomcat.util.net.SocketProcessorBase.run(SocketProcessorBase.java:49)
	at java.util.concurrent.ThreadPoolExecutor.runWorker(ThreadPoolExecutor.java:1149)
	at java.util.concurrent.ThreadPoolExecutor$Worker.run(ThreadPoolExecutor.java:624)
	at org.apache.tomcat.util.threads.TaskThread$WrappingRunnable.run(TaskThread.java:61)
	at java.lang.Thread.run(Thread.java:748)
Caused by: net.spy.memcached.internal.CheckedOperationTimeoutException: Timed out waiting for operation - failing node: /172.17.0.1:11211
	at net.spy.memcached.internal.OperationFuture.get(OperationFuture.java:167)
	at net.spy.memcached.internal.OperationFuture.get(OperationFuture.java:140)
	... 59 common frames omitted
2019-04-30 14:47:58,386 ERROR org.apache.juli.logging.DirectJDKLog [http-nio-8080-exec-1] Servlet.service() for servlet [dispatcherServlet] in context with path [] threw exception [Request processing failed; nested exception is java.lang.RuntimeException: Timed out waiting for operation] with root cause
net.spy.memcached.internal.CheckedOperationTimeoutException: Timed out waiting for operation - failing node: /172.17.0.1:11211
	at net.spy.memcached.internal.OperationFuture.get(OperationFuture.java:167)
	at net.spy.memcached.internal.OperationFuture.get(OperationFuture.java:140)
	at com.google.code.ssm.providers.spymemcached.MemcacheClientWrapper.set(MemcacheClientWrapper.java:262)
	at com.google.code.ssm.CacheImpl.set(CacheImpl.java:290)
	at com.google.code.ssm.CacheImpl.set(CacheImpl.java:128)
	at com.google.code.ssm.spring.SSMCache.put(SSMCache.java:198)
	at gr.uagean.loginWebApp.controllers.NOControllers.authenticate(NOControllers.java:152)
	at sun.reflect.NativeMethodAccessorImpl.invoke0(Native Method)
	at sun.reflect.NativeMethodAccessorImpl.invoke(NativeMethodAccessorImpl.java:62)
	at sun.reflect.DelegatingMethodAccessorImpl.invoke(DelegatingMethodAccessorImpl.java:43)
	at java.lang.reflect.Method.invoke(Method.java:498)
	at org.springframework.web.method.support.InvocableHandlerMethod.doInvoke(InvocableHandlerMethod.java:189)
	at org.springframework.web.method.support.InvocableHandlerMethod.invokeForRequest(InvocableHandlerMethod.java:138)
	at org.springframework.web.servlet.mvc.method.annotation.ServletInvocableHandlerMethod.invokeAndHandle(ServletInvocableHandlerMethod.java:102)
	at org.springframework.web.servlet.mvc.method.annotation.RequestMappingHandlerAdapter.invokeHandlerMethod(RequestMappingHandlerAdapter.java:895)
	at org.springframework.web.servlet.mvc.method.annotation.RequestMappingHandlerAdapter.handleInternal(RequestMappingHandlerAdapter.java:800)
	at org.springframework.web.servlet.mvc.method.AbstractHandlerMethodAdapter.handle(AbstractHandlerMethodAdapter.java:87)
	at org.springframework.web.servlet.DispatcherServlet.doDispatch(DispatcherServlet.java:1038)
	at org.springframework.web.servlet.DispatcherServlet.doService(DispatcherServlet.java:942)
	at org.springframework.web.servlet.FrameworkServlet.processRequest(FrameworkServlet.java:1005)
	at org.springframework.web.servlet.FrameworkServlet.doGet(FrameworkServlet.java:897)
	at javax.servlet.http.HttpServlet.service(HttpServlet.java:634)
	at org.springframework.web.servlet.FrameworkServlet.service(FrameworkServlet.java:882)
	at javax.servlet.http.HttpServlet.service(HttpServlet.java:741)
	at org.apache.catalina.core.ApplicationFilterChain.internalDoFilter(ApplicationFilterChain.java:231)
	at org.apache.catalina.core.ApplicationFilterChain.doFilter(ApplicationFilterChain.java:166)
	at org.apache.tomcat.websocket.server.WsFilter.doFilter(WsFilter.java:53)
	at org.apache.catalina.core.ApplicationFilterChain.internalDoFilter(ApplicationFilterChain.java:193)
	at org.apache.catalina.core.ApplicationFilterChain.doFilter(ApplicationFilterChain.java:166)
	at org.springframework.web.filter.RequestContextFilter.doFilterInternal(RequestContextFilter.java:99)
	at org.springframework.web.filter.OncePerRequestFilter.doFilter(OncePerRequestFilter.java:107)
	at org.apache.catalina.core.ApplicationFilterChain.internalDoFilter(ApplicationFilterChain.java:193)
	at org.apache.catalina.core.ApplicationFilterChain.doFilter(ApplicationFilterChain.java:166)
	at org.springframework.web.filter.FormContentFilter.doFilterInternal(FormContentFilter.java:92)
	at org.springframework.web.filter.OncePerRequestFilter.doFilter(OncePerRequestFilter.java:107)
	at org.apache.catalina.core.ApplicationFilterChain.internalDoFilter(ApplicationFilterChain.java:193)
	at org.apache.catalina.core.ApplicationFilterChain.doFilter(ApplicationFilterChain.java:166)
	at org.springframework.web.filter.HiddenHttpMethodFilter.doFilterInternal(HiddenHttpMethodFilter.java:93)
	at org.springframework.web.filter.OncePerRequestFilter.doFilter(OncePerRequestFilter.java:107)
	at org.apache.catalina.core.ApplicationFilterChain.internalDoFilter(ApplicationFilterChain.java:193)
	at org.apache.catalina.core.ApplicationFilterChain.doFilter(ApplicationFilterChain.java:166)
	at org.springframework.web.filter.CharacterEncodingFilter.doFilterInternal(CharacterEncodingFilter.java:200)
	at org.springframework.web.filter.OncePerRequestFilter.doFilter(OncePerRequestFilter.java:107)
	at org.apache.catalina.core.ApplicationFilterChain.internalDoFilter(ApplicationFilterChain.java:193)
	at org.apache.catalina.core.ApplicationFilterChain.doFilter(ApplicationFilterChain.java:166)
	at org.apache.catalina.core.StandardWrapperValve.invoke(StandardWrapperValve.java:199)
	at org.apache.catalina.core.StandardContextValve.invoke(StandardContextValve.java:96)
	at org.apache.catalina.authenticator.AuthenticatorBase.invoke(AuthenticatorBase.java:490)
	at org.apache.catalina.core.StandardHostValve.invoke(StandardHostValve.java:139)
	at org.apache.catalina.valves.ErrorReportValve.invoke(ErrorReportValve.java:92)
	at org.apache.catalina.core.StandardEngineValve.invoke(StandardEngineValve.java:74)
	at org.apache.catalina.connector.CoyoteAdapter.service(CoyoteAdapter.java:343)
	at org.apache.coyote.http11.Http11Processor.service(Http11Processor.java:408)
	at org.apache.coyote.AbstractProcessorLight.process(AbstractProcessorLight.java:66)
	at org.apache.coyote.AbstractProtocol$ConnectionHandler.process(AbstractProtocol.java:791)
	at org.apache.tomcat.util.net.NioEndpoint$SocketProcessor.doRun(NioEndpoint.java:1417)
	at org.apache.tomcat.util.net.SocketProcessorBase.run(SocketProcessorBase.java:49)
	at java.util.concurrent.ThreadPoolExecutor.runWorker(ThreadPoolExecutor.java:1149)
	at java.util.concurrent.ThreadPoolExecutor$Worker.run(ThreadPoolExecutor.java:624)
	at org.apache.tomcat.util.threads.TaskThread$WrappingRunnable.run(TaskThread.java:61)
	at java.lang.Thread.run(Thread.java:748)
2019-04-30 14:49:15,051 INFO org.springframework.boot.StartupInfoLogger [main] Starting TestSessisonManagerConnection on nikos-Lenovo-V310-15IKB with PID 6387 (started by nikos in /home/nikos/NetBeansProjects/esmo.gr.idp)
2019-04-30 14:49:15,055 INFO org.springframework.boot.SpringApplication [main] The following profiles are active: test
2019-04-30 14:49:16,985 INFO org.springframework.beans.factory.annotation.AutowiredAnnotationBeanPostProcessor [main] Autowired annotation is not supported on static fields: private static final org.slf4j.Logger gr.uagean.loginWebApp.controllers.NOControllers.LOG
2019-04-30 14:49:17,006 INFO com.google.code.ssm.config.DefaultAddressProvider [main] Defined values 172.17.0.1:11211 will be used as memcached addresses
2019-04-30 14:49:17,080 INFO org.springframework.beans.factory.annotation.AutowiredAnnotationBeanPostProcessor [main] Autowired annotation is not supported on static fields: private static final org.slf4j.Logger gr.uagean.loginWebApp.controllers.RestControllers.LOG
2019-04-30 14:49:17,645 INFO org.springframework.scheduling.concurrent.ExecutorConfigurationSupport [main] Initializing ExecutorService 'applicationTaskExecutor'
2019-04-30 14:49:18,083 INFO org.springframework.mock.web.MockServletContext [main] Initializing Spring TestDispatcherServlet ''
2019-04-30 14:49:18,084 INFO org.springframework.web.servlet.FrameworkServlet [main] Initializing Servlet ''
2019-04-30 14:49:18,095 INFO org.springframework.web.servlet.FrameworkServlet [main] Completed initialization in 10 ms
2019-04-30 14:49:18,130 INFO org.springframework.boot.StartupInfoLogger [main] Started TestSessisonManagerConnection in 3.845 seconds (JVM running for 4.616)
2019-04-30 14:49:19,201 INFO org.springframework.scheduling.concurrent.ExecutorConfigurationSupport [Thread-4] Shutting down ExecutorService 'applicationTaskExecutor'
2019-04-30 14:49:59,346 INFO com.google.code.ssm.spring.SSMCache [http-nio-8080-exec-4] Put 'cb83c52a-074f-45b2-bbf5-acec7d1d0fbf' under key 36f48eae-c8fa-4c6c-bcae-8ab353fc1332 to cache idpms
2019-04-30 14:50:13,194 ERROR org.apache.juli.logging.DirectJDKLog [http-nio-8080-exec-7] Servlet.service() for servlet [dispatcherServlet] in context with path [] threw exception [Request processing failed; nested exception is java.lang.IllegalArgumentException: URI is not absolute] with root cause
java.lang.IllegalArgumentException: URI is not absolute
	at java.net.URI.toURL(URI.java:1088)
	at org.springframework.http.client.SimpleClientHttpRequestFactory.createRequest(SimpleClientHttpRequestFactory.java:145)
	at org.springframework.http.client.support.HttpAccessor.createRequest(HttpAccessor.java:87)
	at org.springframework.web.client.RestTemplate.doExecute(RestTemplate.java:730)
	at org.springframework.web.client.RestTemplate.execute(RestTemplate.java:669)
	at org.springframework.web.client.RestTemplate.exchange(RestTemplate.java:578)
	at gr.uagean.loginWebApp.controllers.NOControllers.getNorweigianEidasResponse(NOControllers.java:238)
	at sun.reflect.NativeMethodAccessorImpl.invoke0(Native Method)
	at sun.reflect.NativeMethodAccessorImpl.invoke(NativeMethodAccessorImpl.java:62)
	at sun.reflect.DelegatingMethodAccessorImpl.invoke(DelegatingMethodAccessorImpl.java:43)
	at java.lang.reflect.Method.invoke(Method.java:498)
	at org.springframework.web.method.support.InvocableHandlerMethod.doInvoke(InvocableHandlerMethod.java:189)
	at org.springframework.web.method.support.InvocableHandlerMethod.invokeForRequest(InvocableHandlerMethod.java:138)
	at org.springframework.web.servlet.mvc.method.annotation.ServletInvocableHandlerMethod.invokeAndHandle(ServletInvocableHandlerMethod.java:102)
	at org.springframework.web.servlet.mvc.method.annotation.RequestMappingHandlerAdapter.invokeHandlerMethod(RequestMappingHandlerAdapter.java:895)
	at org.springframework.web.servlet.mvc.method.annotation.RequestMappingHandlerAdapter.handleInternal(RequestMappingHandlerAdapter.java:800)
	at org.springframework.web.servlet.mvc.method.AbstractHandlerMethodAdapter.handle(AbstractHandlerMethodAdapter.java:87)
	at org.springframework.web.servlet.DispatcherServlet.doDispatch(DispatcherServlet.java:1038)
	at org.springframework.web.servlet.DispatcherServlet.doService(DispatcherServlet.java:942)
	at org.springframework.web.servlet.FrameworkServlet.processRequest(FrameworkServlet.java:1005)
	at org.springframework.web.servlet.FrameworkServlet.doGet(FrameworkServlet.java:897)
	at javax.servlet.http.HttpServlet.service(HttpServlet.java:634)
	at org.springframework.web.servlet.FrameworkServlet.service(FrameworkServlet.java:882)
	at javax.servlet.http.HttpServlet.service(HttpServlet.java:741)
	at org.apache.catalina.core.ApplicationFilterChain.internalDoFilter(ApplicationFilterChain.java:231)
	at org.apache.catalina.core.ApplicationFilterChain.doFilter(ApplicationFilterChain.java:166)
	at org.apache.tomcat.websocket.server.WsFilter.doFilter(WsFilter.java:53)
	at org.apache.catalina.core.ApplicationFilterChain.internalDoFilter(ApplicationFilterChain.java:193)
	at org.apache.catalina.core.ApplicationFilterChain.doFilter(ApplicationFilterChain.java:166)
	at org.springframework.web.filter.RequestContextFilter.doFilterInternal(RequestContextFilter.java:99)
	at org.springframework.web.filter.OncePerRequestFilter.doFilter(OncePerRequestFilter.java:107)
	at org.apache.catalina.core.ApplicationFilterChain.internalDoFilter(ApplicationFilterChain.java:193)
	at org.apache.catalina.core.ApplicationFilterChain.doFilter(ApplicationFilterChain.java:166)
	at org.springframework.web.filter.FormContentFilter.doFilterInternal(FormContentFilter.java:92)
	at org.springframework.web.filter.OncePerRequestFilter.doFilter(OncePerRequestFilter.java:107)
	at org.apache.catalina.core.ApplicationFilterChain.internalDoFilter(ApplicationFilterChain.java:193)
	at org.apache.catalina.core.ApplicationFilterChain.doFilter(ApplicationFilterChain.java:166)
	at org.springframework.web.filter.HiddenHttpMethodFilter.doFilterInternal(HiddenHttpMethodFilter.java:93)
	at org.springframework.web.filter.OncePerRequestFilter.doFilter(OncePerRequestFilter.java:107)
	at org.apache.catalina.core.ApplicationFilterChain.internalDoFilter(ApplicationFilterChain.java:193)
	at org.apache.catalina.core.ApplicationFilterChain.doFilter(ApplicationFilterChain.java:166)
	at org.springframework.web.filter.CharacterEncodingFilter.doFilterInternal(CharacterEncodingFilter.java:200)
	at org.springframework.web.filter.OncePerRequestFilter.doFilter(OncePerRequestFilter.java:107)
	at org.apache.catalina.core.ApplicationFilterChain.internalDoFilter(ApplicationFilterChain.java:193)
	at org.apache.catalina.core.ApplicationFilterChain.doFilter(ApplicationFilterChain.java:166)
	at org.apache.catalina.core.StandardWrapperValve.invoke(StandardWrapperValve.java:199)
	at org.apache.catalina.core.StandardContextValve.invoke(StandardContextValve.java:96)
	at org.apache.catalina.authenticator.AuthenticatorBase.invoke(AuthenticatorBase.java:490)
	at org.apache.catalina.core.StandardHostValve.invoke(StandardHostValve.java:139)
	at org.apache.catalina.valves.ErrorReportValve.invoke(ErrorReportValve.java:92)
	at org.apache.catalina.core.StandardEngineValve.invoke(StandardEngineValve.java:74)
	at org.apache.catalina.connector.CoyoteAdapter.service(CoyoteAdapter.java:343)
	at org.apache.coyote.http11.Http11Processor.service(Http11Processor.java:408)
	at org.apache.coyote.AbstractProcessorLight.process(AbstractProcessorLight.java:66)
	at org.apache.coyote.AbstractProtocol$ConnectionHandler.process(AbstractProtocol.java:791)
	at org.apache.tomcat.util.net.NioEndpoint$SocketProcessor.doRun(NioEndpoint.java:1417)
	at org.apache.tomcat.util.net.SocketProcessorBase.run(SocketProcessorBase.java:49)
	at java.util.concurrent.ThreadPoolExecutor.runWorker(ThreadPoolExecutor.java:1149)
	at java.util.concurrent.ThreadPoolExecutor$Worker.run(ThreadPoolExecutor.java:624)
	at org.apache.tomcat.util.threads.TaskThread$WrappingRunnable.run(TaskThread.java:61)
	at java.lang.Thread.run(Thread.java:748)
2019-04-30 14:53:04,746 INFO org.springframework.boot.StartupInfoLogger [main] Starting LoginWebAppApplication on nikos-Lenovo-V310-15IKB with PID 6780 (/home/nikos/NetBeansProjects/esmo.gr.idp/target/classes started by nikos in /home/nikos/NetBeansProjects/esmo.gr.idp)
2019-04-30 14:53:04,755 INFO org.springframework.boot.SpringApplication [main] No active profile set, falling back to default profiles: default
2019-04-30 14:53:07,661 INFO org.springframework.boot.web.embedded.tomcat.TomcatWebServer [main] Tomcat initialized with port(s): 8080 (http)
2019-04-30 14:53:07,698 INFO org.apache.juli.logging.DirectJDKLog [main] Initializing ProtocolHandler ["http-nio-8080"]
2019-04-30 14:53:07,743 INFO org.apache.juli.logging.DirectJDKLog [main] Starting service [Tomcat]
2019-04-30 14:53:07,748 INFO org.apache.juli.logging.DirectJDKLog [main] Starting Servlet Engine: Apache Tomcat/9.0.13
2019-04-30 14:53:07,772 INFO org.apache.juli.logging.DirectJDKLog [main] The APR based Apache Tomcat Native library which allows optimal performance in production environments was not found on the java.library.path: [/usr/lib/jvm/java-8-oracle/jre/lib/amd64:/usr/lib/jvm/java-8-oracle/jre/lib/i386::/usr/java/packages/lib/amd64:/usr/lib64:/lib64:/lib:/usr/lib]
2019-04-30 14:53:07,864 INFO org.apache.juli.logging.DirectJDKLog [main] Initializing Spring embedded WebApplicationContext
2019-04-30 14:53:07,864 INFO org.springframework.boot.web.servlet.context.ServletWebServerApplicationContext [main] Root WebApplicationContext: initialization completed in 3043 ms
2019-04-30 14:53:08,093 INFO org.springframework.beans.factory.annotation.AutowiredAnnotationBeanPostProcessor [main] Autowired annotation is not supported on static fields: private static final org.slf4j.Logger gr.uagean.loginWebApp.controllers.NOControllers.LOG
2019-04-30 14:53:08,113 INFO com.google.code.ssm.config.DefaultAddressProvider [main] Defined values 172.17.0.1:11211 will be used as memcached addresses
2019-04-30 14:53:08,423 INFO org.springframework.beans.factory.annotation.AutowiredAnnotationBeanPostProcessor [main] Autowired annotation is not supported on static fields: private static final org.slf4j.Logger gr.uagean.loginWebApp.controllers.RestControllers.LOG
2019-04-30 14:53:08,791 INFO org.springframework.scheduling.concurrent.ExecutorConfigurationSupport [main] Initializing ExecutorService 'applicationTaskExecutor'
2019-04-30 14:53:09,208 INFO org.apache.juli.logging.DirectJDKLog [main] Starting ProtocolHandler ["http-nio-8080"]
2019-04-30 14:53:09,211 INFO org.apache.juli.logging.DirectJDKLog [main] Using a shared selector for servlet write/read
2019-04-30 14:53:09,256 INFO org.springframework.boot.web.embedded.tomcat.TomcatWebServer [main] Tomcat started on port(s): 8080 (http) with context path ''
2019-04-30 14:53:09,267 INFO org.springframework.boot.StartupInfoLogger [main] Started LoginWebAppApplication in 5.217 seconds (JVM running for 5.786)
2019-04-30 14:53:16,500 INFO org.springframework.boot.StartupInfoLogger [main] Starting TestSessisonManagerConnection on nikos-Lenovo-V310-15IKB with PID 6864 (started by nikos in /home/nikos/NetBeansProjects/esmo.gr.idp)
2019-04-30 14:53:16,502 INFO org.springframework.boot.SpringApplication [main] The following profiles are active: test
2019-04-30 14:53:18,248 INFO org.springframework.beans.factory.annotation.AutowiredAnnotationBeanPostProcessor [main] Autowired annotation is not supported on static fields: private static final org.slf4j.Logger gr.uagean.loginWebApp.controllers.NOControllers.LOG
2019-04-30 14:53:18,270 INFO com.google.code.ssm.config.DefaultAddressProvider [main] Defined values 172.17.0.1:11211 will be used as memcached addresses
2019-04-30 14:53:18,345 INFO org.springframework.beans.factory.annotation.AutowiredAnnotationBeanPostProcessor [main] Autowired annotation is not supported on static fields: private static final org.slf4j.Logger gr.uagean.loginWebApp.controllers.RestControllers.LOG
2019-04-30 14:53:18,963 INFO org.springframework.scheduling.concurrent.ExecutorConfigurationSupport [main] Initializing ExecutorService 'applicationTaskExecutor'
2019-04-30 14:53:19,464 INFO org.springframework.mock.web.MockServletContext [main] Initializing Spring TestDispatcherServlet ''
2019-04-30 14:53:19,465 INFO org.springframework.web.servlet.FrameworkServlet [main] Initializing Servlet ''
2019-04-30 14:53:19,482 INFO org.springframework.web.servlet.FrameworkServlet [main] Completed initialization in 15 ms
2019-04-30 14:53:19,531 INFO org.springframework.boot.StartupInfoLogger [main] Started TestSessisonManagerConnection in 3.523 seconds (JVM running for 4.305)
2019-04-30 14:53:20,647 INFO org.springframework.scheduling.concurrent.ExecutorConfigurationSupport [Thread-4] Shutting down ExecutorService 'applicationTaskExecutor'
2019-04-30 14:53:41,214 INFO org.apache.juli.logging.DirectJDKLog [http-nio-8080-exec-1] Initializing Spring DispatcherServlet 'dispatcherServlet'
2019-04-30 14:53:41,215 INFO org.springframework.web.servlet.FrameworkServlet [http-nio-8080-exec-1] Initializing Servlet 'dispatcherServlet'
2019-04-30 14:53:41,225 INFO org.springframework.web.servlet.FrameworkServlet [http-nio-8080-exec-1] Completed initialization in 10 ms
2019-04-30 14:53:45,016 INFO com.google.code.ssm.spring.SSMCache [http-nio-8080-exec-1] Put 'bc67eb15-7dab-4f98-9340-f2d7f844d1e8' under key a21e9f4b-ab1e-49a9-9b64-f6987f07dc53 to cache idpms
2019-04-30 14:53:57,345 ERROR org.apache.juli.logging.DirectJDKLog [http-nio-8080-exec-3] Servlet.service() for servlet [dispatcherServlet] in context with path [] threw exception [Request processing failed; nested exception is org.springframework.web.client.HttpClientErrorException$BadRequest: 400 Bad Request] with root cause
org.springframework.web.client.HttpClientErrorException$BadRequest: 400 Bad Request
	at org.springframework.web.client.HttpClientErrorException.create(HttpClientErrorException.java:79)
	at org.springframework.web.client.DefaultResponseErrorHandler.handleError(DefaultResponseErrorHandler.java:122)
	at org.springframework.web.client.DefaultResponseErrorHandler.handleError(DefaultResponseErrorHandler.java:102)
	at org.springframework.web.client.ResponseErrorHandler.handleError(ResponseErrorHandler.java:63)
	at org.springframework.web.client.RestTemplate.handleResponse(RestTemplate.java:777)
	at org.springframework.web.client.RestTemplate.doExecute(RestTemplate.java:735)
	at org.springframework.web.client.RestTemplate.execute(RestTemplate.java:669)
	at org.springframework.web.client.RestTemplate.exchange(RestTemplate.java:578)
	at gr.uagean.loginWebApp.controllers.NOControllers.getNorweigianEidasResponse(NOControllers.java:238)
	at sun.reflect.NativeMethodAccessorImpl.invoke0(Native Method)
	at sun.reflect.NativeMethodAccessorImpl.invoke(NativeMethodAccessorImpl.java:62)
	at sun.reflect.DelegatingMethodAccessorImpl.invoke(DelegatingMethodAccessorImpl.java:43)
	at java.lang.reflect.Method.invoke(Method.java:498)
	at org.springframework.web.method.support.InvocableHandlerMethod.doInvoke(InvocableHandlerMethod.java:189)
	at org.springframework.web.method.support.InvocableHandlerMethod.invokeForRequest(InvocableHandlerMethod.java:138)
	at org.springframework.web.servlet.mvc.method.annotation.ServletInvocableHandlerMethod.invokeAndHandle(ServletInvocableHandlerMethod.java:102)
	at org.springframework.web.servlet.mvc.method.annotation.RequestMappingHandlerAdapter.invokeHandlerMethod(RequestMappingHandlerAdapter.java:895)
	at org.springframework.web.servlet.mvc.method.annotation.RequestMappingHandlerAdapter.handleInternal(RequestMappingHandlerAdapter.java:800)
	at org.springframework.web.servlet.mvc.method.AbstractHandlerMethodAdapter.handle(AbstractHandlerMethodAdapter.java:87)
	at org.springframework.web.servlet.DispatcherServlet.doDispatch(DispatcherServlet.java:1038)
	at org.springframework.web.servlet.DispatcherServlet.doService(DispatcherServlet.java:942)
	at org.springframework.web.servlet.FrameworkServlet.processRequest(FrameworkServlet.java:1005)
	at org.springframework.web.servlet.FrameworkServlet.doGet(FrameworkServlet.java:897)
	at javax.servlet.http.HttpServlet.service(HttpServlet.java:634)
	at org.springframework.web.servlet.FrameworkServlet.service(FrameworkServlet.java:882)
	at javax.servlet.http.HttpServlet.service(HttpServlet.java:741)
	at org.apache.catalina.core.ApplicationFilterChain.internalDoFilter(ApplicationFilterChain.java:231)
	at org.apache.catalina.core.ApplicationFilterChain.doFilter(ApplicationFilterChain.java:166)
	at org.apache.tomcat.websocket.server.WsFilter.doFilter(WsFilter.java:53)
	at org.apache.catalina.core.ApplicationFilterChain.internalDoFilter(ApplicationFilterChain.java:193)
	at org.apache.catalina.core.ApplicationFilterChain.doFilter(ApplicationFilterChain.java:166)
	at org.springframework.web.filter.RequestContextFilter.doFilterInternal(RequestContextFilter.java:99)
	at org.springframework.web.filter.OncePerRequestFilter.doFilter(OncePerRequestFilter.java:107)
	at org.apache.catalina.core.ApplicationFilterChain.internalDoFilter(ApplicationFilterChain.java:193)
	at org.apache.catalina.core.ApplicationFilterChain.doFilter(ApplicationFilterChain.java:166)
	at org.springframework.web.filter.FormContentFilter.doFilterInternal(FormContentFilter.java:92)
	at org.springframework.web.filter.OncePerRequestFilter.doFilter(OncePerRequestFilter.java:107)
	at org.apache.catalina.core.ApplicationFilterChain.internalDoFilter(ApplicationFilterChain.java:193)
	at org.apache.catalina.core.ApplicationFilterChain.doFilter(ApplicationFilterChain.java:166)
	at org.springframework.web.filter.HiddenHttpMethodFilter.doFilterInternal(HiddenHttpMethodFilter.java:93)
	at org.springframework.web.filter.OncePerRequestFilter.doFilter(OncePerRequestFilter.java:107)
	at org.apache.catalina.core.ApplicationFilterChain.internalDoFilter(ApplicationFilterChain.java:193)
	at org.apache.catalina.core.ApplicationFilterChain.doFilter(ApplicationFilterChain.java:166)
	at org.springframework.web.filter.CharacterEncodingFilter.doFilterInternal(CharacterEncodingFilter.java:200)
	at org.springframework.web.filter.OncePerRequestFilter.doFilter(OncePerRequestFilter.java:107)
	at org.apache.catalina.core.ApplicationFilterChain.internalDoFilter(ApplicationFilterChain.java:193)
	at org.apache.catalina.core.ApplicationFilterChain.doFilter(ApplicationFilterChain.java:166)
	at org.apache.catalina.core.StandardWrapperValve.invoke(StandardWrapperValve.java:199)
	at org.apache.catalina.core.StandardContextValve.invoke(StandardContextValve.java:96)
	at org.apache.catalina.authenticator.AuthenticatorBase.invoke(AuthenticatorBase.java:490)
	at org.apache.catalina.core.StandardHostValve.invoke(StandardHostValve.java:139)
	at org.apache.catalina.valves.ErrorReportValve.invoke(ErrorReportValve.java:92)
	at org.apache.catalina.core.StandardEngineValve.invoke(StandardEngineValve.java:74)
	at org.apache.catalina.connector.CoyoteAdapter.service(CoyoteAdapter.java:343)
	at org.apache.coyote.http11.Http11Processor.service(Http11Processor.java:408)
	at org.apache.coyote.AbstractProcessorLight.process(AbstractProcessorLight.java:66)
	at org.apache.coyote.AbstractProtocol$ConnectionHandler.process(AbstractProtocol.java:791)
	at org.apache.tomcat.util.net.NioEndpoint$SocketProcessor.doRun(NioEndpoint.java:1417)
	at org.apache.tomcat.util.net.SocketProcessorBase.run(SocketProcessorBase.java:49)
	at java.util.concurrent.ThreadPoolExecutor.runWorker(ThreadPoolExecutor.java:1149)
	at java.util.concurrent.ThreadPoolExecutor$Worker.run(ThreadPoolExecutor.java:624)
	at org.apache.tomcat.util.threads.TaskThread$WrappingRunnable.run(TaskThread.java:61)
	at java.lang.Thread.run(Thread.java:748)
2019-04-30 14:54:32,224 ERROR org.apache.juli.logging.DirectJDKLog [http-nio-8080-exec-4] Servlet.service() for servlet [dispatcherServlet] in context with path [] threw exception [Request processing failed; nested exception is org.springframework.web.client.HttpClientErrorException$BadRequest: 400 Bad Request] with root cause
org.springframework.web.client.HttpClientErrorException$BadRequest: 400 Bad Request
	at org.springframework.web.client.HttpClientErrorException.create(HttpClientErrorException.java:79)
	at org.springframework.web.client.DefaultResponseErrorHandler.handleError(DefaultResponseErrorHandler.java:122)
	at org.springframework.web.client.DefaultResponseErrorHandler.handleError(DefaultResponseErrorHandler.java:102)
	at org.springframework.web.client.ResponseErrorHandler.handleError(ResponseErrorHandler.java:63)
	at org.springframework.web.client.RestTemplate.handleResponse(RestTemplate.java:777)
	at org.springframework.web.client.RestTemplate.doExecute(RestTemplate.java:735)
	at org.springframework.web.client.RestTemplate.execute(RestTemplate.java:669)
	at org.springframework.web.client.RestTemplate.exchange(RestTemplate.java:578)
	at gr.uagean.loginWebApp.controllers.NOControllers.getNorweigianEidasResponse(NOControllers.java:238)
	at sun.reflect.NativeMethodAccessorImpl.invoke0(Native Method)
	at sun.reflect.NativeMethodAccessorImpl.invoke(NativeMethodAccessorImpl.java:62)
	at sun.reflect.DelegatingMethodAccessorImpl.invoke(DelegatingMethodAccessorImpl.java:43)
	at java.lang.reflect.Method.invoke(Method.java:498)
	at org.springframework.web.method.support.InvocableHandlerMethod.doInvoke(InvocableHandlerMethod.java:189)
	at org.springframework.web.method.support.InvocableHandlerMethod.invokeForRequest(InvocableHandlerMethod.java:138)
	at org.springframework.web.servlet.mvc.method.annotation.ServletInvocableHandlerMethod.invokeAndHandle(ServletInvocableHandlerMethod.java:102)
	at org.springframework.web.servlet.mvc.method.annotation.RequestMappingHandlerAdapter.invokeHandlerMethod(RequestMappingHandlerAdapter.java:895)
	at org.springframework.web.servlet.mvc.method.annotation.RequestMappingHandlerAdapter.handleInternal(RequestMappingHandlerAdapter.java:800)
	at org.springframework.web.servlet.mvc.method.AbstractHandlerMethodAdapter.handle(AbstractHandlerMethodAdapter.java:87)
	at org.springframework.web.servlet.DispatcherServlet.doDispatch(DispatcherServlet.java:1038)
	at org.springframework.web.servlet.DispatcherServlet.doService(DispatcherServlet.java:942)
	at org.springframework.web.servlet.FrameworkServlet.processRequest(FrameworkServlet.java:1005)
	at org.springframework.web.servlet.FrameworkServlet.doGet(FrameworkServlet.java:897)
	at javax.servlet.http.HttpServlet.service(HttpServlet.java:634)
	at org.springframework.web.servlet.FrameworkServlet.service(FrameworkServlet.java:882)
	at javax.servlet.http.HttpServlet.service(HttpServlet.java:741)
	at org.apache.catalina.core.ApplicationFilterChain.internalDoFilter(ApplicationFilterChain.java:231)
	at org.apache.catalina.core.ApplicationFilterChain.doFilter(ApplicationFilterChain.java:166)
	at org.apache.tomcat.websocket.server.WsFilter.doFilter(WsFilter.java:53)
	at org.apache.catalina.core.ApplicationFilterChain.internalDoFilter(ApplicationFilterChain.java:193)
	at org.apache.catalina.core.ApplicationFilterChain.doFilter(ApplicationFilterChain.java:166)
	at org.springframework.web.filter.RequestContextFilter.doFilterInternal(RequestContextFilter.java:99)
	at org.springframework.web.filter.OncePerRequestFilter.doFilter(OncePerRequestFilter.java:107)
	at org.apache.catalina.core.ApplicationFilterChain.internalDoFilter(ApplicationFilterChain.java:193)
	at org.apache.catalina.core.ApplicationFilterChain.doFilter(ApplicationFilterChain.java:166)
	at org.springframework.web.filter.FormContentFilter.doFilterInternal(FormContentFilter.java:92)
	at org.springframework.web.filter.OncePerRequestFilter.doFilter(OncePerRequestFilter.java:107)
	at org.apache.catalina.core.ApplicationFilterChain.internalDoFilter(ApplicationFilterChain.java:193)
	at org.apache.catalina.core.ApplicationFilterChain.doFilter(ApplicationFilterChain.java:166)
	at org.springframework.web.filter.HiddenHttpMethodFilter.doFilterInternal(HiddenHttpMethodFilter.java:93)
	at org.springframework.web.filter.OncePerRequestFilter.doFilter(OncePerRequestFilter.java:107)
	at org.apache.catalina.core.ApplicationFilterChain.internalDoFilter(ApplicationFilterChain.java:193)
	at org.apache.catalina.core.ApplicationFilterChain.doFilter(ApplicationFilterChain.java:166)
	at org.springframework.web.filter.CharacterEncodingFilter.doFilterInternal(CharacterEncodingFilter.java:200)
	at org.springframework.web.filter.OncePerRequestFilter.doFilter(OncePerRequestFilter.java:107)
	at org.apache.catalina.core.ApplicationFilterChain.internalDoFilter(ApplicationFilterChain.java:193)
	at org.apache.catalina.core.ApplicationFilterChain.doFilter(ApplicationFilterChain.java:166)
	at org.apache.catalina.core.StandardWrapperValve.invoke(StandardWrapperValve.java:199)
	at org.apache.catalina.core.StandardContextValve.invoke(StandardContextValve.java:96)
	at org.apache.catalina.authenticator.AuthenticatorBase.invoke(AuthenticatorBase.java:490)
	at org.apache.catalina.core.StandardHostValve.invoke(StandardHostValve.java:139)
	at org.apache.catalina.valves.ErrorReportValve.invoke(ErrorReportValve.java:92)
	at org.apache.catalina.core.StandardEngineValve.invoke(StandardEngineValve.java:74)
	at org.apache.catalina.connector.CoyoteAdapter.service(CoyoteAdapter.java:343)
	at org.apache.coyote.http11.Http11Processor.service(Http11Processor.java:408)
	at org.apache.coyote.AbstractProcessorLight.process(AbstractProcessorLight.java:66)
	at org.apache.coyote.AbstractProtocol$ConnectionHandler.process(AbstractProtocol.java:791)
	at org.apache.tomcat.util.net.NioEndpoint$SocketProcessor.doRun(NioEndpoint.java:1417)
	at org.apache.tomcat.util.net.SocketProcessorBase.run(SocketProcessorBase.java:49)
	at java.util.concurrent.ThreadPoolExecutor.runWorker(ThreadPoolExecutor.java:1149)
	at java.util.concurrent.ThreadPoolExecutor$Worker.run(ThreadPoolExecutor.java:624)
	at org.apache.tomcat.util.threads.TaskThread$WrappingRunnable.run(TaskThread.java:61)
	at java.lang.Thread.run(Thread.java:748)
2019-04-30 14:57:29,562 INFO org.springframework.boot.StartupInfoLogger [main] Starting TestSessisonManagerConnection on nikos-Lenovo-V310-15IKB with PID 7162 (started by nikos in /home/nikos/NetBeansProjects/esmo.gr.idp)
2019-04-30 14:57:29,565 INFO org.springframework.boot.SpringApplication [main] The following profiles are active: test
2019-04-30 14:57:31,367 INFO org.springframework.beans.factory.annotation.AutowiredAnnotationBeanPostProcessor [main] Autowired annotation is not supported on static fields: private static final org.slf4j.Logger gr.uagean.loginWebApp.controllers.NOControllers.LOG
2019-04-30 14:57:31,385 INFO com.google.code.ssm.config.DefaultAddressProvider [main] Defined values 172.17.0.1:11211 will be used as memcached addresses
2019-04-30 14:57:31,443 INFO org.springframework.beans.factory.annotation.AutowiredAnnotationBeanPostProcessor [main] Autowired annotation is not supported on static fields: private static final org.slf4j.Logger gr.uagean.loginWebApp.controllers.RestControllers.LOG
2019-04-30 14:57:31,973 INFO org.springframework.scheduling.concurrent.ExecutorConfigurationSupport [main] Initializing ExecutorService 'applicationTaskExecutor'
2019-04-30 14:57:32,384 INFO org.springframework.mock.web.MockServletContext [main] Initializing Spring TestDispatcherServlet ''
2019-04-30 14:57:32,385 INFO org.springframework.web.servlet.FrameworkServlet [main] Initializing Servlet ''
2019-04-30 14:57:32,398 INFO org.springframework.web.servlet.FrameworkServlet [main] Completed initialization in 12 ms
2019-04-30 14:57:32,442 INFO org.springframework.boot.StartupInfoLogger [main] Started TestSessisonManagerConnection in 3.394 seconds (JVM running for 4.16)
2019-04-30 14:57:33,501 INFO org.springframework.scheduling.concurrent.ExecutorConfigurationSupport [Thread-4] Shutting down ExecutorService 'applicationTaskExecutor'
2019-04-30 14:58:36,997 INFO com.google.code.ssm.spring.SSMCache [http-nio-8080-exec-7] Put '0c610038-0311-418a-a214-009384ec7018' under key b882ac5d-46e0-4044-8182-61b7aaabc848 to cache idpms
2019-04-30 14:59:29,736 ERROR org.apache.juli.logging.DirectJDKLog [http-nio-8080-exec-9] Servlet.service() for servlet [dispatcherServlet] in context with path [] threw exception [Request processing failed; nested exception is org.springframework.web.client.HttpClientErrorException$BadRequest: 400 Bad Request] with root cause
org.springframework.web.client.HttpClientErrorException$BadRequest: 400 Bad Request
	at org.springframework.web.client.HttpClientErrorException.create(HttpClientErrorException.java:79)
	at org.springframework.web.client.DefaultResponseErrorHandler.handleError(DefaultResponseErrorHandler.java:122)
	at org.springframework.web.client.DefaultResponseErrorHandler.handleError(DefaultResponseErrorHandler.java:102)
	at org.springframework.web.client.ResponseErrorHandler.handleError(ResponseErrorHandler.java:63)
	at org.springframework.web.client.RestTemplate.handleResponse(RestTemplate.java:777)
	at org.springframework.web.client.RestTemplate.doExecute(RestTemplate.java:735)
	at org.springframework.web.client.RestTemplate.execute(RestTemplate.java:669)
	at org.springframework.web.client.RestTemplate.exchange(RestTemplate.java:578)
	at gr.uagean.loginWebApp.controllers.NOControllers.getNorweigianEidasResponse(NOControllers.java:238)
	at sun.reflect.NativeMethodAccessorImpl.invoke0(Native Method)
	at sun.reflect.NativeMethodAccessorImpl.invoke(NativeMethodAccessorImpl.java:62)
	at sun.reflect.DelegatingMethodAccessorImpl.invoke(DelegatingMethodAccessorImpl.java:43)
	at java.lang.reflect.Method.invoke(Method.java:498)
	at org.springframework.web.method.support.InvocableHandlerMethod.doInvoke(InvocableHandlerMethod.java:189)
	at org.springframework.web.method.support.InvocableHandlerMethod.invokeForRequest(InvocableHandlerMethod.java:138)
	at org.springframework.web.servlet.mvc.method.annotation.ServletInvocableHandlerMethod.invokeAndHandle(ServletInvocableHandlerMethod.java:102)
	at org.springframework.web.servlet.mvc.method.annotation.RequestMappingHandlerAdapter.invokeHandlerMethod(RequestMappingHandlerAdapter.java:895)
	at org.springframework.web.servlet.mvc.method.annotation.RequestMappingHandlerAdapter.handleInternal(RequestMappingHandlerAdapter.java:800)
	at org.springframework.web.servlet.mvc.method.AbstractHandlerMethodAdapter.handle(AbstractHandlerMethodAdapter.java:87)
	at org.springframework.web.servlet.DispatcherServlet.doDispatch(DispatcherServlet.java:1038)
	at org.springframework.web.servlet.DispatcherServlet.doService(DispatcherServlet.java:942)
	at org.springframework.web.servlet.FrameworkServlet.processRequest(FrameworkServlet.java:1005)
	at org.springframework.web.servlet.FrameworkServlet.doGet(FrameworkServlet.java:897)
	at javax.servlet.http.HttpServlet.service(HttpServlet.java:634)
	at org.springframework.web.servlet.FrameworkServlet.service(FrameworkServlet.java:882)
	at javax.servlet.http.HttpServlet.service(HttpServlet.java:741)
	at org.apache.catalina.core.ApplicationFilterChain.internalDoFilter(ApplicationFilterChain.java:231)
	at org.apache.catalina.core.ApplicationFilterChain.doFilter(ApplicationFilterChain.java:166)
	at org.apache.tomcat.websocket.server.WsFilter.doFilter(WsFilter.java:53)
	at org.apache.catalina.core.ApplicationFilterChain.internalDoFilter(ApplicationFilterChain.java:193)
	at org.apache.catalina.core.ApplicationFilterChain.doFilter(ApplicationFilterChain.java:166)
	at org.springframework.web.filter.RequestContextFilter.doFilterInternal(RequestContextFilter.java:99)
	at org.springframework.web.filter.OncePerRequestFilter.doFilter(OncePerRequestFilter.java:107)
	at org.apache.catalina.core.ApplicationFilterChain.internalDoFilter(ApplicationFilterChain.java:193)
	at org.apache.catalina.core.ApplicationFilterChain.doFilter(ApplicationFilterChain.java:166)
	at org.springframework.web.filter.FormContentFilter.doFilterInternal(FormContentFilter.java:92)
	at org.springframework.web.filter.OncePerRequestFilter.doFilter(OncePerRequestFilter.java:107)
	at org.apache.catalina.core.ApplicationFilterChain.internalDoFilter(ApplicationFilterChain.java:193)
	at org.apache.catalina.core.ApplicationFilterChain.doFilter(ApplicationFilterChain.java:166)
	at org.springframework.web.filter.HiddenHttpMethodFilter.doFilterInternal(HiddenHttpMethodFilter.java:93)
	at org.springframework.web.filter.OncePerRequestFilter.doFilter(OncePerRequestFilter.java:107)
	at org.apache.catalina.core.ApplicationFilterChain.internalDoFilter(ApplicationFilterChain.java:193)
	at org.apache.catalina.core.ApplicationFilterChain.doFilter(ApplicationFilterChain.java:166)
	at org.springframework.web.filter.CharacterEncodingFilter.doFilterInternal(CharacterEncodingFilter.java:200)
	at org.springframework.web.filter.OncePerRequestFilter.doFilter(OncePerRequestFilter.java:107)
	at org.apache.catalina.core.ApplicationFilterChain.internalDoFilter(ApplicationFilterChain.java:193)
	at org.apache.catalina.core.ApplicationFilterChain.doFilter(ApplicationFilterChain.java:166)
	at org.apache.catalina.core.StandardWrapperValve.invoke(StandardWrapperValve.java:199)
	at org.apache.catalina.core.StandardContextValve.invoke(StandardContextValve.java:96)
	at org.apache.catalina.authenticator.AuthenticatorBase.invoke(AuthenticatorBase.java:490)
	at org.apache.catalina.core.StandardHostValve.invoke(StandardHostValve.java:139)
	at org.apache.catalina.valves.ErrorReportValve.invoke(ErrorReportValve.java:92)
	at org.apache.catalina.core.StandardEngineValve.invoke(StandardEngineValve.java:74)
	at org.apache.catalina.connector.CoyoteAdapter.service(CoyoteAdapter.java:343)
	at org.apache.coyote.http11.Http11Processor.service(Http11Processor.java:408)
	at org.apache.coyote.AbstractProcessorLight.process(AbstractProcessorLight.java:66)
	at org.apache.coyote.AbstractProtocol$ConnectionHandler.process(AbstractProtocol.java:791)
	at org.apache.tomcat.util.net.NioEndpoint$SocketProcessor.doRun(NioEndpoint.java:1417)
	at org.apache.tomcat.util.net.SocketProcessorBase.run(SocketProcessorBase.java:49)
	at java.util.concurrent.ThreadPoolExecutor.runWorker(ThreadPoolExecutor.java:1149)
	at java.util.concurrent.ThreadPoolExecutor$Worker.run(ThreadPoolExecutor.java:624)
	at org.apache.tomcat.util.threads.TaskThread$WrappingRunnable.run(TaskThread.java:61)
	at java.lang.Thread.run(Thread.java:748)
