2019-06-19 07:44:18,169 INFO org.springframework.boot.StartupInfoLogger [main] Starting LoginWebAppApplicationTests on nikos-Lenovo-V310-15IKB with PID 27873 (started by nikos in /home/nikos/NetBeansProjects/esmo.gr.idp)
2019-06-19 07:44:18,173 INFO org.springframework.boot.SpringApplication [main] The following profiles are active: test
2019-06-19 07:44:20,303 INFO org.springframework.beans.factory.annotation.AutowiredAnnotationBeanPostProcessor [main] Autowired annotation is not supported on static fields: private static final org.slf4j.Logger gr.uagean.loginWebApp.controllers.GRControllers.LOG
2019-06-19 07:44:20,327 INFO com.google.code.ssm.config.DefaultAddressProvider [main] Defined values 172.17.0.1:11211 will be used as memcached addresses
2019-06-19 07:44:20,414 INFO org.springframework.beans.factory.annotation.AutowiredAnnotationBeanPostProcessor [main] Autowired annotation is not supported on static fields: private static final org.slf4j.Logger gr.uagean.loginWebApp.controllers.NOControllers.LOG
2019-06-19 07:44:20,429 INFO org.springframework.beans.factory.annotation.AutowiredAnnotationBeanPostProcessor [main] Autowired annotation is not supported on static fields: private static final org.slf4j.Logger gr.uagean.loginWebApp.controllers.NOControllersProd.LOG
2019-06-19 07:44:20,448 INFO org.springframework.beans.factory.annotation.AutowiredAnnotationBeanPostProcessor [main] Autowired annotation is not supported on static fields: private static final org.slf4j.Logger gr.uagean.loginWebApp.controllers.RestControllers.Log
2019-06-19 07:44:21,157 INFO org.springframework.scheduling.concurrent.ExecutorConfigurationSupport [main] Initializing ExecutorService 'applicationTaskExecutor'
2019-06-19 07:44:21,544 INFO org.springframework.boot.StartupInfoLogger [main] Started LoginWebAppApplicationTests in 3.939 seconds (JVM running for 5.449)
2019-06-19 07:44:21,582 INFO org.springframework.test.context.support.AbstractTestContextBootstrapper [main] Neither @ContextConfiguration nor @ContextHierarchy found for test class [gr.uaegean.loginWebApp.integration.TestSessisonManagerConnection], using SpringBootContextLoader
2019-06-19 07:44:21,583 INFO org.springframework.test.context.support.AbstractContextLoader [main] Could not detect default resource locations for test class [gr.uaegean.loginWebApp.integration.TestSessisonManagerConnection]: no resource found for suffixes {-context.xml, Context.groovy}.
2019-06-19 07:44:21,605 INFO org.springframework.test.context.support.AbstractTestContextBootstrapper [main] Loaded default TestExecutionListener class names from location [META-INF/spring.factories]: [org.springframework.boot.test.mock.mockito.MockitoTestExecutionListener, org.springframework.boot.test.mock.mockito.ResetMocksTestExecutionListener, org.springframework.boot.test.autoconfigure.restdocs.RestDocsTestExecutionListener, org.springframework.boot.test.autoconfigure.web.client.MockRestServiceServerResetTestExecutionListener, org.springframework.boot.test.autoconfigure.web.servlet.MockMvcPrintOnlyOnFailureTestExecutionListener, org.springframework.boot.test.autoconfigure.web.servlet.WebDriverTestExecutionListener, org.springframework.test.context.web.ServletTestExecutionListener, org.springframework.test.context.support.DirtiesContextBeforeModesTestExecutionListener, org.springframework.test.context.support.DependencyInjectionTestExecutionListener, org.springframework.test.context.support.DirtiesContextTestExecutionListener, org.springframework.test.context.transaction.TransactionalTestExecutionListener, org.springframework.test.context.jdbc.SqlScriptsTestExecutionListener]
2019-06-19 07:44:21,607 INFO org.springframework.test.context.support.AbstractTestContextBootstrapper [main] Using TestExecutionListeners: [org.springframework.test.context.web.ServletTestExecutionListener@97a145b, org.springframework.test.context.support.DirtiesContextBeforeModesTestExecutionListener@c386958, org.springframework.boot.test.mock.mockito.MockitoTestExecutionListener@157ec23b, org.springframework.boot.test.autoconfigure.SpringBootDependencyInjectionTestExecutionListener@44d64d4e, org.springframework.test.context.support.DirtiesContextTestExecutionListener@1dd74143, org.springframework.boot.test.mock.mockito.ResetMocksTestExecutionListener@526a9908, org.springframework.boot.test.autoconfigure.restdocs.RestDocsTestExecutionListener@3166f664, org.springframework.boot.test.autoconfigure.web.client.MockRestServiceServerResetTestExecutionListener@47ac613b, org.springframework.boot.test.autoconfigure.web.servlet.MockMvcPrintOnlyOnFailureTestExecutionListener@60d6fdd4, org.springframework.boot.test.autoconfigure.web.servlet.WebDriverTestExecutionListener@66f28a1f]
2019-06-19 07:44:21,635 INFO org.springframework.boot.StartupInfoLogger [main] Starting TestSessisonManagerConnection on nikos-Lenovo-V310-15IKB with PID 27873 (started by nikos in /home/nikos/NetBeansProjects/esmo.gr.idp)
2019-06-19 07:44:21,635 INFO org.springframework.boot.SpringApplication [main] The following profiles are active: test
2019-06-19 07:44:22,022 INFO org.springframework.beans.factory.annotation.AutowiredAnnotationBeanPostProcessor [main] Autowired annotation is not supported on static fields: private static final org.slf4j.Logger gr.uagean.loginWebApp.controllers.GRControllers.LOG
2019-06-19 07:44:22,028 INFO com.google.code.ssm.config.DefaultAddressProvider [main] Defined values 172.17.0.1:11211 will be used as memcached addresses
2019-06-19 07:44:22,051 INFO org.springframework.beans.factory.annotation.AutowiredAnnotationBeanPostProcessor [main] Autowired annotation is not supported on static fields: private static final org.slf4j.Logger gr.uagean.loginWebApp.controllers.NOControllers.LOG
2019-06-19 07:44:22,066 INFO org.springframework.beans.factory.annotation.AutowiredAnnotationBeanPostProcessor [main] Autowired annotation is not supported on static fields: private static final org.slf4j.Logger gr.uagean.loginWebApp.controllers.NOControllersProd.LOG
2019-06-19 07:44:22,082 INFO org.springframework.beans.factory.annotation.AutowiredAnnotationBeanPostProcessor [main] Autowired annotation is not supported on static fields: private static final org.slf4j.Logger gr.uagean.loginWebApp.controllers.RestControllers.Log
2019-06-19 07:44:22,432 INFO org.springframework.scheduling.concurrent.ExecutorConfigurationSupport [main] Initializing ExecutorService 'applicationTaskExecutor'
2019-06-19 07:44:22,682 INFO org.springframework.mock.web.MockServletContext [main] Initializing Spring TestDispatcherServlet ''
2019-06-19 07:44:22,682 INFO org.springframework.web.servlet.FrameworkServlet [main] Initializing Servlet ''
2019-06-19 07:44:22,696 INFO org.springframework.web.servlet.FrameworkServlet [main] Completed initialization in 14 ms
2019-06-19 07:44:22,714 INFO org.springframework.boot.StartupInfoLogger [main] Started TestSessisonManagerConnection in 1.103 seconds (JVM running for 6.619)
2019-06-19 07:44:25,390 INFO gr.uagean.loginWebApp.utils.NoResponseParser [main] Response from Norway:: {
    "sub": "f9093e31-8592-4ebf-9925-7090579f79a0",
    "connect-userid_sec": [
        "eidas:SE/NO/199008199391"
    ],
    "dataporten-userid_sec": [
        "eidas:$Mohamed$Al Samed$1990-08-19$SE/NO/199008199391"
    ],
    "name": "Mohamed Al Samed",
    "picture": "https://api.dataporten-test.uninett.no/userinfo/v1/user/media/p:3cfe174c-b7b3-45e8-aea4-782a87aa492e"
}
2019-06-19 07:44:25,412 INFO org.springframework.scheduling.concurrent.ExecutorConfigurationSupport [Thread-3] Shutting down ExecutorService 'applicationTaskExecutor'
2019-06-19 07:44:25,414 INFO org.springframework.scheduling.concurrent.ExecutorConfigurationSupport [Thread-7] Shutting down ExecutorService 'applicationTaskExecutor'
2019-06-19 11:20:21,967 INFO org.springframework.boot.StartupInfoLogger [main] Starting LoginWebAppApplicationTests on nikos-Lenovo-V310-15IKB with PID 1684 (started by nikos in /home/nikos/NetBeansProjects/esmo.gr.idp)
2019-06-19 11:20:21,970 INFO org.springframework.boot.SpringApplication [main] The following profiles are active: test
2019-06-19 11:20:24,149 INFO org.springframework.beans.factory.annotation.AutowiredAnnotationBeanPostProcessor [main] Autowired annotation is not supported on static fields: private static final org.slf4j.Logger gr.uagean.loginWebApp.controllers.GRControllers.LOG
2019-06-19 11:20:24,174 INFO com.google.code.ssm.config.DefaultAddressProvider [main] Defined values 172.17.0.1:11211 will be used as memcached addresses
2019-06-19 11:20:24,276 INFO org.springframework.beans.factory.annotation.AutowiredAnnotationBeanPostProcessor [main] Autowired annotation is not supported on static fields: private static final org.slf4j.Logger gr.uagean.loginWebApp.controllers.NOControllers.LOG
2019-06-19 11:20:24,294 INFO org.springframework.beans.factory.annotation.AutowiredAnnotationBeanPostProcessor [main] Autowired annotation is not supported on static fields: private static final org.slf4j.Logger gr.uagean.loginWebApp.controllers.NOControllersProd.LOG
2019-06-19 11:20:24,313 INFO org.springframework.beans.factory.annotation.AutowiredAnnotationBeanPostProcessor [main] Autowired annotation is not supported on static fields: private static final org.slf4j.Logger gr.uagean.loginWebApp.controllers.RestControllers.Log
2019-06-19 11:20:25,157 INFO org.springframework.scheduling.concurrent.ExecutorConfigurationSupport [main] Initializing ExecutorService 'applicationTaskExecutor'
2019-06-19 11:20:25,847 INFO org.springframework.boot.StartupInfoLogger [main] Started LoginWebAppApplicationTests in 4.477 seconds (JVM running for 5.831)
2019-06-19 11:20:25,928 INFO org.springframework.test.context.support.AbstractTestContextBootstrapper [main] Neither @ContextConfiguration nor @ContextHierarchy found for test class [gr.uaegean.loginWebApp.integration.TestSessisonManagerConnection], using SpringBootContextLoader
2019-06-19 11:20:25,930 INFO org.springframework.test.context.support.AbstractContextLoader [main] Could not detect default resource locations for test class [gr.uaegean.loginWebApp.integration.TestSessisonManagerConnection]: no resource found for suffixes {-context.xml, Context.groovy}.
2019-06-19 11:20:25,959 INFO org.springframework.test.context.support.AbstractTestContextBootstrapper [main] Loaded default TestExecutionListener class names from location [META-INF/spring.factories]: [org.springframework.boot.test.mock.mockito.MockitoTestExecutionListener, org.springframework.boot.test.mock.mockito.ResetMocksTestExecutionListener, org.springframework.boot.test.autoconfigure.restdocs.RestDocsTestExecutionListener, org.springframework.boot.test.autoconfigure.web.client.MockRestServiceServerResetTestExecutionListener, org.springframework.boot.test.autoconfigure.web.servlet.MockMvcPrintOnlyOnFailureTestExecutionListener, org.springframework.boot.test.autoconfigure.web.servlet.WebDriverTestExecutionListener, org.springframework.test.context.web.ServletTestExecutionListener, org.springframework.test.context.support.DirtiesContextBeforeModesTestExecutionListener, org.springframework.test.context.support.DependencyInjectionTestExecutionListener, org.springframework.test.context.support.DirtiesContextTestExecutionListener, org.springframework.test.context.transaction.TransactionalTestExecutionListener, org.springframework.test.context.jdbc.SqlScriptsTestExecutionListener]
2019-06-19 11:20:25,961 INFO org.springframework.test.context.support.AbstractTestContextBootstrapper [main] Using TestExecutionListeners: [org.springframework.test.context.web.ServletTestExecutionListener@3bec5821, org.springframework.test.context.support.DirtiesContextBeforeModesTestExecutionListener@4086d8fb, org.springframework.boot.test.mock.mockito.MockitoTestExecutionListener@66236a0a, org.springframework.boot.test.autoconfigure.SpringBootDependencyInjectionTestExecutionListener@2e3572e8, org.springframework.test.context.support.DirtiesContextTestExecutionListener@77c10a5f, org.springframework.boot.test.mock.mockito.ResetMocksTestExecutionListener@176555c, org.springframework.boot.test.autoconfigure.restdocs.RestDocsTestExecutionListener@7c781c42, org.springframework.boot.test.autoconfigure.web.client.MockRestServiceServerResetTestExecutionListener@795f8317, org.springframework.boot.test.autoconfigure.web.servlet.MockMvcPrintOnlyOnFailureTestExecutionListener@633fd91, org.springframework.boot.test.autoconfigure.web.servlet.WebDriverTestExecutionListener@355c94be]
2019-06-19 11:20:26,003 INFO org.springframework.boot.StartupInfoLogger [main] Starting TestSessisonManagerConnection on nikos-Lenovo-V310-15IKB with PID 1684 (started by nikos in /home/nikos/NetBeansProjects/esmo.gr.idp)
2019-06-19 11:20:26,003 INFO org.springframework.boot.SpringApplication [main] The following profiles are active: test
2019-06-19 11:20:26,366 INFO org.springframework.beans.factory.annotation.AutowiredAnnotationBeanPostProcessor [main] Autowired annotation is not supported on static fields: private static final org.slf4j.Logger gr.uagean.loginWebApp.controllers.GRControllers.LOG
2019-06-19 11:20:26,373 INFO com.google.code.ssm.config.DefaultAddressProvider [main] Defined values 172.17.0.1:11211 will be used as memcached addresses
2019-06-19 11:20:26,428 INFO org.springframework.beans.factory.annotation.AutowiredAnnotationBeanPostProcessor [main] Autowired annotation is not supported on static fields: private static final org.slf4j.Logger gr.uagean.loginWebApp.controllers.NOControllers.LOG
2019-06-19 11:20:26,439 INFO org.springframework.beans.factory.annotation.AutowiredAnnotationBeanPostProcessor [main] Autowired annotation is not supported on static fields: private static final org.slf4j.Logger gr.uagean.loginWebApp.controllers.NOControllersProd.LOG
2019-06-19 11:20:26,454 INFO org.springframework.beans.factory.annotation.AutowiredAnnotationBeanPostProcessor [main] Autowired annotation is not supported on static fields: private static final org.slf4j.Logger gr.uagean.loginWebApp.controllers.RestControllers.Log
2019-06-19 11:20:26,862 INFO org.springframework.scheduling.concurrent.ExecutorConfigurationSupport [main] Initializing ExecutorService 'applicationTaskExecutor'
2019-06-19 11:20:27,051 INFO org.springframework.mock.web.MockServletContext [main] Initializing Spring TestDispatcherServlet ''
2019-06-19 11:20:27,051 INFO org.springframework.web.servlet.FrameworkServlet [main] Initializing Servlet ''
2019-06-19 11:20:27,064 INFO org.springframework.web.servlet.FrameworkServlet [main] Completed initialization in 12 ms
2019-06-19 11:20:27,084 INFO org.springframework.boot.StartupInfoLogger [main] Started TestSessisonManagerConnection in 1.12 seconds (JVM running for 7.068)
2019-06-19 11:20:30,299 INFO gr.uagean.loginWebApp.utils.NoResponseParser [main] Response from Norway:: {
    "sub": "f9093e31-8592-4ebf-9925-7090579f79a0",
    "connect-userid_sec": [
        "eidas:SE/NO/199008199391"
    ],
    "dataporten-userid_sec": [
        "eidas:$Mohamed$Al Samed$1990-08-19$SE/NO/199008199391"
    ],
    "name": "Mohamed Al Samed",
    "picture": "https://api.dataporten-test.uninett.no/userinfo/v1/user/media/p:3cfe174c-b7b3-45e8-aea4-782a87aa492e"
}
2019-06-19 11:20:30,321 INFO org.springframework.scheduling.concurrent.ExecutorConfigurationSupport [Thread-3] Shutting down ExecutorService 'applicationTaskExecutor'
2019-06-19 11:20:30,328 INFO org.springframework.scheduling.concurrent.ExecutorConfigurationSupport [Thread-7] Shutting down ExecutorService 'applicationTaskExecutor'
2019-06-19 11:46:20,558 INFO org.springframework.boot.StartupInfoLogger [main] Starting LoginWebAppApplicationTests on nikos-Lenovo-V310-15IKB with PID 5328 (started by nikos in /home/nikos/NetBeansProjects/esmo.gr.idp)
2019-06-19 11:46:20,564 INFO org.springframework.boot.SpringApplication [main] The following profiles are active: test
2019-06-19 11:46:22,845 INFO org.springframework.beans.factory.annotation.AutowiredAnnotationBeanPostProcessor [main] Autowired annotation is not supported on static fields: private static final org.slf4j.Logger gr.uagean.loginWebApp.controllers.GRControllers.LOG
2019-06-19 11:46:22,867 INFO com.google.code.ssm.config.DefaultAddressProvider [main] Defined values 172.17.0.1:11211 will be used as memcached addresses
2019-06-19 11:46:23,153 INFO org.springframework.beans.factory.annotation.AutowiredAnnotationBeanPostProcessor [main] Autowired annotation is not supported on static fields: private static final org.slf4j.Logger gr.uagean.loginWebApp.controllers.NOControllers.LOG
2019-06-19 11:46:23,173 INFO org.springframework.beans.factory.annotation.AutowiredAnnotationBeanPostProcessor [main] Autowired annotation is not supported on static fields: private static final org.slf4j.Logger gr.uagean.loginWebApp.controllers.NOControllersProd.LOG
2019-06-19 11:46:23,187 INFO org.springframework.beans.factory.annotation.AutowiredAnnotationBeanPostProcessor [main] Autowired annotation is not supported on static fields: private static final org.slf4j.Logger gr.uagean.loginWebApp.controllers.RestControllers.Log
2019-06-19 11:46:24,647 INFO org.springframework.scheduling.concurrent.ExecutorConfigurationSupport [main] Initializing ExecutorService 'applicationTaskExecutor'
2019-06-19 11:46:25,123 INFO org.springframework.boot.StartupInfoLogger [main] Started LoginWebAppApplicationTests in 5.112 seconds (JVM running for 6.669)
2019-06-19 11:46:25,177 INFO org.springframework.test.context.support.AbstractTestContextBootstrapper [main] Neither @ContextConfiguration nor @ContextHierarchy found for test class [gr.uaegean.loginWebApp.integration.TestSessisonManagerConnection], using SpringBootContextLoader
2019-06-19 11:46:25,178 INFO org.springframework.test.context.support.AbstractContextLoader [main] Could not detect default resource locations for test class [gr.uaegean.loginWebApp.integration.TestSessisonManagerConnection]: no resource found for suffixes {-context.xml, Context.groovy}.
2019-06-19 11:46:25,191 INFO org.springframework.test.context.support.AbstractTestContextBootstrapper [main] Loaded default TestExecutionListener class names from location [META-INF/spring.factories]: [org.springframework.boot.test.mock.mockito.MockitoTestExecutionListener, org.springframework.boot.test.mock.mockito.ResetMocksTestExecutionListener, org.springframework.boot.test.autoconfigure.restdocs.RestDocsTestExecutionListener, org.springframework.boot.test.autoconfigure.web.client.MockRestServiceServerResetTestExecutionListener, org.springframework.boot.test.autoconfigure.web.servlet.MockMvcPrintOnlyOnFailureTestExecutionListener, org.springframework.boot.test.autoconfigure.web.servlet.WebDriverTestExecutionListener, org.springframework.test.context.web.ServletTestExecutionListener, org.springframework.test.context.support.DirtiesContextBeforeModesTestExecutionListener, org.springframework.test.context.support.DependencyInjectionTestExecutionListener, org.springframework.test.context.support.DirtiesContextTestExecutionListener, org.springframework.test.context.transaction.TransactionalTestExecutionListener, org.springframework.test.context.jdbc.SqlScriptsTestExecutionListener]
2019-06-19 11:46:25,193 INFO org.springframework.test.context.support.AbstractTestContextBootstrapper [main] Using TestExecutionListeners: [org.springframework.test.context.web.ServletTestExecutionListener@97a145b, org.springframework.test.context.support.DirtiesContextBeforeModesTestExecutionListener@c386958, org.springframework.boot.test.mock.mockito.MockitoTestExecutionListener@157ec23b, org.springframework.boot.test.autoconfigure.SpringBootDependencyInjectionTestExecutionListener@44d64d4e, org.springframework.test.context.support.DirtiesContextTestExecutionListener@1dd74143, org.springframework.boot.test.mock.mockito.ResetMocksTestExecutionListener@526a9908, org.springframework.boot.test.autoconfigure.restdocs.RestDocsTestExecutionListener@3166f664, org.springframework.boot.test.autoconfigure.web.client.MockRestServiceServerResetTestExecutionListener@47ac613b, org.springframework.boot.test.autoconfigure.web.servlet.MockMvcPrintOnlyOnFailureTestExecutionListener@60d6fdd4, org.springframework.boot.test.autoconfigure.web.servlet.WebDriverTestExecutionListener@66f28a1f]
2019-06-19 11:46:25,222 INFO org.springframework.boot.StartupInfoLogger [main] Starting TestSessisonManagerConnection on nikos-Lenovo-V310-15IKB with PID 5328 (started by nikos in /home/nikos/NetBeansProjects/esmo.gr.idp)
2019-06-19 11:46:25,223 INFO org.springframework.boot.SpringApplication [main] The following profiles are active: test
2019-06-19 11:46:25,670 INFO org.springframework.beans.factory.annotation.AutowiredAnnotationBeanPostProcessor [main] Autowired annotation is not supported on static fields: private static final org.slf4j.Logger gr.uagean.loginWebApp.controllers.GRControllers.LOG
2019-06-19 11:46:25,689 INFO com.google.code.ssm.config.DefaultAddressProvider [main] Defined values 172.17.0.1:11211 will be used as memcached addresses
2019-06-19 11:46:25,729 INFO org.springframework.beans.factory.annotation.AutowiredAnnotationBeanPostProcessor [main] Autowired annotation is not supported on static fields: private static final org.slf4j.Logger gr.uagean.loginWebApp.controllers.NOControllers.LOG
2019-06-19 11:46:25,761 INFO org.springframework.beans.factory.annotation.AutowiredAnnotationBeanPostProcessor [main] Autowired annotation is not supported on static fields: private static final org.slf4j.Logger gr.uagean.loginWebApp.controllers.NOControllersProd.LOG
2019-06-19 11:46:25,778 INFO org.springframework.beans.factory.annotation.AutowiredAnnotationBeanPostProcessor [main] Autowired annotation is not supported on static fields: private static final org.slf4j.Logger gr.uagean.loginWebApp.controllers.RestControllers.Log
2019-06-19 11:46:26,177 INFO org.springframework.scheduling.concurrent.ExecutorConfigurationSupport [main] Initializing ExecutorService 'applicationTaskExecutor'
2019-06-19 11:46:26,435 INFO org.springframework.mock.web.MockServletContext [main] Initializing Spring TestDispatcherServlet ''
2019-06-19 11:46:26,436 INFO org.springframework.web.servlet.FrameworkServlet [main] Initializing Servlet ''
2019-06-19 11:46:26,450 INFO org.springframework.web.servlet.FrameworkServlet [main] Completed initialization in 14 ms
2019-06-19 11:46:26,471 INFO org.springframework.boot.StartupInfoLogger [main] Started TestSessisonManagerConnection in 1.275 seconds (JVM running for 8.017)
2019-06-19 11:46:30,790 INFO gr.uagean.loginWebApp.utils.NoResponseParser [main] Response from Norway:: {
    "sub": "f9093e31-8592-4ebf-9925-7090579f79a0",
    "connect-userid_sec": [
        "eidas:SE/NO/199008199391"
    ],
    "dataporten-userid_sec": [
        "eidas:$Mohamed$Al Samed$1990-08-19$SE/NO/199008199391"
    ],
    "name": "Mohamed Al Samed",
    "picture": "https://api.dataporten-test.uninett.no/userinfo/v1/user/media/p:3cfe174c-b7b3-45e8-aea4-782a87aa492e"
}
2019-06-19 11:46:30,817 INFO org.springframework.scheduling.concurrent.ExecutorConfigurationSupport [Thread-3] Shutting down ExecutorService 'applicationTaskExecutor'
2019-06-19 11:46:30,820 INFO org.springframework.scheduling.concurrent.ExecutorConfigurationSupport [Thread-7] Shutting down ExecutorService 'applicationTaskExecutor'
