2019-04-17 10:54:38,570 INFO org.springframework.boot.StartupInfoLogger [main] Starting LoginWebAppApplication on nikos-Lenovo-V310-15IKB with PID 8393 (/home/nikos/NetBeansProjects/esmo.gr.idp/target/classes started by nikos in /home/nikos/NetBeansProjects/esmo.gr.idp)
2019-04-17 10:54:38,578 INFO org.springframework.boot.SpringApplication [main] No active profile set, falling back to default profiles: default
2019-04-17 10:54:40,641 INFO org.springframework.boot.web.embedded.tomcat.TomcatWebServer [main] Tomcat initialized with port(s): 8080 (http)
2019-04-17 10:54:40,663 INFO org.apache.juli.logging.DirectJDKLog [main] Initializing ProtocolHandler ["http-nio-8080"]
2019-04-17 10:54:40,682 INFO org.apache.juli.logging.DirectJDKLog [main] Starting service [Tomcat]
2019-04-17 10:54:40,682 INFO org.apache.juli.logging.DirectJDKLog [main] Starting Servlet Engine: Apache Tomcat/9.0.13
2019-04-17 10:54:40,695 INFO org.apache.juli.logging.DirectJDKLog [main] The APR based Apache Tomcat Native library which allows optimal performance in production environments was not found on the java.library.path: [/usr/lib/jvm/java-8-oracle/jre/lib/amd64:/usr/lib/jvm/java-8-oracle/jre/lib/i386::/usr/java/packages/lib/amd64:/usr/lib64:/lib64:/lib:/usr/lib]
2019-04-17 10:54:40,787 INFO org.apache.juli.logging.DirectJDKLog [main] Initializing Spring embedded WebApplicationContext
2019-04-17 10:54:40,787 INFO org.springframework.boot.web.servlet.context.ServletWebServerApplicationContext [main] Root WebApplicationContext: initialization completed in 2125 ms
2019-04-17 10:54:41,022 INFO org.springframework.beans.factory.annotation.AutowiredAnnotationBeanPostProcessor [main] Autowired annotation is not supported on static fields: private static final org.slf4j.Logger gr.uagean.loginWebApp.controllers.NOControllers.LOG
2019-04-17 10:54:41,102 INFO com.google.code.ssm.config.DefaultAddressProvider [main] Defined values 172.17.0.1:11211 will be used as memcached addresses
2019-04-17 10:54:41,194 INFO org.springframework.beans.factory.annotation.AutowiredAnnotationBeanPostProcessor [main] Autowired annotation is not supported on static fields: private static final org.slf4j.Logger gr.uagean.loginWebApp.controllers.RestControllers.LOG
2019-04-17 10:54:41,427 INFO org.springframework.scheduling.concurrent.ExecutorConfigurationSupport [main] Initializing ExecutorService 'applicationTaskExecutor'
2019-04-17 10:54:41,743 INFO org.apache.juli.logging.DirectJDKLog [main] Starting ProtocolHandler ["http-nio-8080"]
2019-04-17 10:54:41,754 INFO org.apache.juli.logging.DirectJDKLog [main] Using a shared selector for servlet write/read
2019-04-17 10:54:41,824 INFO org.springframework.boot.web.embedded.tomcat.TomcatWebServer [main] Tomcat started on port(s): 8080 (http) with context path ''
2019-04-17 10:54:41,832 INFO org.springframework.boot.StartupInfoLogger [main] Started LoginWebAppApplication in 4.05 seconds (JVM running for 4.816)
2019-04-17 10:57:06,165 INFO org.springframework.boot.StartupInfoLogger [main] Starting LoginWebAppApplicationTests on nikos-Lenovo-V310-15IKB with PID 8515 (started by nikos in /home/nikos/NetBeansProjects/esmo.gr.idp)
2019-04-17 10:57:06,166 INFO org.springframework.boot.SpringApplication [main] The following profiles are active: test
2019-04-17 10:57:08,071 INFO org.springframework.beans.factory.annotation.AutowiredAnnotationBeanPostProcessor [main] Autowired annotation is not supported on static fields: private static final org.slf4j.Logger gr.uagean.loginWebApp.controllers.NOControllers.LOG
2019-04-17 10:57:08,093 INFO com.google.code.ssm.config.DefaultAddressProvider [main] Defined values 172.17.0.1:11211 will be used as memcached addresses
2019-04-17 10:57:08,237 INFO org.springframework.beans.factory.annotation.AutowiredAnnotationBeanPostProcessor [main] Autowired annotation is not supported on static fields: private static final org.slf4j.Logger gr.uagean.loginWebApp.controllers.RestControllers.LOG
2019-04-17 10:57:08,850 INFO org.springframework.scheduling.concurrent.ExecutorConfigurationSupport [main] Initializing ExecutorService 'applicationTaskExecutor'
2019-04-17 10:57:09,256 INFO org.springframework.boot.StartupInfoLogger [main] Started LoginWebAppApplicationTests in 3.547 seconds (JVM running for 4.436)
2019-04-17 10:57:09,300 INFO org.springframework.test.context.support.AbstractTestContextBootstrapper [main] Neither @ContextConfiguration nor @ContextHierarchy found for test class [gr.uaegean.loginWebApp.integration.TestSessisonManagerConnection], using SpringBootContextLoader
2019-04-17 10:57:09,302 INFO org.springframework.test.context.support.AbstractContextLoader [main] Could not detect default resource locations for test class [gr.uaegean.loginWebApp.integration.TestSessisonManagerConnection]: no resource found for suffixes {-context.xml, Context.groovy}.
2019-04-17 10:57:09,321 INFO org.springframework.test.context.support.AbstractTestContextBootstrapper [main] Loaded default TestExecutionListener class names from location [META-INF/spring.factories]: [org.springframework.boot.test.mock.mockito.MockitoTestExecutionListener, org.springframework.boot.test.mock.mockito.ResetMocksTestExecutionListener, org.springframework.boot.test.autoconfigure.restdocs.RestDocsTestExecutionListener, org.springframework.boot.test.autoconfigure.web.client.MockRestServiceServerResetTestExecutionListener, org.springframework.boot.test.autoconfigure.web.servlet.MockMvcPrintOnlyOnFailureTestExecutionListener, org.springframework.boot.test.autoconfigure.web.servlet.WebDriverTestExecutionListener, org.springframework.test.context.web.ServletTestExecutionListener, org.springframework.test.context.support.DirtiesContextBeforeModesTestExecutionListener, org.springframework.test.context.support.DependencyInjectionTestExecutionListener, org.springframework.test.context.support.DirtiesContextTestExecutionListener, org.springframework.test.context.transaction.TransactionalTestExecutionListener, org.springframework.test.context.jdbc.SqlScriptsTestExecutionListener]
2019-04-17 10:57:09,324 INFO org.springframework.test.context.support.AbstractTestContextBootstrapper [main] Using TestExecutionListeners: [org.springframework.test.context.web.ServletTestExecutionListener@268cbb86, org.springframework.test.context.support.DirtiesContextBeforeModesTestExecutionListener@10f7918f, org.springframework.boot.test.mock.mockito.MockitoTestExecutionListener@64d4f7c7, org.springframework.boot.test.autoconfigure.SpringBootDependencyInjectionTestExecutionListener@54e02f6a, org.springframework.test.context.support.DirtiesContextTestExecutionListener@17f3eefb, org.springframework.boot.test.mock.mockito.ResetMocksTestExecutionListener@3ba46e63, org.springframework.boot.test.autoconfigure.restdocs.RestDocsTestExecutionListener@788ddc1f, org.springframework.boot.test.autoconfigure.web.client.MockRestServiceServerResetTestExecutionListener@2dc3271b, org.springframework.boot.test.autoconfigure.web.servlet.MockMvcPrintOnlyOnFailureTestExecutionListener@254f906e, org.springframework.boot.test.autoconfigure.web.servlet.WebDriverTestExecutionListener@3d0035d2]
2019-04-17 10:57:09,372 INFO org.springframework.boot.StartupInfoLogger [main] Starting TestSessisonManagerConnection on nikos-Lenovo-V310-15IKB with PID 8515 (started by nikos in /home/nikos/NetBeansProjects/esmo.gr.idp)
2019-04-17 10:57:09,372 INFO org.springframework.boot.SpringApplication [main] The following profiles are active: test
2019-04-17 10:57:09,743 INFO org.springframework.beans.factory.annotation.AutowiredAnnotationBeanPostProcessor [main] Autowired annotation is not supported on static fields: private static final org.slf4j.Logger gr.uagean.loginWebApp.controllers.NOControllers.LOG
2019-04-17 10:57:09,748 INFO com.google.code.ssm.config.DefaultAddressProvider [main] Defined values 172.17.0.1:11211 will be used as memcached addresses
2019-04-17 10:57:09,769 INFO org.springframework.beans.factory.annotation.AutowiredAnnotationBeanPostProcessor [main] Autowired annotation is not supported on static fields: private static final org.slf4j.Logger gr.uagean.loginWebApp.controllers.RestControllers.LOG
2019-04-17 10:57:10,065 INFO org.springframework.scheduling.concurrent.ExecutorConfigurationSupport [main] Initializing ExecutorService 'applicationTaskExecutor'
2019-04-17 10:57:10,257 INFO org.springframework.mock.web.MockServletContext [main] Initializing Spring TestDispatcherServlet ''
2019-04-17 10:57:10,258 INFO org.springframework.web.servlet.FrameworkServlet [main] Initializing Servlet ''
2019-04-17 10:57:10,268 INFO org.springframework.web.servlet.FrameworkServlet [main] Completed initialization in 10 ms
2019-04-17 10:57:10,287 INFO org.springframework.boot.StartupInfoLogger [main] Started TestSessisonManagerConnection in 0.959 seconds (JVM running for 5.467)
2019-04-17 10:57:13,517 INFO org.springframework.scheduling.concurrent.ExecutorConfigurationSupport [Thread-3] Shutting down ExecutorService 'applicationTaskExecutor'
2019-04-17 10:57:13,528 INFO org.springframework.scheduling.concurrent.ExecutorConfigurationSupport [Thread-7] Shutting down ExecutorService 'applicationTaskExecutor'
2019-04-17 12:35:19,158 INFO org.springframework.boot.StartupInfoLogger [main] Starting LoginWebAppApplicationTests on nikos-Lenovo-V310-15IKB with PID 11323 (started by nikos in /home/nikos/NetBeansProjects/esmo.gr.idp)
2019-04-17 12:35:19,160 INFO org.springframework.boot.SpringApplication [main] The following profiles are active: test
2019-04-17 12:35:20,973 INFO org.springframework.beans.factory.annotation.AutowiredAnnotationBeanPostProcessor [main] Autowired annotation is not supported on static fields: private static final org.slf4j.Logger gr.uagean.loginWebApp.controllers.NOControllers.LOG
2019-04-17 12:35:20,996 INFO com.google.code.ssm.config.DefaultAddressProvider [main] Defined values 172.17.0.1:11211 will be used as memcached addresses
2019-04-17 12:35:21,082 INFO org.springframework.beans.factory.annotation.AutowiredAnnotationBeanPostProcessor [main] Autowired annotation is not supported on static fields: private static final org.slf4j.Logger gr.uagean.loginWebApp.controllers.RestControllers.LOG
2019-04-17 12:35:21,751 INFO org.springframework.scheduling.concurrent.ExecutorConfigurationSupport [main] Initializing ExecutorService 'applicationTaskExecutor'
2019-04-17 12:35:22,185 INFO org.springframework.boot.StartupInfoLogger [main] Started LoginWebAppApplicationTests in 3.557 seconds (JVM running for 4.493)
2019-04-17 12:35:22,223 INFO org.springframework.test.context.support.AbstractTestContextBootstrapper [main] Neither @ContextConfiguration nor @ContextHierarchy found for test class [gr.uaegean.loginWebApp.integration.TestSessisonManagerConnection], using SpringBootContextLoader
2019-04-17 12:35:22,224 INFO org.springframework.test.context.support.AbstractContextLoader [main] Could not detect default resource locations for test class [gr.uaegean.loginWebApp.integration.TestSessisonManagerConnection]: no resource found for suffixes {-context.xml, Context.groovy}.
2019-04-17 12:35:22,236 INFO org.springframework.test.context.support.AbstractTestContextBootstrapper [main] Loaded default TestExecutionListener class names from location [META-INF/spring.factories]: [org.springframework.boot.test.mock.mockito.MockitoTestExecutionListener, org.springframework.boot.test.mock.mockito.ResetMocksTestExecutionListener, org.springframework.boot.test.autoconfigure.restdocs.RestDocsTestExecutionListener, org.springframework.boot.test.autoconfigure.web.client.MockRestServiceServerResetTestExecutionListener, org.springframework.boot.test.autoconfigure.web.servlet.MockMvcPrintOnlyOnFailureTestExecutionListener, org.springframework.boot.test.autoconfigure.web.servlet.WebDriverTestExecutionListener, org.springframework.test.context.web.ServletTestExecutionListener, org.springframework.test.context.support.DirtiesContextBeforeModesTestExecutionListener, org.springframework.test.context.support.DependencyInjectionTestExecutionListener, org.springframework.test.context.support.DirtiesContextTestExecutionListener, org.springframework.test.context.transaction.TransactionalTestExecutionListener, org.springframework.test.context.jdbc.SqlScriptsTestExecutionListener]
2019-04-17 12:35:22,237 INFO org.springframework.test.context.support.AbstractTestContextBootstrapper [main] Using TestExecutionListeners: [org.springframework.test.context.web.ServletTestExecutionListener@254f906e, org.springframework.test.context.support.DirtiesContextBeforeModesTestExecutionListener@3d0035d2, org.springframework.boot.test.mock.mockito.MockitoTestExecutionListener@2bfb6b49, org.springframework.boot.test.autoconfigure.SpringBootDependencyInjectionTestExecutionListener@1f346ad2, org.springframework.test.context.support.DirtiesContextTestExecutionListener@46a145ba, org.springframework.boot.test.mock.mockito.ResetMocksTestExecutionListener@7ab34619, org.springframework.boot.test.autoconfigure.restdocs.RestDocsTestExecutionListener@ae2db25, org.springframework.boot.test.autoconfigure.web.client.MockRestServiceServerResetTestExecutionListener@363c4251, org.springframework.boot.test.autoconfigure.web.servlet.MockMvcPrintOnlyOnFailureTestExecutionListener@7afc4db9, org.springframework.boot.test.autoconfigure.web.servlet.WebDriverTestExecutionListener@1a1f5f71]
2019-04-17 12:35:22,309 INFO org.springframework.boot.StartupInfoLogger [main] Starting TestSessisonManagerConnection on nikos-Lenovo-V310-15IKB with PID 11323 (started by nikos in /home/nikos/NetBeansProjects/esmo.gr.idp)
2019-04-17 12:35:22,310 INFO org.springframework.boot.SpringApplication [main] The following profiles are active: test
2019-04-17 12:35:22,620 INFO org.springframework.beans.factory.annotation.AutowiredAnnotationBeanPostProcessor [main] Autowired annotation is not supported on static fields: private static final org.slf4j.Logger gr.uagean.loginWebApp.controllers.NOControllers.LOG
2019-04-17 12:35:22,625 INFO com.google.code.ssm.config.DefaultAddressProvider [main] Defined values 172.17.0.1:11211 will be used as memcached addresses
2019-04-17 12:35:22,646 INFO org.springframework.beans.factory.annotation.AutowiredAnnotationBeanPostProcessor [main] Autowired annotation is not supported on static fields: private static final org.slf4j.Logger gr.uagean.loginWebApp.controllers.RestControllers.LOG
2019-04-17 12:35:22,934 INFO org.springframework.scheduling.concurrent.ExecutorConfigurationSupport [main] Initializing ExecutorService 'applicationTaskExecutor'
2019-04-17 12:35:23,142 INFO org.springframework.mock.web.MockServletContext [main] Initializing Spring TestDispatcherServlet ''
2019-04-17 12:35:23,144 INFO org.springframework.web.servlet.FrameworkServlet [main] Initializing Servlet ''
2019-04-17 12:35:23,159 INFO org.springframework.web.servlet.FrameworkServlet [main] Completed initialization in 13 ms
2019-04-17 12:35:23,176 INFO org.springframework.boot.StartupInfoLogger [main] Started TestSessisonManagerConnection in 0.933 seconds (JVM running for 5.484)
2019-04-17 12:35:25,264 INFO org.springframework.scheduling.concurrent.ExecutorConfigurationSupport [Thread-7] Shutting down ExecutorService 'applicationTaskExecutor'
2019-04-17 12:35:25,265 INFO org.springframework.scheduling.concurrent.ExecutorConfigurationSupport [Thread-3] Shutting down ExecutorService 'applicationTaskExecutor'
2019-04-17 12:36:30,101 INFO org.springframework.boot.StartupInfoLogger [main] Starting LoginWebAppApplicationTests on nikos-Lenovo-V310-15IKB with PID 11469 (started by nikos in /home/nikos/NetBeansProjects/esmo.gr.idp)
2019-04-17 12:36:30,103 INFO org.springframework.boot.SpringApplication [main] The following profiles are active: test
2019-04-17 12:36:31,723 INFO org.springframework.beans.factory.annotation.AutowiredAnnotationBeanPostProcessor [main] Autowired annotation is not supported on static fields: private static final org.slf4j.Logger gr.uagean.loginWebApp.controllers.NOControllers.LOG
2019-04-17 12:36:31,748 INFO com.google.code.ssm.config.DefaultAddressProvider [main] Defined values 172.17.0.1:11211 will be used as memcached addresses
2019-04-17 12:36:31,862 INFO org.springframework.beans.factory.annotation.AutowiredAnnotationBeanPostProcessor [main] Autowired annotation is not supported on static fields: private static final org.slf4j.Logger gr.uagean.loginWebApp.controllers.RestControllers.LOG
2019-04-17 12:36:32,445 INFO org.springframework.scheduling.concurrent.ExecutorConfigurationSupport [main] Initializing ExecutorService 'applicationTaskExecutor'
2019-04-17 12:36:32,832 INFO org.springframework.boot.StartupInfoLogger [main] Started LoginWebAppApplicationTests in 3.21 seconds (JVM running for 3.997)
2019-04-17 12:36:32,867 INFO org.springframework.test.context.support.AbstractTestContextBootstrapper [main] Neither @ContextConfiguration nor @ContextHierarchy found for test class [gr.uaegean.loginWebApp.integration.TestSessisonManagerConnection], using SpringBootContextLoader
2019-04-17 12:36:32,868 INFO org.springframework.test.context.support.AbstractContextLoader [main] Could not detect default resource locations for test class [gr.uaegean.loginWebApp.integration.TestSessisonManagerConnection]: no resource found for suffixes {-context.xml, Context.groovy}.
2019-04-17 12:36:32,881 INFO org.springframework.test.context.support.AbstractTestContextBootstrapper [main] Loaded default TestExecutionListener class names from location [META-INF/spring.factories]: [org.springframework.boot.test.mock.mockito.MockitoTestExecutionListener, org.springframework.boot.test.mock.mockito.ResetMocksTestExecutionListener, org.springframework.boot.test.autoconfigure.restdocs.RestDocsTestExecutionListener, org.springframework.boot.test.autoconfigure.web.client.MockRestServiceServerResetTestExecutionListener, org.springframework.boot.test.autoconfigure.web.servlet.MockMvcPrintOnlyOnFailureTestExecutionListener, org.springframework.boot.test.autoconfigure.web.servlet.WebDriverTestExecutionListener, org.springframework.test.context.web.ServletTestExecutionListener, org.springframework.test.context.support.DirtiesContextBeforeModesTestExecutionListener, org.springframework.test.context.support.DependencyInjectionTestExecutionListener, org.springframework.test.context.support.DirtiesContextTestExecutionListener, org.springframework.test.context.transaction.TransactionalTestExecutionListener, org.springframework.test.context.jdbc.SqlScriptsTestExecutionListener]
2019-04-17 12:36:32,883 INFO org.springframework.test.context.support.AbstractTestContextBootstrapper [main] Using TestExecutionListeners: [org.springframework.test.context.web.ServletTestExecutionListener@7afc4db9, org.springframework.test.context.support.DirtiesContextBeforeModesTestExecutionListener@1a1f5f71, org.springframework.boot.test.mock.mockito.MockitoTestExecutionListener@63884e4, org.springframework.boot.test.autoconfigure.SpringBootDependencyInjectionTestExecutionListener@524270b8, org.springframework.test.context.support.DirtiesContextTestExecutionListener@4acb7ecc, org.springframework.boot.test.mock.mockito.ResetMocksTestExecutionListener@2a4f5433, org.springframework.boot.test.autoconfigure.restdocs.RestDocsTestExecutionListener@6812fa3a, org.springframework.boot.test.autoconfigure.web.client.MockRestServiceServerResetTestExecutionListener@29149030, org.springframework.boot.test.autoconfigure.web.servlet.MockMvcPrintOnlyOnFailureTestExecutionListener@38b8b6c0, org.springframework.boot.test.autoconfigure.web.servlet.WebDriverTestExecutionListener@68868328]
2019-04-17 12:36:32,966 INFO org.springframework.boot.StartupInfoLogger [main] Starting TestSessisonManagerConnection on nikos-Lenovo-V310-15IKB with PID 11469 (started by nikos in /home/nikos/NetBeansProjects/esmo.gr.idp)
2019-04-17 12:36:32,967 INFO org.springframework.boot.SpringApplication [main] The following profiles are active: test
2019-04-17 12:36:33,569 INFO org.springframework.beans.factory.annotation.AutowiredAnnotationBeanPostProcessor [main] Autowired annotation is not supported on static fields: private static final org.slf4j.Logger gr.uagean.loginWebApp.controllers.NOControllers.LOG
2019-04-17 12:36:33,576 INFO com.google.code.ssm.config.DefaultAddressProvider [main] Defined values 172.17.0.1:11211 will be used as memcached addresses
2019-04-17 12:36:33,613 INFO org.springframework.beans.factory.annotation.AutowiredAnnotationBeanPostProcessor [main] Autowired annotation is not supported on static fields: private static final org.slf4j.Logger gr.uagean.loginWebApp.controllers.RestControllers.LOG
2019-04-17 12:36:33,981 INFO org.springframework.scheduling.concurrent.ExecutorConfigurationSupport [main] Initializing ExecutorService 'applicationTaskExecutor'
2019-04-17 12:36:34,231 INFO org.springframework.mock.web.MockServletContext [main] Initializing Spring TestDispatcherServlet ''
2019-04-17 12:36:34,232 INFO org.springframework.web.servlet.FrameworkServlet [main] Initializing Servlet ''
2019-04-17 12:36:34,244 INFO org.springframework.web.servlet.FrameworkServlet [main] Completed initialization in 12 ms
2019-04-17 12:36:34,263 INFO org.springframework.boot.StartupInfoLogger [main] Started TestSessisonManagerConnection in 1.367 seconds (JVM running for 5.428)
2019-04-17 12:36:36,433 INFO org.springframework.scheduling.concurrent.ExecutorConfigurationSupport [Thread-3] Shutting down ExecutorService 'applicationTaskExecutor'
2019-04-17 12:36:36,437 INFO org.springframework.scheduling.concurrent.ExecutorConfigurationSupport [Thread-7] Shutting down ExecutorService 'applicationTaskExecutor'
2019-04-17 12:41:18,134 INFO org.springframework.boot.StartupInfoLogger [main] Starting LoginWebAppApplicationTests on nikos-Lenovo-V310-15IKB with PID 11963 (started by nikos in /home/nikos/NetBeansProjects/esmo.gr.idp)
2019-04-17 12:41:18,136 INFO org.springframework.boot.SpringApplication [main] The following profiles are active: test
2019-04-17 12:41:20,008 INFO org.springframework.beans.factory.annotation.AutowiredAnnotationBeanPostProcessor [main] Autowired annotation is not supported on static fields: private static final org.slf4j.Logger gr.uagean.loginWebApp.controllers.NOControllers.LOG
2019-04-17 12:41:20,031 INFO com.google.code.ssm.config.DefaultAddressProvider [main] Defined values 172.17.0.1:11211 will be used as memcached addresses
2019-04-17 12:41:20,112 INFO org.springframework.beans.factory.annotation.AutowiredAnnotationBeanPostProcessor [main] Autowired annotation is not supported on static fields: private static final org.slf4j.Logger gr.uagean.loginWebApp.controllers.RestControllers.LOG
2019-04-17 12:41:20,738 INFO org.springframework.scheduling.concurrent.ExecutorConfigurationSupport [main] Initializing ExecutorService 'applicationTaskExecutor'
2019-04-17 12:41:21,190 INFO org.springframework.boot.StartupInfoLogger [main] Started LoginWebAppApplicationTests in 3.464 seconds (JVM running for 4.269)
2019-04-17 12:41:21,226 INFO org.springframework.test.context.support.AbstractTestContextBootstrapper [main] Neither @ContextConfiguration nor @ContextHierarchy found for test class [gr.uaegean.loginWebApp.integration.TestSessisonManagerConnection], using SpringBootContextLoader
2019-04-17 12:41:21,227 INFO org.springframework.test.context.support.AbstractContextLoader [main] Could not detect default resource locations for test class [gr.uaegean.loginWebApp.integration.TestSessisonManagerConnection]: no resource found for suffixes {-context.xml, Context.groovy}.
2019-04-17 12:41:21,239 INFO org.springframework.test.context.support.AbstractTestContextBootstrapper [main] Loaded default TestExecutionListener class names from location [META-INF/spring.factories]: [org.springframework.boot.test.mock.mockito.MockitoTestExecutionListener, org.springframework.boot.test.mock.mockito.ResetMocksTestExecutionListener, org.springframework.boot.test.autoconfigure.restdocs.RestDocsTestExecutionListener, org.springframework.boot.test.autoconfigure.web.client.MockRestServiceServerResetTestExecutionListener, org.springframework.boot.test.autoconfigure.web.servlet.MockMvcPrintOnlyOnFailureTestExecutionListener, org.springframework.boot.test.autoconfigure.web.servlet.WebDriverTestExecutionListener, org.springframework.test.context.web.ServletTestExecutionListener, org.springframework.test.context.support.DirtiesContextBeforeModesTestExecutionListener, org.springframework.test.context.support.DependencyInjectionTestExecutionListener, org.springframework.test.context.support.DirtiesContextTestExecutionListener, org.springframework.test.context.transaction.TransactionalTestExecutionListener, org.springframework.test.context.jdbc.SqlScriptsTestExecutionListener]
2019-04-17 12:41:21,241 INFO org.springframework.test.context.support.AbstractTestContextBootstrapper [main] Using TestExecutionListeners: [org.springframework.test.context.web.ServletTestExecutionListener@4acb7ecc, org.springframework.test.context.support.DirtiesContextBeforeModesTestExecutionListener@2a4f5433, org.springframework.boot.test.mock.mockito.MockitoTestExecutionListener@6812fa3a, org.springframework.boot.test.autoconfigure.SpringBootDependencyInjectionTestExecutionListener@29149030, org.springframework.test.context.support.DirtiesContextTestExecutionListener@38b8b6c0, org.springframework.boot.test.mock.mockito.ResetMocksTestExecutionListener@68868328, org.springframework.boot.test.autoconfigure.restdocs.RestDocsTestExecutionListener@173a6728, org.springframework.boot.test.autoconfigure.web.client.MockRestServiceServerResetTestExecutionListener@1a22e0ef, org.springframework.boot.test.autoconfigure.web.servlet.MockMvcPrintOnlyOnFailureTestExecutionListener@67514bdd, org.springframework.boot.test.autoconfigure.web.servlet.WebDriverTestExecutionListener@3b920bdc]
2019-04-17 12:41:21,272 INFO org.springframework.boot.StartupInfoLogger [main] Starting TestSessisonManagerConnection on nikos-Lenovo-V310-15IKB with PID 11963 (started by nikos in /home/nikos/NetBeansProjects/esmo.gr.idp)
2019-04-17 12:41:21,272 INFO org.springframework.boot.SpringApplication [main] The following profiles are active: test
2019-04-17 12:41:21,652 INFO org.springframework.beans.factory.annotation.AutowiredAnnotationBeanPostProcessor [main] Autowired annotation is not supported on static fields: private static final org.slf4j.Logger gr.uagean.loginWebApp.controllers.NOControllers.LOG
2019-04-17 12:41:21,658 INFO com.google.code.ssm.config.DefaultAddressProvider [main] Defined values 172.17.0.1:11211 will be used as memcached addresses
2019-04-17 12:41:21,675 INFO org.springframework.beans.factory.annotation.AutowiredAnnotationBeanPostProcessor [main] Autowired annotation is not supported on static fields: private static final org.slf4j.Logger gr.uagean.loginWebApp.controllers.RestControllers.LOG
2019-04-17 12:41:22,010 INFO org.springframework.scheduling.concurrent.ExecutorConfigurationSupport [main] Initializing ExecutorService 'applicationTaskExecutor'
2019-04-17 12:41:22,247 INFO org.springframework.mock.web.MockServletContext [main] Initializing Spring TestDispatcherServlet ''
2019-04-17 12:41:22,248 INFO org.springframework.web.servlet.FrameworkServlet [main] Initializing Servlet ''
2019-04-17 12:41:22,261 INFO org.springframework.web.servlet.FrameworkServlet [main] Completed initialization in 12 ms
2019-04-17 12:41:22,278 INFO org.springframework.boot.StartupInfoLogger [main] Started TestSessisonManagerConnection in 1.035 seconds (JVM running for 5.357)
2019-04-17 12:41:24,216 INFO org.springframework.scheduling.concurrent.ExecutorConfigurationSupport [Thread-3] Shutting down ExecutorService 'applicationTaskExecutor'
2019-04-17 12:41:24,216 INFO org.springframework.scheduling.concurrent.ExecutorConfigurationSupport [Thread-7] Shutting down ExecutorService 'applicationTaskExecutor'
2019-04-17 12:51:56,068 INFO org.springframework.boot.StartupInfoLogger [main] Starting LoginWebAppApplicationTests on nikos-Lenovo-V310-15IKB with PID 12522 (started by nikos in /home/nikos/NetBeansProjects/esmo.gr.idp)
2019-04-17 12:51:56,070 INFO org.springframework.boot.SpringApplication [main] The following profiles are active: test
2019-04-17 12:51:57,896 INFO org.springframework.beans.factory.annotation.AutowiredAnnotationBeanPostProcessor [main] Autowired annotation is not supported on static fields: private static final org.slf4j.Logger gr.uagean.loginWebApp.controllers.NOControllers.LOG
2019-04-17 12:51:57,924 INFO com.google.code.ssm.config.DefaultAddressProvider [main] Defined values 172.17.0.1:11211 will be used as memcached addresses
2019-04-17 12:51:57,993 INFO org.springframework.beans.factory.annotation.AutowiredAnnotationBeanPostProcessor [main] Autowired annotation is not supported on static fields: private static final org.slf4j.Logger gr.uagean.loginWebApp.controllers.RestControllers.LOG
2019-04-17 12:51:58,616 INFO org.springframework.scheduling.concurrent.ExecutorConfigurationSupport [main] Initializing ExecutorService 'applicationTaskExecutor'
2019-04-17 12:51:59,055 INFO org.springframework.boot.StartupInfoLogger [main] Started LoginWebAppApplicationTests in 3.432 seconds (JVM running for 4.194)
2019-04-17 12:51:59,089 INFO org.springframework.test.context.support.AbstractTestContextBootstrapper [main] Neither @ContextConfiguration nor @ContextHierarchy found for test class [gr.uaegean.loginWebApp.integration.TestSessisonManagerConnection], using SpringBootContextLoader
2019-04-17 12:51:59,091 INFO org.springframework.test.context.support.AbstractContextLoader [main] Could not detect default resource locations for test class [gr.uaegean.loginWebApp.integration.TestSessisonManagerConnection]: no resource found for suffixes {-context.xml, Context.groovy}.
2019-04-17 12:51:59,104 INFO org.springframework.test.context.support.AbstractTestContextBootstrapper [main] Loaded default TestExecutionListener class names from location [META-INF/spring.factories]: [org.springframework.boot.test.mock.mockito.MockitoTestExecutionListener, org.springframework.boot.test.mock.mockito.ResetMocksTestExecutionListener, org.springframework.boot.test.autoconfigure.restdocs.RestDocsTestExecutionListener, org.springframework.boot.test.autoconfigure.web.client.MockRestServiceServerResetTestExecutionListener, org.springframework.boot.test.autoconfigure.web.servlet.MockMvcPrintOnlyOnFailureTestExecutionListener, org.springframework.boot.test.autoconfigure.web.servlet.WebDriverTestExecutionListener, org.springframework.test.context.web.ServletTestExecutionListener, org.springframework.test.context.support.DirtiesContextBeforeModesTestExecutionListener, org.springframework.test.context.support.DependencyInjectionTestExecutionListener, org.springframework.test.context.support.DirtiesContextTestExecutionListener, org.springframework.test.context.transaction.TransactionalTestExecutionListener, org.springframework.test.context.jdbc.SqlScriptsTestExecutionListener]
2019-04-17 12:51:59,105 INFO org.springframework.test.context.support.AbstractTestContextBootstrapper [main] Using TestExecutionListeners: [org.springframework.test.context.web.ServletTestExecutionListener@7afc4db9, org.springframework.test.context.support.DirtiesContextBeforeModesTestExecutionListener@1a1f5f71, org.springframework.boot.test.mock.mockito.MockitoTestExecutionListener@63884e4, org.springframework.boot.test.autoconfigure.SpringBootDependencyInjectionTestExecutionListener@524270b8, org.springframework.test.context.support.DirtiesContextTestExecutionListener@4acb7ecc, org.springframework.boot.test.mock.mockito.ResetMocksTestExecutionListener@2a4f5433, org.springframework.boot.test.autoconfigure.restdocs.RestDocsTestExecutionListener@6812fa3a, org.springframework.boot.test.autoconfigure.web.client.MockRestServiceServerResetTestExecutionListener@29149030, org.springframework.boot.test.autoconfigure.web.servlet.MockMvcPrintOnlyOnFailureTestExecutionListener@38b8b6c0, org.springframework.boot.test.autoconfigure.web.servlet.WebDriverTestExecutionListener@68868328]
2019-04-17 12:51:59,134 INFO org.springframework.boot.StartupInfoLogger [main] Starting TestSessisonManagerConnection on nikos-Lenovo-V310-15IKB with PID 12522 (started by nikos in /home/nikos/NetBeansProjects/esmo.gr.idp)
2019-04-17 12:51:59,135 INFO org.springframework.boot.SpringApplication [main] The following profiles are active: test
2019-04-17 12:51:59,541 INFO org.springframework.beans.factory.annotation.AutowiredAnnotationBeanPostProcessor [main] Autowired annotation is not supported on static fields: private static final org.slf4j.Logger gr.uagean.loginWebApp.controllers.NOControllers.LOG
2019-04-17 12:51:59,545 INFO com.google.code.ssm.config.DefaultAddressProvider [main] Defined values 172.17.0.1:11211 will be used as memcached addresses
2019-04-17 12:51:59,568 INFO org.springframework.beans.factory.annotation.AutowiredAnnotationBeanPostProcessor [main] Autowired annotation is not supported on static fields: private static final org.slf4j.Logger gr.uagean.loginWebApp.controllers.RestControllers.LOG
2019-04-17 12:51:59,895 INFO org.springframework.scheduling.concurrent.ExecutorConfigurationSupport [main] Initializing ExecutorService 'applicationTaskExecutor'
2019-04-17 12:52:00,162 INFO org.springframework.mock.web.MockServletContext [main] Initializing Spring TestDispatcherServlet ''
2019-04-17 12:52:00,162 INFO org.springframework.web.servlet.FrameworkServlet [main] Initializing Servlet ''
2019-04-17 12:52:00,175 INFO org.springframework.web.servlet.FrameworkServlet [main] Completed initialization in 12 ms
2019-04-17 12:52:00,193 INFO org.springframework.boot.StartupInfoLogger [main] Started TestSessisonManagerConnection in 1.085 seconds (JVM running for 5.331)
2019-04-17 12:52:02,244 INFO org.springframework.scheduling.concurrent.ExecutorConfigurationSupport [Thread-3] Shutting down ExecutorService 'applicationTaskExecutor'
2019-04-17 12:52:02,247 INFO org.springframework.scheduling.concurrent.ExecutorConfigurationSupport [Thread-7] Shutting down ExecutorService 'applicationTaskExecutor'
2019-04-17 13:04:42,907 INFO org.springframework.boot.StartupInfoLogger [main] Starting LoginWebAppApplicationTests on nikos-Lenovo-V310-15IKB with PID 13159 (started by nikos in /home/nikos/NetBeansProjects/esmo.gr.idp)
2019-04-17 13:04:42,909 INFO org.springframework.boot.SpringApplication [main] The following profiles are active: test
2019-04-17 13:04:45,879 INFO org.springframework.beans.factory.annotation.AutowiredAnnotationBeanPostProcessor [main] Autowired annotation is not supported on static fields: private static final org.slf4j.Logger gr.uagean.loginWebApp.controllers.NOControllers.LOG
2019-04-17 13:04:45,899 INFO com.google.code.ssm.config.DefaultAddressProvider [main] Defined values 172.17.0.1:11211 will be used as memcached addresses
2019-04-17 13:04:46,047 INFO org.springframework.beans.factory.annotation.AutowiredAnnotationBeanPostProcessor [main] Autowired annotation is not supported on static fields: private static final org.slf4j.Logger gr.uagean.loginWebApp.controllers.RestControllers.LOG
2019-04-17 13:04:46,904 INFO org.springframework.scheduling.concurrent.ExecutorConfigurationSupport [main] Initializing ExecutorService 'applicationTaskExecutor'
2019-04-17 13:04:47,385 INFO org.springframework.boot.StartupInfoLogger [main] Started LoginWebAppApplicationTests in 5.127 seconds (JVM running for 6.142)
2019-04-17 13:04:47,428 INFO org.springframework.test.context.support.AbstractTestContextBootstrapper [main] Neither @ContextConfiguration nor @ContextHierarchy found for test class [gr.uaegean.loginWebApp.integration.TestSessisonManagerConnection], using SpringBootContextLoader
2019-04-17 13:04:47,429 INFO org.springframework.test.context.support.AbstractContextLoader [main] Could not detect default resource locations for test class [gr.uaegean.loginWebApp.integration.TestSessisonManagerConnection]: no resource found for suffixes {-context.xml, Context.groovy}.
2019-04-17 13:04:47,444 INFO org.springframework.test.context.support.AbstractTestContextBootstrapper [main] Loaded default TestExecutionListener class names from location [META-INF/spring.factories]: [org.springframework.boot.test.mock.mockito.MockitoTestExecutionListener, org.springframework.boot.test.mock.mockito.ResetMocksTestExecutionListener, org.springframework.boot.test.autoconfigure.restdocs.RestDocsTestExecutionListener, org.springframework.boot.test.autoconfigure.web.client.MockRestServiceServerResetTestExecutionListener, org.springframework.boot.test.autoconfigure.web.servlet.MockMvcPrintOnlyOnFailureTestExecutionListener, org.springframework.boot.test.autoconfigure.web.servlet.WebDriverTestExecutionListener, org.springframework.test.context.web.ServletTestExecutionListener, org.springframework.test.context.support.DirtiesContextBeforeModesTestExecutionListener, org.springframework.test.context.support.DependencyInjectionTestExecutionListener, org.springframework.test.context.support.DirtiesContextTestExecutionListener, org.springframework.test.context.transaction.TransactionalTestExecutionListener, org.springframework.test.context.jdbc.SqlScriptsTestExecutionListener]
2019-04-17 13:04:47,446 INFO org.springframework.test.context.support.AbstractTestContextBootstrapper [main] Using TestExecutionListeners: [org.springframework.test.context.web.ServletTestExecutionListener@524270b8, org.springframework.test.context.support.DirtiesContextBeforeModesTestExecutionListener@4acb7ecc, org.springframework.boot.test.mock.mockito.MockitoTestExecutionListener@2a4f5433, org.springframework.boot.test.autoconfigure.SpringBootDependencyInjectionTestExecutionListener@6812fa3a, org.springframework.test.context.support.DirtiesContextTestExecutionListener@29149030, org.springframework.boot.test.mock.mockito.ResetMocksTestExecutionListener@38b8b6c0, org.springframework.boot.test.autoconfigure.restdocs.RestDocsTestExecutionListener@68868328, org.springframework.boot.test.autoconfigure.web.client.MockRestServiceServerResetTestExecutionListener@173a6728, org.springframework.boot.test.autoconfigure.web.servlet.MockMvcPrintOnlyOnFailureTestExecutionListener@1a22e0ef, org.springframework.boot.test.autoconfigure.web.servlet.WebDriverTestExecutionListener@67514bdd]
2019-04-17 13:04:47,497 INFO org.springframework.boot.StartupInfoLogger [main] Starting TestSessisonManagerConnection on nikos-Lenovo-V310-15IKB with PID 13159 (started by nikos in /home/nikos/NetBeansProjects/esmo.gr.idp)
2019-04-17 13:04:47,498 INFO org.springframework.boot.SpringApplication [main] The following profiles are active: test
2019-04-17 13:04:47,978 INFO org.springframework.beans.factory.annotation.AutowiredAnnotationBeanPostProcessor [main] Autowired annotation is not supported on static fields: private static final org.slf4j.Logger gr.uagean.loginWebApp.controllers.NOControllers.LOG
2019-04-17 13:04:47,988 INFO com.google.code.ssm.config.DefaultAddressProvider [main] Defined values 172.17.0.1:11211 will be used as memcached addresses
2019-04-17 13:04:48,019 INFO org.springframework.beans.factory.annotation.AutowiredAnnotationBeanPostProcessor [main] Autowired annotation is not supported on static fields: private static final org.slf4j.Logger gr.uagean.loginWebApp.controllers.RestControllers.LOG
2019-04-17 13:04:48,325 INFO org.springframework.scheduling.concurrent.ExecutorConfigurationSupport [main] Initializing ExecutorService 'applicationTaskExecutor'
2019-04-17 13:04:48,639 INFO org.springframework.mock.web.MockServletContext [main] Initializing Spring TestDispatcherServlet ''
2019-04-17 13:04:48,640 INFO org.springframework.web.servlet.FrameworkServlet [main] Initializing Servlet ''
2019-04-17 13:04:48,651 INFO org.springframework.web.servlet.FrameworkServlet [main] Completed initialization in 11 ms
2019-04-17 13:04:48,669 INFO org.springframework.boot.StartupInfoLogger [main] Started TestSessisonManagerConnection in 1.215 seconds (JVM running for 7.428)
2019-04-17 13:04:51,213 INFO org.springframework.scheduling.concurrent.ExecutorConfigurationSupport [Thread-7] Shutting down ExecutorService 'applicationTaskExecutor'
2019-04-17 13:04:51,216 INFO org.springframework.scheduling.concurrent.ExecutorConfigurationSupport [Thread-3] Shutting down ExecutorService 'applicationTaskExecutor'
2019-04-17 13:09:58,606 INFO org.springframework.boot.StartupInfoLogger [main] Starting LoginWebAppApplicationTests on nikos-Lenovo-V310-15IKB with PID 13577 (started by nikos in /home/nikos/NetBeansProjects/esmo.gr.idp)
2019-04-17 13:09:58,607 INFO org.springframework.boot.SpringApplication [main] The following profiles are active: test
2019-04-17 13:10:00,694 INFO org.springframework.beans.factory.annotation.AutowiredAnnotationBeanPostProcessor [main] Autowired annotation is not supported on static fields: private static final org.slf4j.Logger gr.uagean.loginWebApp.controllers.NOControllers.LOG
2019-04-17 13:10:00,715 INFO com.google.code.ssm.config.DefaultAddressProvider [main] Defined values 172.17.0.1:11211 will be used as memcached addresses
2019-04-17 13:10:00,805 INFO org.springframework.beans.factory.annotation.AutowiredAnnotationBeanPostProcessor [main] Autowired annotation is not supported on static fields: private static final org.slf4j.Logger gr.uagean.loginWebApp.controllers.RestControllers.LOG
2019-04-17 13:10:01,529 INFO org.springframework.scheduling.concurrent.ExecutorConfigurationSupport [main] Initializing ExecutorService 'applicationTaskExecutor'
2019-04-17 13:10:02,031 INFO org.springframework.boot.StartupInfoLogger [main] Started LoginWebAppApplicationTests in 4.098 seconds (JVM running for 5.441)
2019-04-17 13:10:02,064 INFO org.springframework.test.context.support.AbstractTestContextBootstrapper [main] Neither @ContextConfiguration nor @ContextHierarchy found for test class [gr.uaegean.loginWebApp.integration.TestSessisonManagerConnection], using SpringBootContextLoader
2019-04-17 13:10:02,065 INFO org.springframework.test.context.support.AbstractContextLoader [main] Could not detect default resource locations for test class [gr.uaegean.loginWebApp.integration.TestSessisonManagerConnection]: no resource found for suffixes {-context.xml, Context.groovy}.
2019-04-17 13:10:02,093 INFO org.springframework.test.context.support.AbstractTestContextBootstrapper [main] Loaded default TestExecutionListener class names from location [META-INF/spring.factories]: [org.springframework.boot.test.mock.mockito.MockitoTestExecutionListener, org.springframework.boot.test.mock.mockito.ResetMocksTestExecutionListener, org.springframework.boot.test.autoconfigure.restdocs.RestDocsTestExecutionListener, org.springframework.boot.test.autoconfigure.web.client.MockRestServiceServerResetTestExecutionListener, org.springframework.boot.test.autoconfigure.web.servlet.MockMvcPrintOnlyOnFailureTestExecutionListener, org.springframework.boot.test.autoconfigure.web.servlet.WebDriverTestExecutionListener, org.springframework.test.context.web.ServletTestExecutionListener, org.springframework.test.context.support.DirtiesContextBeforeModesTestExecutionListener, org.springframework.test.context.support.DependencyInjectionTestExecutionListener, org.springframework.test.context.support.DirtiesContextTestExecutionListener, org.springframework.test.context.transaction.TransactionalTestExecutionListener, org.springframework.test.context.jdbc.SqlScriptsTestExecutionListener]
2019-04-17 13:10:02,096 INFO org.springframework.test.context.support.AbstractTestContextBootstrapper [main] Using TestExecutionListeners: [org.springframework.test.context.web.ServletTestExecutionListener@17f3eefb, org.springframework.test.context.support.DirtiesContextBeforeModesTestExecutionListener@3ba46e63, org.springframework.boot.test.mock.mockito.MockitoTestExecutionListener@788ddc1f, org.springframework.boot.test.autoconfigure.SpringBootDependencyInjectionTestExecutionListener@2dc3271b, org.springframework.test.context.support.DirtiesContextTestExecutionListener@254f906e, org.springframework.boot.test.mock.mockito.ResetMocksTestExecutionListener@3d0035d2, org.springframework.boot.test.autoconfigure.restdocs.RestDocsTestExecutionListener@2bfb6b49, org.springframework.boot.test.autoconfigure.web.client.MockRestServiceServerResetTestExecutionListener@1f346ad2, org.springframework.boot.test.autoconfigure.web.servlet.MockMvcPrintOnlyOnFailureTestExecutionListener@46a145ba, org.springframework.boot.test.autoconfigure.web.servlet.WebDriverTestExecutionListener@7ab34619]
2019-04-17 13:10:02,132 INFO org.springframework.boot.StartupInfoLogger [main] Starting TestSessisonManagerConnection on nikos-Lenovo-V310-15IKB with PID 13577 (started by nikos in /home/nikos/NetBeansProjects/esmo.gr.idp)
2019-04-17 13:10:02,132 INFO org.springframework.boot.SpringApplication [main] The following profiles are active: test
2019-04-17 13:10:02,551 INFO org.springframework.beans.factory.annotation.AutowiredAnnotationBeanPostProcessor [main] Autowired annotation is not supported on static fields: private static final org.slf4j.Logger gr.uagean.loginWebApp.controllers.NOControllers.LOG
2019-04-17 13:10:02,557 INFO com.google.code.ssm.config.DefaultAddressProvider [main] Defined values 172.17.0.1:11211 will be used as memcached addresses
2019-04-17 13:10:02,601 INFO org.springframework.beans.factory.annotation.AutowiredAnnotationBeanPostProcessor [main] Autowired annotation is not supported on static fields: private static final org.slf4j.Logger gr.uagean.loginWebApp.controllers.RestControllers.LOG
2019-04-17 13:10:03,030 INFO org.springframework.scheduling.concurrent.ExecutorConfigurationSupport [main] Initializing ExecutorService 'applicationTaskExecutor'
2019-04-17 13:10:03,272 INFO org.springframework.mock.web.MockServletContext [main] Initializing Spring TestDispatcherServlet ''
2019-04-17 13:10:03,274 INFO org.springframework.web.servlet.FrameworkServlet [main] Initializing Servlet ''
2019-04-17 13:10:03,284 INFO org.springframework.web.servlet.FrameworkServlet [main] Completed initialization in 10 ms
2019-04-17 13:10:03,341 INFO org.springframework.boot.StartupInfoLogger [main] Started TestSessisonManagerConnection in 1.242 seconds (JVM running for 6.751)
2019-04-17 13:10:05,588 INFO org.springframework.scheduling.concurrent.ExecutorConfigurationSupport [Thread-3] Shutting down ExecutorService 'applicationTaskExecutor'
2019-04-17 13:10:05,596 INFO org.springframework.scheduling.concurrent.ExecutorConfigurationSupport [Thread-7] Shutting down ExecutorService 'applicationTaskExecutor'
2019-04-17 13:15:31,228 INFO org.springframework.boot.StartupInfoLogger [main] Starting LoginWebAppApplicationTests on nikos-Lenovo-V310-15IKB with PID 14149 (started by nikos in /home/nikos/NetBeansProjects/esmo.gr.idp)
2019-04-17 13:15:31,237 INFO org.springframework.boot.SpringApplication [main] The following profiles are active: test
2019-04-17 13:15:33,300 INFO org.springframework.beans.factory.annotation.AutowiredAnnotationBeanPostProcessor [main] Autowired annotation is not supported on static fields: private static final org.slf4j.Logger gr.uagean.loginWebApp.controllers.NOControllers.LOG
2019-04-17 13:15:33,347 INFO com.google.code.ssm.config.DefaultAddressProvider [main] Defined values 172.17.0.1:11211 will be used as memcached addresses
2019-04-17 13:15:33,442 INFO org.springframework.beans.factory.annotation.AutowiredAnnotationBeanPostProcessor [main] Autowired annotation is not supported on static fields: private static final org.slf4j.Logger gr.uagean.loginWebApp.controllers.RestControllers.LOG
2019-04-17 13:15:34,109 INFO org.springframework.scheduling.concurrent.ExecutorConfigurationSupport [main] Initializing ExecutorService 'applicationTaskExecutor'
2019-04-17 13:15:34,636 INFO org.springframework.boot.StartupInfoLogger [main] Started LoginWebAppApplicationTests in 4.078 seconds (JVM running for 5.156)
2019-04-17 13:15:34,678 INFO org.springframework.test.context.support.AbstractTestContextBootstrapper [main] Neither @ContextConfiguration nor @ContextHierarchy found for test class [gr.uaegean.loginWebApp.integration.TestSessisonManagerConnection], using SpringBootContextLoader
2019-04-17 13:15:34,679 INFO org.springframework.test.context.support.AbstractContextLoader [main] Could not detect default resource locations for test class [gr.uaegean.loginWebApp.integration.TestSessisonManagerConnection]: no resource found for suffixes {-context.xml, Context.groovy}.
2019-04-17 13:15:34,691 INFO org.springframework.test.context.support.AbstractTestContextBootstrapper [main] Loaded default TestExecutionListener class names from location [META-INF/spring.factories]: [org.springframework.boot.test.mock.mockito.MockitoTestExecutionListener, org.springframework.boot.test.mock.mockito.ResetMocksTestExecutionListener, org.springframework.boot.test.autoconfigure.restdocs.RestDocsTestExecutionListener, org.springframework.boot.test.autoconfigure.web.client.MockRestServiceServerResetTestExecutionListener, org.springframework.boot.test.autoconfigure.web.servlet.MockMvcPrintOnlyOnFailureTestExecutionListener, org.springframework.boot.test.autoconfigure.web.servlet.WebDriverTestExecutionListener, org.springframework.test.context.web.ServletTestExecutionListener, org.springframework.test.context.support.DirtiesContextBeforeModesTestExecutionListener, org.springframework.test.context.support.DependencyInjectionTestExecutionListener, org.springframework.test.context.support.DirtiesContextTestExecutionListener, org.springframework.test.context.transaction.TransactionalTestExecutionListener, org.springframework.test.context.jdbc.SqlScriptsTestExecutionListener]
2019-04-17 13:15:34,692 INFO org.springframework.test.context.support.AbstractTestContextBootstrapper [main] Using TestExecutionListeners: [org.springframework.test.context.web.ServletTestExecutionListener@7afc4db9, org.springframework.test.context.support.DirtiesContextBeforeModesTestExecutionListener@1a1f5f71, org.springframework.boot.test.mock.mockito.MockitoTestExecutionListener@63884e4, org.springframework.boot.test.autoconfigure.SpringBootDependencyInjectionTestExecutionListener@524270b8, org.springframework.test.context.support.DirtiesContextTestExecutionListener@4acb7ecc, org.springframework.boot.test.mock.mockito.ResetMocksTestExecutionListener@2a4f5433, org.springframework.boot.test.autoconfigure.restdocs.RestDocsTestExecutionListener@6812fa3a, org.springframework.boot.test.autoconfigure.web.client.MockRestServiceServerResetTestExecutionListener@29149030, org.springframework.boot.test.autoconfigure.web.servlet.MockMvcPrintOnlyOnFailureTestExecutionListener@38b8b6c0, org.springframework.boot.test.autoconfigure.web.servlet.WebDriverTestExecutionListener@68868328]
2019-04-17 13:15:34,759 INFO org.springframework.boot.StartupInfoLogger [main] Starting TestSessisonManagerConnection on nikos-Lenovo-V310-15IKB with PID 14149 (started by nikos in /home/nikos/NetBeansProjects/esmo.gr.idp)
2019-04-17 13:15:34,761 INFO org.springframework.boot.SpringApplication [main] The following profiles are active: test
2019-04-17 13:15:35,365 INFO org.springframework.beans.factory.annotation.AutowiredAnnotationBeanPostProcessor [main] Autowired annotation is not supported on static fields: private static final org.slf4j.Logger gr.uagean.loginWebApp.controllers.NOControllers.LOG
2019-04-17 13:15:35,370 INFO com.google.code.ssm.config.DefaultAddressProvider [main] Defined values 172.17.0.1:11211 will be used as memcached addresses
2019-04-17 13:15:35,387 INFO org.springframework.beans.factory.annotation.AutowiredAnnotationBeanPostProcessor [main] Autowired annotation is not supported on static fields: private static final org.slf4j.Logger gr.uagean.loginWebApp.controllers.RestControllers.LOG
2019-04-17 13:15:35,636 INFO org.springframework.scheduling.concurrent.ExecutorConfigurationSupport [main] Initializing ExecutorService 'applicationTaskExecutor'
2019-04-17 13:15:35,839 INFO org.springframework.mock.web.MockServletContext [main] Initializing Spring TestDispatcherServlet ''
2019-04-17 13:15:35,839 INFO org.springframework.web.servlet.FrameworkServlet [main] Initializing Servlet ''
2019-04-17 13:15:35,873 INFO org.springframework.web.servlet.FrameworkServlet [main] Completed initialization in 33 ms
2019-04-17 13:15:35,890 INFO org.springframework.boot.StartupInfoLogger [main] Started TestSessisonManagerConnection in 1.194 seconds (JVM running for 6.41)
2019-04-17 13:15:38,061 INFO org.springframework.scheduling.concurrent.ExecutorConfigurationSupport [Thread-3] Shutting down ExecutorService 'applicationTaskExecutor'
2019-04-17 13:15:38,064 INFO org.springframework.scheduling.concurrent.ExecutorConfigurationSupport [Thread-7] Shutting down ExecutorService 'applicationTaskExecutor'
2019-04-17 21:08:15,227 INFO org.springframework.boot.StartupInfoLogger [main] Starting LoginWebAppApplicationTests on nikos-Lenovo-V310-15IKB with PID 6322 (started by nikos in /home/nikos/NetBeansProjects/esmo.gr.idp)
2019-04-17 21:08:15,229 INFO org.springframework.boot.SpringApplication [main] The following profiles are active: test
2019-04-17 21:08:17,418 INFO org.springframework.beans.factory.annotation.AutowiredAnnotationBeanPostProcessor [main] Autowired annotation is not supported on static fields: private static final org.slf4j.Logger gr.uagean.loginWebApp.controllers.NOControllers.LOG
2019-04-17 21:08:17,440 INFO com.google.code.ssm.config.DefaultAddressProvider [main] Defined values 172.17.0.1:11211 will be used as memcached addresses
2019-04-17 21:08:17,525 INFO org.springframework.beans.factory.annotation.AutowiredAnnotationBeanPostProcessor [main] Autowired annotation is not supported on static fields: private static final org.slf4j.Logger gr.uagean.loginWebApp.controllers.RestControllers.LOG
2019-04-17 21:08:18,205 INFO org.springframework.scheduling.concurrent.ExecutorConfigurationSupport [main] Initializing ExecutorService 'applicationTaskExecutor'
2019-04-17 21:08:18,665 INFO org.springframework.boot.StartupInfoLogger [main] Started LoginWebAppApplicationTests in 3.968 seconds (JVM running for 4.993)
2019-04-17 21:08:18,703 INFO org.springframework.test.context.support.AbstractTestContextBootstrapper [main] Neither @ContextConfiguration nor @ContextHierarchy found for test class [gr.uaegean.loginWebApp.integration.TestSessisonManagerConnection], using SpringBootContextLoader
2019-04-17 21:08:18,705 INFO org.springframework.test.context.support.AbstractContextLoader [main] Could not detect default resource locations for test class [gr.uaegean.loginWebApp.integration.TestSessisonManagerConnection]: no resource found for suffixes {-context.xml, Context.groovy}.
2019-04-17 21:08:18,718 INFO org.springframework.test.context.support.AbstractTestContextBootstrapper [main] Loaded default TestExecutionListener class names from location [META-INF/spring.factories]: [org.springframework.boot.test.mock.mockito.MockitoTestExecutionListener, org.springframework.boot.test.mock.mockito.ResetMocksTestExecutionListener, org.springframework.boot.test.autoconfigure.restdocs.RestDocsTestExecutionListener, org.springframework.boot.test.autoconfigure.web.client.MockRestServiceServerResetTestExecutionListener, org.springframework.boot.test.autoconfigure.web.servlet.MockMvcPrintOnlyOnFailureTestExecutionListener, org.springframework.boot.test.autoconfigure.web.servlet.WebDriverTestExecutionListener, org.springframework.test.context.web.ServletTestExecutionListener, org.springframework.test.context.support.DirtiesContextBeforeModesTestExecutionListener, org.springframework.test.context.support.DependencyInjectionTestExecutionListener, org.springframework.test.context.support.DirtiesContextTestExecutionListener, org.springframework.test.context.transaction.TransactionalTestExecutionListener, org.springframework.test.context.jdbc.SqlScriptsTestExecutionListener]
2019-04-17 21:08:18,720 INFO org.springframework.test.context.support.AbstractTestContextBootstrapper [main] Using TestExecutionListeners: [org.springframework.test.context.web.ServletTestExecutionListener@63884e4, org.springframework.test.context.support.DirtiesContextBeforeModesTestExecutionListener@524270b8, org.springframework.boot.test.mock.mockito.MockitoTestExecutionListener@4acb7ecc, org.springframework.boot.test.autoconfigure.SpringBootDependencyInjectionTestExecutionListener@2a4f5433, org.springframework.test.context.support.DirtiesContextTestExecutionListener@6812fa3a, org.springframework.boot.test.mock.mockito.ResetMocksTestExecutionListener@29149030, org.springframework.boot.test.autoconfigure.restdocs.RestDocsTestExecutionListener@38b8b6c0, org.springframework.boot.test.autoconfigure.web.client.MockRestServiceServerResetTestExecutionListener@68868328, org.springframework.boot.test.autoconfigure.web.servlet.MockMvcPrintOnlyOnFailureTestExecutionListener@173a6728, org.springframework.boot.test.autoconfigure.web.servlet.WebDriverTestExecutionListener@1a22e0ef]
2019-04-17 21:08:18,763 INFO org.springframework.boot.StartupInfoLogger [main] Starting TestSessisonManagerConnection on nikos-Lenovo-V310-15IKB with PID 6322 (started by nikos in /home/nikos/NetBeansProjects/esmo.gr.idp)
2019-04-17 21:08:18,764 INFO org.springframework.boot.SpringApplication [main] The following profiles are active: test
2019-04-17 21:08:19,208 INFO org.springframework.beans.factory.annotation.AutowiredAnnotationBeanPostProcessor [main] Autowired annotation is not supported on static fields: private static final org.slf4j.Logger gr.uagean.loginWebApp.controllers.NOControllers.LOG
2019-04-17 21:08:19,213 INFO com.google.code.ssm.config.DefaultAddressProvider [main] Defined values 172.17.0.1:11211 will be used as memcached addresses
2019-04-17 21:08:19,230 INFO org.springframework.beans.factory.annotation.AutowiredAnnotationBeanPostProcessor [main] Autowired annotation is not supported on static fields: private static final org.slf4j.Logger gr.uagean.loginWebApp.controllers.RestControllers.LOG
2019-04-17 21:08:19,580 INFO org.springframework.scheduling.concurrent.ExecutorConfigurationSupport [main] Initializing ExecutorService 'applicationTaskExecutor'
2019-04-17 21:08:19,824 INFO org.springframework.mock.web.MockServletContext [main] Initializing Spring TestDispatcherServlet ''
2019-04-17 21:08:19,825 INFO org.springframework.web.servlet.FrameworkServlet [main] Initializing Servlet ''
2019-04-17 21:08:19,838 INFO org.springframework.web.servlet.FrameworkServlet [main] Completed initialization in 12 ms
2019-04-17 21:08:19,856 INFO org.springframework.boot.StartupInfoLogger [main] Started TestSessisonManagerConnection in 1.134 seconds (JVM running for 6.184)
2019-04-17 21:08:23,344 INFO org.springframework.scheduling.concurrent.ExecutorConfigurationSupport [Thread-3] Shutting down ExecutorService 'applicationTaskExecutor'
2019-04-17 21:08:23,349 INFO org.springframework.scheduling.concurrent.ExecutorConfigurationSupport [Thread-7] Shutting down ExecutorService 'applicationTaskExecutor'
