2019-06-15 10:23:46,117 INFO org.springframework.boot.StartupInfoLogger [main] Starting LoginWebAppApplicationTests on nikos-Lenovo-V310-15IKB with PID 5588 (started by nikos in /home/nikos/NetBeansProjects/esmo.gr.idp)
2019-06-15 10:23:46,120 INFO org.springframework.boot.SpringApplication [main] The following profiles are active: test
2019-06-15 10:23:48,067 INFO org.springframework.beans.factory.annotation.AutowiredAnnotationBeanPostProcessor [main] Autowired annotation is not supported on static fields: private static final org.slf4j.Logger gr.uagean.loginWebApp.controllers.GRControllers.LOG
2019-06-15 10:23:48,089 INFO com.google.code.ssm.config.DefaultAddressProvider [main] Defined values 172.17.0.1:11211 will be used as memcached addresses
2019-06-15 10:23:48,170 INFO org.springframework.beans.factory.annotation.AutowiredAnnotationBeanPostProcessor [main] Autowired annotation is not supported on static fields: private static final org.slf4j.Logger gr.uagean.loginWebApp.controllers.NOControllers.LOG
2019-06-15 10:23:48,185 INFO org.springframework.beans.factory.annotation.AutowiredAnnotationBeanPostProcessor [main] Autowired annotation is not supported on static fields: private static final org.slf4j.Logger gr.uagean.loginWebApp.controllers.NOControllersProd.LOG
2019-06-15 10:23:48,202 INFO org.springframework.beans.factory.annotation.AutowiredAnnotationBeanPostProcessor [main] Autowired annotation is not supported on static fields: private static final org.slf4j.Logger gr.uagean.loginWebApp.controllers.RestControllers.Log
2019-06-15 10:23:48,851 INFO org.springframework.scheduling.concurrent.ExecutorConfigurationSupport [main] Initializing ExecutorService 'applicationTaskExecutor'
2019-06-15 10:23:49,394 INFO org.springframework.boot.StartupInfoLogger [main] Started LoginWebAppApplicationTests in 3.808 seconds (JVM running for 5.228)
2019-06-15 10:23:49,432 INFO org.springframework.test.context.support.AbstractTestContextBootstrapper [main] Neither @ContextConfiguration nor @ContextHierarchy found for test class [gr.uaegean.loginWebApp.integration.TestSessisonManagerConnection], using SpringBootContextLoader
2019-06-15 10:23:49,433 INFO org.springframework.test.context.support.AbstractContextLoader [main] Could not detect default resource locations for test class [gr.uaegean.loginWebApp.integration.TestSessisonManagerConnection]: no resource found for suffixes {-context.xml, Context.groovy}.
2019-06-15 10:23:49,445 INFO org.springframework.test.context.support.AbstractTestContextBootstrapper [main] Loaded default TestExecutionListener class names from location [META-INF/spring.factories]: [org.springframework.boot.test.mock.mockito.MockitoTestExecutionListener, org.springframework.boot.test.mock.mockito.ResetMocksTestExecutionListener, org.springframework.boot.test.autoconfigure.restdocs.RestDocsTestExecutionListener, org.springframework.boot.test.autoconfigure.web.client.MockRestServiceServerResetTestExecutionListener, org.springframework.boot.test.autoconfigure.web.servlet.MockMvcPrintOnlyOnFailureTestExecutionListener, org.springframework.boot.test.autoconfigure.web.servlet.WebDriverTestExecutionListener, org.springframework.test.context.web.ServletTestExecutionListener, org.springframework.test.context.support.DirtiesContextBeforeModesTestExecutionListener, org.springframework.test.context.support.DependencyInjectionTestExecutionListener, org.springframework.test.context.support.DirtiesContextTestExecutionListener, org.springframework.test.context.transaction.TransactionalTestExecutionListener, org.springframework.test.context.jdbc.SqlScriptsTestExecutionListener]
2019-06-15 10:23:49,447 INFO org.springframework.test.context.support.AbstractTestContextBootstrapper [main] Using TestExecutionListeners: [org.springframework.test.context.web.ServletTestExecutionListener@3166f664, org.springframework.test.context.support.DirtiesContextBeforeModesTestExecutionListener@47ac613b, org.springframework.boot.test.mock.mockito.MockitoTestExecutionListener@60d6fdd4, org.springframework.boot.test.autoconfigure.SpringBootDependencyInjectionTestExecutionListener@66f28a1f, org.springframework.test.context.support.DirtiesContextTestExecutionListener@60a19573, org.springframework.boot.test.mock.mockito.ResetMocksTestExecutionListener@44a085e5, org.springframework.boot.test.autoconfigure.restdocs.RestDocsTestExecutionListener@134ff8f8, org.springframework.boot.test.autoconfigure.web.client.MockRestServiceServerResetTestExecutionListener@619f2afc, org.springframework.boot.test.autoconfigure.web.servlet.MockMvcPrintOnlyOnFailureTestExecutionListener@df921b1, org.springframework.boot.test.autoconfigure.web.servlet.WebDriverTestExecutionListener@4db60246]
2019-06-15 10:23:49,494 INFO org.springframework.boot.StartupInfoLogger [main] Starting TestSessisonManagerConnection on nikos-Lenovo-V310-15IKB with PID 5588 (started by nikos in /home/nikos/NetBeansProjects/esmo.gr.idp)
2019-06-15 10:23:49,495 INFO org.springframework.boot.SpringApplication [main] The following profiles are active: test
2019-06-15 10:23:50,245 INFO org.springframework.beans.factory.annotation.AutowiredAnnotationBeanPostProcessor [main] Autowired annotation is not supported on static fields: private static final org.slf4j.Logger gr.uagean.loginWebApp.controllers.GRControllers.LOG
2019-06-15 10:23:50,260 INFO com.google.code.ssm.config.DefaultAddressProvider [main] Defined values 172.17.0.1:11211 will be used as memcached addresses
2019-06-15 10:23:50,301 INFO org.springframework.beans.factory.annotation.AutowiredAnnotationBeanPostProcessor [main] Autowired annotation is not supported on static fields: private static final org.slf4j.Logger gr.uagean.loginWebApp.controllers.NOControllers.LOG
2019-06-15 10:23:50,319 INFO org.springframework.beans.factory.annotation.AutowiredAnnotationBeanPostProcessor [main] Autowired annotation is not supported on static fields: private static final org.slf4j.Logger gr.uagean.loginWebApp.controllers.NOControllersProd.LOG
2019-06-15 10:23:50,346 INFO org.springframework.beans.factory.annotation.AutowiredAnnotationBeanPostProcessor [main] Autowired annotation is not supported on static fields: private static final org.slf4j.Logger gr.uagean.loginWebApp.controllers.RestControllers.Log
2019-06-15 10:23:50,977 INFO org.springframework.scheduling.concurrent.ExecutorConfigurationSupport [main] Initializing ExecutorService 'applicationTaskExecutor'
2019-06-15 10:23:51,234 INFO org.springframework.mock.web.MockServletContext [main] Initializing Spring TestDispatcherServlet ''
2019-06-15 10:23:51,234 INFO org.springframework.web.servlet.FrameworkServlet [main] Initializing Servlet ''
2019-06-15 10:23:51,249 INFO org.springframework.web.servlet.FrameworkServlet [main] Completed initialization in 14 ms
2019-06-15 10:23:51,288 INFO org.springframework.boot.StartupInfoLogger [main] Started TestSessisonManagerConnection in 1.838 seconds (JVM running for 7.123)
2019-06-15 10:23:53,168 INFO gr.uagean.loginWebApp.utils.NoResponseParser [main] Response from Norway:: {
    "sub": "f9093e31-8592-4ebf-9925-7090579f79a0",
    "connect-userid_sec": [
        "eidas:SE/NO/199008199391"
    ],
    "dataporten-userid_sec": [
        "eidas:$Mohamed$Al Samed$1990-08-19$SE/NO/199008199391"
    ],
    "name": "Mohamed Al Samed",
    "picture": "https://api.dataporten-test.uninett.no/userinfo/v1/user/media/p:3cfe174c-b7b3-45e8-aea4-782a87aa492e"
}
2019-06-15 10:23:53,194 INFO org.springframework.scheduling.concurrent.ExecutorConfigurationSupport [Thread-7] Shutting down ExecutorService 'applicationTaskExecutor'
2019-06-15 10:23:53,197 INFO org.springframework.scheduling.concurrent.ExecutorConfigurationSupport [Thread-3] Shutting down ExecutorService 'applicationTaskExecutor'
2019-06-15 10:24:09,620 INFO org.springframework.boot.StartupInfoLogger [main] Starting LoginWebAppApplicationTests on nikos-Lenovo-V310-15IKB with PID 5695 (started by nikos in /home/nikos/NetBeansProjects/esmo.gr.idp)
2019-06-15 10:24:09,621 INFO org.springframework.boot.SpringApplication [main] The following profiles are active: test
2019-06-15 10:24:11,711 INFO org.springframework.beans.factory.annotation.AutowiredAnnotationBeanPostProcessor [main] Autowired annotation is not supported on static fields: private static final org.slf4j.Logger gr.uagean.loginWebApp.controllers.GRControllers.LOG
2019-06-15 10:24:11,729 INFO com.google.code.ssm.config.DefaultAddressProvider [main] Defined values 172.17.0.1:11211 will be used as memcached addresses
2019-06-15 10:24:11,800 INFO org.springframework.beans.factory.annotation.AutowiredAnnotationBeanPostProcessor [main] Autowired annotation is not supported on static fields: private static final org.slf4j.Logger gr.uagean.loginWebApp.controllers.NOControllers.LOG
2019-06-15 10:24:11,824 INFO org.springframework.beans.factory.annotation.AutowiredAnnotationBeanPostProcessor [main] Autowired annotation is not supported on static fields: private static final org.slf4j.Logger gr.uagean.loginWebApp.controllers.NOControllersProd.LOG
2019-06-15 10:24:11,844 INFO org.springframework.beans.factory.annotation.AutowiredAnnotationBeanPostProcessor [main] Autowired annotation is not supported on static fields: private static final org.slf4j.Logger gr.uagean.loginWebApp.controllers.RestControllers.Log
2019-06-15 10:24:12,485 INFO org.springframework.scheduling.concurrent.ExecutorConfigurationSupport [main] Initializing ExecutorService 'applicationTaskExecutor'
2019-06-15 10:24:12,873 INFO org.springframework.boot.StartupInfoLogger [main] Started LoginWebAppApplicationTests in 3.772 seconds (JVM running for 5.029)
2019-06-15 10:24:12,908 INFO org.springframework.test.context.support.AbstractTestContextBootstrapper [main] Neither @ContextConfiguration nor @ContextHierarchy found for test class [gr.uaegean.loginWebApp.integration.TestSessisonManagerConnection], using SpringBootContextLoader
2019-06-15 10:24:12,909 INFO org.springframework.test.context.support.AbstractContextLoader [main] Could not detect default resource locations for test class [gr.uaegean.loginWebApp.integration.TestSessisonManagerConnection]: no resource found for suffixes {-context.xml, Context.groovy}.
2019-06-15 10:24:12,922 INFO org.springframework.test.context.support.AbstractTestContextBootstrapper [main] Loaded default TestExecutionListener class names from location [META-INF/spring.factories]: [org.springframework.boot.test.mock.mockito.MockitoTestExecutionListener, org.springframework.boot.test.mock.mockito.ResetMocksTestExecutionListener, org.springframework.boot.test.autoconfigure.restdocs.RestDocsTestExecutionListener, org.springframework.boot.test.autoconfigure.web.client.MockRestServiceServerResetTestExecutionListener, org.springframework.boot.test.autoconfigure.web.servlet.MockMvcPrintOnlyOnFailureTestExecutionListener, org.springframework.boot.test.autoconfigure.web.servlet.WebDriverTestExecutionListener, org.springframework.test.context.web.ServletTestExecutionListener, org.springframework.test.context.support.DirtiesContextBeforeModesTestExecutionListener, org.springframework.test.context.support.DependencyInjectionTestExecutionListener, org.springframework.test.context.support.DirtiesContextTestExecutionListener, org.springframework.test.context.transaction.TransactionalTestExecutionListener, org.springframework.test.context.jdbc.SqlScriptsTestExecutionListener]
2019-06-15 10:24:12,925 INFO org.springframework.test.context.support.AbstractTestContextBootstrapper [main] Using TestExecutionListeners: [org.springframework.test.context.web.ServletTestExecutionListener@526a9908, org.springframework.test.context.support.DirtiesContextBeforeModesTestExecutionListener@3166f664, org.springframework.boot.test.mock.mockito.MockitoTestExecutionListener@47ac613b, org.springframework.boot.test.autoconfigure.SpringBootDependencyInjectionTestExecutionListener@60d6fdd4, org.springframework.test.context.support.DirtiesContextTestExecutionListener@66f28a1f, org.springframework.boot.test.mock.mockito.ResetMocksTestExecutionListener@60a19573, org.springframework.boot.test.autoconfigure.restdocs.RestDocsTestExecutionListener@44a085e5, org.springframework.boot.test.autoconfigure.web.client.MockRestServiceServerResetTestExecutionListener@134ff8f8, org.springframework.boot.test.autoconfigure.web.servlet.MockMvcPrintOnlyOnFailureTestExecutionListener@619f2afc, org.springframework.boot.test.autoconfigure.web.servlet.WebDriverTestExecutionListener@df921b1]
2019-06-15 10:24:12,950 INFO org.springframework.boot.StartupInfoLogger [main] Starting TestSessisonManagerConnection on nikos-Lenovo-V310-15IKB with PID 5695 (started by nikos in /home/nikos/NetBeansProjects/esmo.gr.idp)
2019-06-15 10:24:12,951 INFO org.springframework.boot.SpringApplication [main] The following profiles are active: test
2019-06-15 10:24:13,262 INFO org.springframework.beans.factory.annotation.AutowiredAnnotationBeanPostProcessor [main] Autowired annotation is not supported on static fields: private static final org.slf4j.Logger gr.uagean.loginWebApp.controllers.GRControllers.LOG
2019-06-15 10:24:13,268 INFO com.google.code.ssm.config.DefaultAddressProvider [main] Defined values 172.17.0.1:11211 will be used as memcached addresses
2019-06-15 10:24:13,292 INFO org.springframework.beans.factory.annotation.AutowiredAnnotationBeanPostProcessor [main] Autowired annotation is not supported on static fields: private static final org.slf4j.Logger gr.uagean.loginWebApp.controllers.NOControllers.LOG
2019-06-15 10:24:13,303 INFO org.springframework.beans.factory.annotation.AutowiredAnnotationBeanPostProcessor [main] Autowired annotation is not supported on static fields: private static final org.slf4j.Logger gr.uagean.loginWebApp.controllers.NOControllersProd.LOG
2019-06-15 10:24:13,318 INFO org.springframework.beans.factory.annotation.AutowiredAnnotationBeanPostProcessor [main] Autowired annotation is not supported on static fields: private static final org.slf4j.Logger gr.uagean.loginWebApp.controllers.RestControllers.Log
2019-06-15 10:24:13,640 INFO org.springframework.scheduling.concurrent.ExecutorConfigurationSupport [main] Initializing ExecutorService 'applicationTaskExecutor'
2019-06-15 10:24:13,857 INFO org.springframework.mock.web.MockServletContext [main] Initializing Spring TestDispatcherServlet ''
2019-06-15 10:24:13,857 INFO org.springframework.web.servlet.FrameworkServlet [main] Initializing Servlet ''
2019-06-15 10:24:13,874 INFO org.springframework.web.servlet.FrameworkServlet [main] Completed initialization in 16 ms
2019-06-15 10:24:13,909 INFO org.springframework.boot.StartupInfoLogger [main] Started TestSessisonManagerConnection in 0.981 seconds (JVM running for 6.066)
2019-06-15 10:24:15,729 INFO gr.uagean.loginWebApp.utils.NoResponseParser [main] Response from Norway:: {
    "sub": "f9093e31-8592-4ebf-9925-7090579f79a0",
    "connect-userid_sec": [
        "eidas:SE/NO/199008199391"
    ],
    "dataporten-userid_sec": [
        "eidas:$Mohamed$Al Samed$1990-08-19$SE/NO/199008199391"
    ],
    "name": "Mohamed Al Samed",
    "picture": "https://api.dataporten-test.uninett.no/userinfo/v1/user/media/p:3cfe174c-b7b3-45e8-aea4-782a87aa492e"
}
2019-06-15 10:24:15,750 INFO org.springframework.scheduling.concurrent.ExecutorConfigurationSupport [Thread-3] Shutting down ExecutorService 'applicationTaskExecutor'
2019-06-15 10:24:15,753 INFO org.springframework.scheduling.concurrent.ExecutorConfigurationSupport [Thread-7] Shutting down ExecutorService 'applicationTaskExecutor'
